
*** Running vivado
    with args -log cube_rendering_system_rst_ps7_0_100M_0.vds -m64 -product Vivado -mode batch -messageDb vivado.pb -notrace -source cube_rendering_system_rst_ps7_0_100M_0.tcl


****** Vivado v2016.3 (64-bit)
  **** SW Build 1682563 on Mon Oct 10 19:07:27 MDT 2016
  **** IP Build 1681267 on Mon Oct 10 21:28:31 MDT 2016
    ** Copyright 1986-2016 Xilinx, Inc. All Rights Reserved.

source cube_rendering_system_rst_ps7_0_100M_0.tcl -notrace
Starting RTL Elaboration : Time (s): cpu = 00:00:07 ; elapsed = 00:00:13 . Memory (MB): peak = 293.293 ; gain = 83.273
INFO: [Synth 8-638] synthesizing module 'cube_rendering_system_rst_ps7_0_100M_0' [d:/Git/cuhk-ceng3430/Project/ceng3430_proj_renderer3d/ceng3430_proj_renderer3d.srcs/sources_1/bd/cube_rendering_system/ip/cube_rendering_system_rst_ps7_0_100M_0/synth/cube_rendering_system_rst_ps7_0_100M_0.vhd:71]
INFO: [Synth 8-638] synthesizing module 'proc_sys_reset' [d:/Git/cuhk-ceng3430/Project/ceng3430_proj_renderer3d/ceng3430_proj_renderer3d.srcs/sources_1/bd/cube_rendering_system/ipshared/04b4/hdl/proc_sys_reset_v5_0_vh_rfs.vhd:1323]
INFO: [Synth 8-638] synthesizing module 'lpf' [d:/Git/cuhk-ceng3430/Project/ceng3430_proj_renderer3d/ceng3430_proj_renderer3d.srcs/sources_1/bd/cube_rendering_system/ipshared/04b4/hdl/proc_sys_reset_v5_0_vh_rfs.vhd:816]
INFO: [Synth 8-638] synthesizing module 'SRL16' [D:/Xilinx/Vivado/2016.3/scripts/rt/data/unisim_comp.v:43312]
INFO: [Synth 8-256] done synthesizing module 'SRL16' (1#1) [D:/Xilinx/Vivado/2016.3/scripts/rt/data/unisim_comp.v:43312]
INFO: [Synth 8-638] synthesizing module 'cdc_sync' [d:/Git/cuhk-ceng3430/Project/ceng3430_proj_renderer3d/ceng3430_proj_renderer3d.srcs/sources_1/bd/cube_rendering_system/ipshared/52cb/hdl/lib_cdc_v1_0_rfs.vhd:106]
INFO: [Synth 8-256] done synthesizing module 'cdc_sync' (2#1) [d:/Git/cuhk-ceng3430/Project/ceng3430_proj_renderer3d/ceng3430_proj_renderer3d.srcs/sources_1/bd/cube_rendering_system/ipshared/52cb/hdl/lib_cdc_v1_0_rfs.vhd:106]
INFO: [Synth 8-256] done synthesizing module 'lpf' (3#1) [d:/Git/cuhk-ceng3430/Project/ceng3430_proj_renderer3d/ceng3430_proj_renderer3d.srcs/sources_1/bd/cube_rendering_system/ipshared/04b4/hdl/proc_sys_reset_v5_0_vh_rfs.vhd:816]
INFO: [Synth 8-638] synthesizing module 'sequence_psr' [d:/Git/cuhk-ceng3430/Project/ceng3430_proj_renderer3d/ceng3430_proj_renderer3d.srcs/sources_1/bd/cube_rendering_system/ipshared/04b4/hdl/proc_sys_reset_v5_0_vh_rfs.vhd:301]
INFO: [Synth 8-638] synthesizing module 'upcnt_n' [d:/Git/cuhk-ceng3430/Project/ceng3430_proj_renderer3d/ceng3430_proj_renderer3d.srcs/sources_1/bd/cube_rendering_system/ipshared/04b4/hdl/proc_sys_reset_v5_0_vh_rfs.vhd:125]
INFO: [Synth 8-256] done synthesizing module 'upcnt_n' (4#1) [d:/Git/cuhk-ceng3430/Project/ceng3430_proj_renderer3d/ceng3430_proj_renderer3d.srcs/sources_1/bd/cube_rendering_system/ipshared/04b4/hdl/proc_sys_reset_v5_0_vh_rfs.vhd:125]
INFO: [Synth 8-256] done synthesizing module 'sequence_psr' (5#1) [d:/Git/cuhk-ceng3430/Project/ceng3430_proj_renderer3d/ceng3430_proj_renderer3d.srcs/sources_1/bd/cube_rendering_system/ipshared/04b4/hdl/proc_sys_reset_v5_0_vh_rfs.vhd:301]
INFO: [Synth 8-256] done synthesizing module 'proc_sys_reset' (6#1) [d:/Git/cuhk-ceng3430/Project/ceng3430_proj_renderer3d/ceng3430_proj_renderer3d.srcs/sources_1/bd/cube_rendering_system/ipshared/04b4/hdl/proc_sys_reset_v5_0_vh_rfs.vhd:1323]
INFO: [Synth 8-256] done synthesizing module 'cube_rendering_system_rst_ps7_0_100M_0' (7#1) [d:/Git/cuhk-ceng3430/Project/ceng3430_proj_renderer3d/ceng3430_proj_renderer3d.srcs/sources_1/bd/cube_rendering_system/ip/cube_rendering_system_rst_ps7_0_100M_0/synth/cube_rendering_system_rst_ps7_0_100M_0.vhd:71]
Finished RTL Elaboration : Time (s): cpu = 00:00:08 ; elapsed = 00:00:14 . Memory (MB): peak = 330.766 ; gain = 120.746
Finished RTL Optimization Phase 1 : Time (s): cpu = 00:00:09 ; elapsed = 00:00:14 . Memory (MB): peak = 330.766 ; gain = 120.746
INFO: [Device 21-403] Loading part xc7z020clg484-1
Constraint Validation Runtime : Time (s): cpu = 00:00:00 ; elapsed = 00:00:00.031 . Memory (MB): peak = 650.031 ; gain = 0.000
Finished Constraint Validation : Time (s): cpu = 00:00:20 ; elapsed = 00:00:30 . Memory (MB): peak = 650.031 ; gain = 440.012
Finished Loading Part and Timing Information : Time (s): cpu = 00:00:20 ; elapsed = 00:00:30 . Memory (MB): peak = 650.031 ; gain = 440.012
Finished applying 'set_property' XDC Constraints : Time (s): cpu = 00:00:20 ; elapsed = 00:00:30 . Memory (MB): peak = 650.031 ; gain = 440.012
Finished RTL Optimization Phase 2 : Time (s): cpu = 00:00:20 ; elapsed = 00:00:30 . Memory (MB): peak = 650.031 ; gain = 440.012
Finished Cross Boundary and Area Optimization : Time (s): cpu = 00:00:20 ; elapsed = 00:00:31 . Memory (MB): peak = 650.031 ; gain = 440.012
Finished Applying XDC Timing Constraints : Time (s): cpu = 00:00:32 ; elapsed = 00:00:45 . Memory (MB): peak = 650.031 ; gain = 440.012
Finished Timing Optimization : Time (s): cpu = 00:00:32 ; elapsed = 00:00:45 . Memory (MB): peak = 650.031 ; gain = 440.012
Finished Technology Mapping : Time (s): cpu = 00:00:32 ; elapsed = 00:00:46 . Memory (MB): peak = 650.031 ; gain = 440.012
Finished IO Insertion : Time (s): cpu = 00:00:32 ; elapsed = 00:00:46 . Memory (MB): peak = 650.031 ; gain = 440.012
Finished Renaming Generated Instances : Time (s): cpu = 00:00:32 ; elapsed = 00:00:46 . Memory (MB): peak = 650.031 ; gain = 440.012
Finished Rebuilding User Hierarchy : Time (s): cpu = 00:00:32 ; elapsed = 00:00:46 . Memory (MB): peak = 650.031 ; gain = 440.012
Finished Renaming Generated Ports : Time (s): cpu = 00:00:32 ; elapsed = 00:00:46 . Memory (MB): peak = 650.031 ; gain = 440.012
Finished Handling Custom Attributes : Time (s): cpu = 00:00:32 ; elapsed = 00:00:46 . Memory (MB): peak = 650.031 ; gain = 440.012
Finished Renaming Generated Nets : Time (s): cpu = 00:00:32 ; elapsed = 00:00:46 . Memory (MB): peak = 650.031 ; gain = 440.012

Report Cell Usage: 
+------+------+------+
|      |Cell  |Count |
+------+------+------+
|1     |LUT1  |     5|
|2     |LUT2  |     9|
|3     |LUT3  |     1|
|4     |LUT4  |     6|
|5     |LUT5  |     3|
|6     |LUT6  |     1|
|7     |SRL16 |     1|
|8     |FDR   |     8|
|9     |FDRE  |    28|
|10    |FDSE  |     4|
+------+------+------+
Finished Writing Synthesis Report : Time (s): cpu = 00:00:32 ; elapsed = 00:00:46 . Memory (MB): peak = 650.031 ; gain = 440.012
synth_design: Time (s): cpu = 00:00:31 ; elapsed = 00:00:42 . Memory (MB): peak = 650.031 ; gain = 432.844
