Copyright 1986-2016 Xilinx, Inc. All Rights Reserved.
---------------------------------------------------------------------------------------------------------------------------------------------------------------------
| Tool Version : Vivado v.2016.3 (win64) Build 1682563 Mon Oct 10 19:07:27 MDT 2016
| Date         : Thu May 18 12:46:20 2023
| Host         : LAPTOP-UCKDP9IT running 64-bit major release  (build 9200)
| Command      : report_methodology -file cube_renderering_system_wrapper_methodology_drc_routed.rpt -rpx cube_renderering_system_wrapper_methodology_drc_routed.rpx
| Design       : cube_renderering_system_wrapper
| Device       : xc7z020clg484-1
| Speed File   : -1
| Design State : Routed
---------------------------------------------------------------------------------------------------------------------------------------------------------------------

Report Methodology

Table of Contents
-----------------
1. REPORT SUMMARY
2. REPORT DETAILS

1. REPORT SUMMARY
-----------------
            Netlist: netlist
          Floorplan: design_1
      Design limits: <entire design considered>
             Max violations: <unlimited>
             Violations found: 76
+-----------+----------+-------------------------------+------------+
| Rule      | Severity | Description                   | Violations |
+-----------+----------+-------------------------------+------------+
| TIMING-17 | Warning  | Non-clocked sequential cell   | 64         |
| TIMING-18 | Warning  | Missing input or output delay | 12         |
+-----------+----------+-------------------------------+------------+

2. REPORT DETAILS
-----------------
TIMING-17#1 Warning
Non-clocked sequential cell  
The clock pin cube_renderering_system_i/cube_renderer_controller_0/U0/vga_controller_inst/h_count_reg[0]/C is not reached by a timing clock
Related violations: <none>

TIMING-17#2 Warning
Non-clocked sequential cell  
The clock pin cube_renderering_system_i/cube_renderer_controller_0/U0/vga_controller_inst/h_count_reg[10]/C is not reached by a timing clock
Related violations: <none>

TIMING-17#3 Warning
Non-clocked sequential cell  
The clock pin cube_renderering_system_i/cube_renderer_controller_0/U0/vga_controller_inst/h_count_reg[11]/C is not reached by a timing clock
Related violations: <none>

TIMING-17#4 Warning
Non-clocked sequential cell  
The clock pin cube_renderering_system_i/cube_renderer_controller_0/U0/vga_controller_inst/h_count_reg[12]/C is not reached by a timing clock
Related violations: <none>

TIMING-17#5 Warning
Non-clocked sequential cell  
The clock pin cube_renderering_system_i/cube_renderer_controller_0/U0/vga_controller_inst/h_count_reg[13]/C is not reached by a timing clock
Related violations: <none>

TIMING-17#6 Warning
Non-clocked sequential cell  
The clock pin cube_renderering_system_i/cube_renderer_controller_0/U0/vga_controller_inst/h_count_reg[14]/C is not reached by a timing clock
Related violations: <none>

TIMING-17#7 Warning
Non-clocked sequential cell  
The clock pin cube_renderering_system_i/cube_renderer_controller_0/U0/vga_controller_inst/h_count_reg[15]/C is not reached by a timing clock
Related violations: <none>

TIMING-17#8 Warning
Non-clocked sequential cell  
The clock pin cube_renderering_system_i/cube_renderer_controller_0/U0/vga_controller_inst/h_count_reg[16]/C is not reached by a timing clock
Related violations: <none>

TIMING-17#9 Warning
Non-clocked sequential cell  
The clock pin cube_renderering_system_i/cube_renderer_controller_0/U0/vga_controller_inst/h_count_reg[17]/C is not reached by a timing clock
Related violations: <none>

TIMING-17#10 Warning
Non-clocked sequential cell  
The clock pin cube_renderering_system_i/cube_renderer_controller_0/U0/vga_controller_inst/h_count_reg[18]/C is not reached by a timing clock
Related violations: <none>

TIMING-17#11 Warning
Non-clocked sequential cell  
The clock pin cube_renderering_system_i/cube_renderer_controller_0/U0/vga_controller_inst/h_count_reg[19]/C is not reached by a timing clock
Related violations: <none>

TIMING-17#12 Warning
Non-clocked sequential cell  
The clock pin cube_renderering_system_i/cube_renderer_controller_0/U0/vga_controller_inst/h_count_reg[1]/C is not reached by a timing clock
Related violations: <none>

TIMING-17#13 Warning
Non-clocked sequential cell  
The clock pin cube_renderering_system_i/cube_renderer_controller_0/U0/vga_controller_inst/h_count_reg[20]/C is not reached by a timing clock
Related violations: <none>

TIMING-17#14 Warning
Non-clocked sequential cell  
The clock pin cube_renderering_system_i/cube_renderer_controller_0/U0/vga_controller_inst/h_count_reg[21]/C is not reached by a timing clock
Related violations: <none>

TIMING-17#15 Warning
Non-clocked sequential cell  
The clock pin cube_renderering_system_i/cube_renderer_controller_0/U0/vga_controller_inst/h_count_reg[22]/C is not reached by a timing clock
Related violations: <none>

TIMING-17#16 Warning
Non-clocked sequential cell  
The clock pin cube_renderering_system_i/cube_renderer_controller_0/U0/vga_controller_inst/h_count_reg[23]/C is not reached by a timing clock
Related violations: <none>

TIMING-17#17 Warning
Non-clocked sequential cell  
The clock pin cube_renderering_system_i/cube_renderer_controller_0/U0/vga_controller_inst/h_count_reg[24]/C is not reached by a timing clock
Related violations: <none>

TIMING-17#18 Warning
Non-clocked sequential cell  
The clock pin cube_renderering_system_i/cube_renderer_controller_0/U0/vga_controller_inst/h_count_reg[25]/C is not reached by a timing clock
Related violations: <none>

TIMING-17#19 Warning
Non-clocked sequential cell  
The clock pin cube_renderering_system_i/cube_renderer_controller_0/U0/vga_controller_inst/h_count_reg[26]/C is not reached by a timing clock
Related violations: <none>

TIMING-17#20 Warning
Non-clocked sequential cell  
The clock pin cube_renderering_system_i/cube_renderer_controller_0/U0/vga_controller_inst/h_count_reg[27]/C is not reached by a timing clock
Related violations: <none>

TIMING-17#21 Warning
Non-clocked sequential cell  
The clock pin cube_renderering_system_i/cube_renderer_controller_0/U0/vga_controller_inst/h_count_reg[28]/C is not reached by a timing clock
Related violations: <none>

TIMING-17#22 Warning
Non-clocked sequential cell  
The clock pin cube_renderering_system_i/cube_renderer_controller_0/U0/vga_controller_inst/h_count_reg[29]/C is not reached by a timing clock
Related violations: <none>

TIMING-17#23 Warning
Non-clocked sequential cell  
The clock pin cube_renderering_system_i/cube_renderer_controller_0/U0/vga_controller_inst/h_count_reg[2]/C is not reached by a timing clock
Related violations: <none>

TIMING-17#24 Warning
Non-clocked sequential cell  
The clock pin cube_renderering_system_i/cube_renderer_controller_0/U0/vga_controller_inst/h_count_reg[30]/C is not reached by a timing clock
Related violations: <none>

TIMING-17#25 Warning
Non-clocked sequential cell  
The clock pin cube_renderering_system_i/cube_renderer_controller_0/U0/vga_controller_inst/h_count_reg[31]/C is not reached by a timing clock
Related violations: <none>

TIMING-17#26 Warning
Non-clocked sequential cell  
The clock pin cube_renderering_system_i/cube_renderer_controller_0/U0/vga_controller_inst/h_count_reg[3]/C is not reached by a timing clock
Related violations: <none>

TIMING-17#27 Warning
Non-clocked sequential cell  
The clock pin cube_renderering_system_i/cube_renderer_controller_0/U0/vga_controller_inst/h_count_reg[4]/C is not reached by a timing clock
Related violations: <none>

TIMING-17#28 Warning
Non-clocked sequential cell  
The clock pin cube_renderering_system_i/cube_renderer_controller_0/U0/vga_controller_inst/h_count_reg[5]/C is not reached by a timing clock
Related violations: <none>

TIMING-17#29 Warning
Non-clocked sequential cell  
The clock pin cube_renderering_system_i/cube_renderer_controller_0/U0/vga_controller_inst/h_count_reg[6]/C is not reached by a timing clock
Related violations: <none>

TIMING-17#30 Warning
Non-clocked sequential cell  
The clock pin cube_renderering_system_i/cube_renderer_controller_0/U0/vga_controller_inst/h_count_reg[7]/C is not reached by a timing clock
Related violations: <none>

TIMING-17#31 Warning
Non-clocked sequential cell  
The clock pin cube_renderering_system_i/cube_renderer_controller_0/U0/vga_controller_inst/h_count_reg[8]/C is not reached by a timing clock
Related violations: <none>

TIMING-17#32 Warning
Non-clocked sequential cell  
The clock pin cube_renderering_system_i/cube_renderer_controller_0/U0/vga_controller_inst/h_count_reg[9]/C is not reached by a timing clock
Related violations: <none>

TIMING-17#33 Warning
Non-clocked sequential cell  
The clock pin cube_renderering_system_i/cube_renderer_controller_0/U0/vga_controller_inst/v_count_reg[0]/C is not reached by a timing clock
Related violations: <none>

TIMING-17#34 Warning
Non-clocked sequential cell  
The clock pin cube_renderering_system_i/cube_renderer_controller_0/U0/vga_controller_inst/v_count_reg[10]/C is not reached by a timing clock
Related violations: <none>

TIMING-17#35 Warning
Non-clocked sequential cell  
The clock pin cube_renderering_system_i/cube_renderer_controller_0/U0/vga_controller_inst/v_count_reg[11]/C is not reached by a timing clock
Related violations: <none>

TIMING-17#36 Warning
Non-clocked sequential cell  
The clock pin cube_renderering_system_i/cube_renderer_controller_0/U0/vga_controller_inst/v_count_reg[12]/C is not reached by a timing clock
Related violations: <none>

TIMING-17#37 Warning
Non-clocked sequential cell  
The clock pin cube_renderering_system_i/cube_renderer_controller_0/U0/vga_controller_inst/v_count_reg[13]/C is not reached by a timing clock
Related violations: <none>

TIMING-17#38 Warning
Non-clocked sequential cell  
The clock pin cube_renderering_system_i/cube_renderer_controller_0/U0/vga_controller_inst/v_count_reg[14]/C is not reached by a timing clock
Related violations: <none>

TIMING-17#39 Warning
Non-clocked sequential cell  
The clock pin cube_renderering_system_i/cube_renderer_controller_0/U0/vga_controller_inst/v_count_reg[15]/C is not reached by a timing clock
Related violations: <none>

TIMING-17#40 Warning
Non-clocked sequential cell  
The clock pin cube_renderering_system_i/cube_renderer_controller_0/U0/vga_controller_inst/v_count_reg[16]/C is not reached by a timing clock
Related violations: <none>

TIMING-17#41 Warning
Non-clocked sequential cell  
The clock pin cube_renderering_system_i/cube_renderer_controller_0/U0/vga_controller_inst/v_count_reg[17]/C is not reached by a timing clock
Related violations: <none>

TIMING-17#42 Warning
Non-clocked sequential cell  
The clock pin cube_renderering_system_i/cube_renderer_controller_0/U0/vga_controller_inst/v_count_reg[18]/C is not reached by a timing clock
Related violations: <none>

TIMING-17#43 Warning
Non-clocked sequential cell  
The clock pin cube_renderering_system_i/cube_renderer_controller_0/U0/vga_controller_inst/v_count_reg[19]/C is not reached by a timing clock
Related violations: <none>

TIMING-17#44 Warning
Non-clocked sequential cell  
The clock pin cube_renderering_system_i/cube_renderer_controller_0/U0/vga_controller_inst/v_count_reg[1]/C is not reached by a timing clock
Related violations: <none>

TIMING-17#45 Warning
Non-clocked sequential cell  
The clock pin cube_renderering_system_i/cube_renderer_controller_0/U0/vga_controller_inst/v_count_reg[20]/C is not reached by a timing clock
Related violations: <none>

TIMING-17#46 Warning
Non-clocked sequential cell  
The clock pin cube_renderering_system_i/cube_renderer_controller_0/U0/vga_controller_inst/v_count_reg[21]/C is not reached by a timing clock
Related violations: <none>

TIMING-17#47 Warning
Non-clocked sequential cell  
The clock pin cube_renderering_system_i/cube_renderer_controller_0/U0/vga_controller_inst/v_count_reg[22]/C is not reached by a timing clock
Related violations: <none>

TIMING-17#48 Warning
Non-clocked sequential cell  
The clock pin cube_renderering_system_i/cube_renderer_controller_0/U0/vga_controller_inst/v_count_reg[23]/C is not reached by a timing clock
Related violations: <none>

TIMING-17#49 Warning
Non-clocked sequential cell  
The clock pin cube_renderering_system_i/cube_renderer_controller_0/U0/vga_controller_inst/v_count_reg[24]/C is not reached by a timing clock
Related violations: <none>

TIMING-17#50 Warning
Non-clocked sequential cell  
The clock pin cube_renderering_system_i/cube_renderer_controller_0/U0/vga_controller_inst/v_count_reg[25]/C is not reached by a timing clock
Related violations: <none>

TIMING-17#51 Warning
Non-clocked sequential cell  
The clock pin cube_renderering_system_i/cube_renderer_controller_0/U0/vga_controller_inst/v_count_reg[26]/C is not reached by a timing clock
Related violations: <none>

TIMING-17#52 Warning
Non-clocked sequential cell  
The clock pin cube_renderering_system_i/cube_renderer_controller_0/U0/vga_controller_inst/v_count_reg[27]/C is not reached by a timing clock
Related violations: <none>

TIMING-17#53 Warning
Non-clocked sequential cell  
The clock pin cube_renderering_system_i/cube_renderer_controller_0/U0/vga_controller_inst/v_count_reg[28]/C is not reached by a timing clock
Related violations: <none>

TIMING-17#54 Warning
Non-clocked sequential cell  
The clock pin cube_renderering_system_i/cube_renderer_controller_0/U0/vga_controller_inst/v_count_reg[29]/C is not reached by a timing clock
Related violations: <none>

TIMING-17#55 Warning
Non-clocked sequential cell  
The clock pin cube_renderering_system_i/cube_renderer_controller_0/U0/vga_controller_inst/v_count_reg[2]/C is not reached by a timing clock
Related violations: <none>

TIMING-17#56 Warning
Non-clocked sequential cell  
The clock pin cube_renderering_system_i/cube_renderer_controller_0/U0/vga_controller_inst/v_count_reg[30]/C is not reached by a timing clock
Related violations: <none>

TIMING-17#57 Warning
Non-clocked sequential cell  
The clock pin cube_renderering_system_i/cube_renderer_controller_0/U0/vga_controller_inst/v_count_reg[31]/C is not reached by a timing clock
Related violations: <none>

TIMING-17#58 Warning
Non-clocked sequential cell  
The clock pin cube_renderering_system_i/cube_renderer_controller_0/U0/vga_controller_inst/v_count_reg[3]/C is not reached by a timing clock
Related violations: <none>

TIMING-17#59 Warning
Non-clocked sequential cell  
The clock pin cube_renderering_system_i/cube_renderer_controller_0/U0/vga_controller_inst/v_count_reg[4]/C is not reached by a timing clock
Related violations: <none>

TIMING-17#60 Warning
Non-clocked sequential cell  
The clock pin cube_renderering_system_i/cube_renderer_controller_0/U0/vga_controller_inst/v_count_reg[5]/C is not reached by a timing clock
Related violations: <none>

TIMING-17#61 Warning
Non-clocked sequential cell  
The clock pin cube_renderering_system_i/cube_renderer_controller_0/U0/vga_controller_inst/v_count_reg[6]/C is not reached by a timing clock
Related violations: <none>

TIMING-17#62 Warning
Non-clocked sequential cell  
The clock pin cube_renderering_system_i/cube_renderer_controller_0/U0/vga_controller_inst/v_count_reg[7]/C is not reached by a timing clock
Related violations: <none>

TIMING-17#63 Warning
Non-clocked sequential cell  
The clock pin cube_renderering_system_i/cube_renderer_controller_0/U0/vga_controller_inst/v_count_reg[8]/C is not reached by a timing clock
Related violations: <none>

TIMING-17#64 Warning
Non-clocked sequential cell  
The clock pin cube_renderering_system_i/cube_renderer_controller_0/U0/vga_controller_inst/v_count_reg[9]/C is not reached by a timing clock
Related violations: <none>

TIMING-18#1 Warning
Missing input or output delay  
An output delay is missing on VGA_BLUE[0] relative to clock(s) CLK 
Related violations: <none>

TIMING-18#2 Warning
Missing input or output delay  
An output delay is missing on VGA_BLUE[1] relative to clock(s) CLK 
Related violations: <none>

TIMING-18#3 Warning
Missing input or output delay  
An output delay is missing on VGA_BLUE[2] relative to clock(s) CLK 
Related violations: <none>

TIMING-18#4 Warning
Missing input or output delay  
An output delay is missing on VGA_BLUE[3] relative to clock(s) CLK 
Related violations: <none>

TIMING-18#5 Warning
Missing input or output delay  
An output delay is missing on VGA_GREEN[0] relative to clock(s) CLK 
Related violations: <none>

TIMING-18#6 Warning
Missing input or output delay  
An output delay is missing on VGA_GREEN[1] relative to clock(s) CLK 
Related violations: <none>

TIMING-18#7 Warning
Missing input or output delay  
An output delay is missing on VGA_GREEN[2] relative to clock(s) CLK 
Related violations: <none>

TIMING-18#8 Warning
Missing input or output delay  
An output delay is missing on VGA_GREEN[3] relative to clock(s) CLK 
Related violations: <none>

TIMING-18#9 Warning
Missing input or output delay  
An output delay is missing on VGA_RED[0] relative to clock(s) CLK 
Related violations: <none>

TIMING-18#10 Warning
Missing input or output delay  
An output delay is missing on VGA_RED[1] relative to clock(s) CLK 
Related violations: <none>

TIMING-18#11 Warning
Missing input or output delay  
An output delay is missing on VGA_RED[2] relative to clock(s) CLK 
Related violations: <none>

TIMING-18#12 Warning
Missing input or output delay  
An output delay is missing on VGA_RED[3] relative to clock(s) CLK 
Related violations: <none>


