19:41:56 INFO  : Registering command handlers for SDK TCF services
19:41:56 INFO  : Launching XSCT server: xsct.bat -interactive D:\Git\cuhk-ceng3430\Project\PS_only\PS_only.sdk\temp_xsdb_launch_script.tcl
19:41:59 INFO  : XSCT server has started successfully.
19:42:00 INFO  : Successfully done setting XSCT server connection channel  
19:42:00 INFO  : Successfully done setting SDK workspace  
19:42:00 INFO  : Processing command line option -hwspec D:/Git/cuhk-ceng3430/Project/PS_only/PS_only.sdk/design_1_wrapper.hdf.
19:42:54 INFO  : Connected to target on host '127.0.0.1' and port '3121'.
19:42:54 INFO  : 'targets -set -filter {jtag_cable_name =~ "Digilent Zed 210248565423" && level==0} -index 1' command is executed.
19:42:57 INFO  : FPGA configured successfully with bitstream "D:/Git/cuhk-ceng3430/Project/PS_only/PS_only.sdk/design_1_wrapper_hw_platform_0/design_1_wrapper.bit"
19:43:21 INFO  : 'targets -set -filter {jtag_cable_name =~ "Digilent Zed 210248565423" && level==0} -index 1' command is executed.
19:43:21 INFO  : 'fpga -state' command is executed.
19:43:21 INFO  : Connected to target on host '127.0.0.1' and port '3121'.
19:43:21 INFO  : Jtag cable 'Digilent Zed 210248565423' is selected.
19:43:21 INFO  : 'jtag frequency' command is executed.
19:43:21 INFO  : Sourcing of 'D:/Git/cuhk-ceng3430/Project/PS_only/PS_only.sdk/design_1_wrapper_hw_platform_0/ps7_init.tcl' is done.
19:43:21 INFO  : Context for 'APU' is selected.
19:43:21 INFO  : Hardware design information is loaded from 'D:/Git/cuhk-ceng3430/Project/PS_only/PS_only.sdk/design_1_wrapper_hw_platform_0/system.hdf'.
19:43:21 INFO  : Context for 'APU' is selected.
19:43:21 INFO  : 'stop' command is executed.
19:43:22 INFO  : 'ps7_init' command is executed.
19:43:22 INFO  : 'ps7_post_config' command is executed.
19:43:22 INFO  : Context for processor 'ps7_cortexa9_0' is selected.
19:43:22 INFO  : Processor reset is completed for 'ps7_cortexa9_0'.
19:43:22 INFO  : Context for processor 'ps7_cortexa9_0' is selected.
19:43:22 INFO  : The application 'D:/Git/cuhk-ceng3430/Project/PS_only/PS_only.sdk/ps_only/Release/ps_only.elf' is downloaded to processor 'ps7_cortexa9_0'.
19:43:22 INFO  : ----------------XSDB Script----------------
connect -url tcp:127.0.0.1:3121
source D:/Git/cuhk-ceng3430/Project/PS_only/PS_only.sdk/design_1_wrapper_hw_platform_0/ps7_init.tcl
targets -set -nocase -filter {name =~"APU*" && jtag_cable_name =~ "Digilent Zed 210248565423"} -index 0
loadhw D:/Git/cuhk-ceng3430/Project/PS_only/PS_only.sdk/design_1_wrapper_hw_platform_0/system.hdf
targets -set -nocase -filter {name =~"APU*" && jtag_cable_name =~ "Digilent Zed 210248565423"} -index 0
stop
ps7_init
ps7_post_config
targets -set -nocase -filter {name =~ "ARM*#0" && jtag_cable_name =~ "Digilent Zed 210248565423"} -index 0
rst -processor
targets -set -nocase -filter {name =~ "ARM*#0" && jtag_cable_name =~ "Digilent Zed 210248565423"} -index 0
dow D:/Git/cuhk-ceng3430/Project/PS_only/PS_only.sdk/ps_only/Release/ps_only.elf
----------------End of Script----------------

19:43:22 INFO  : Memory regions updated for context APU
19:43:22 INFO  : Context for processor 'ps7_cortexa9_0' is selected.
19:43:22 INFO  : 'con' command is executed.
19:43:22 INFO  : ----------------XSDB Script (After Launch)----------------
targets -set -nocase -filter {name =~ "ARM*#0" && jtag_cable_name =~ "Digilent Zed 210248565423"} -index 0
con
----------------End of Script----------------

19:43:22 INFO  : Launch script is exported to file 'D:\Git\cuhk-ceng3430\Project\PS_only\PS_only.sdk\.sdk\launch_scripts\xilinx_c-c++_application_(system_debugger)\system_debugger_using_release_ps_only.elf_on_local.tcl'
19:45:21 INFO  : Disconnected from the channel tcfchan#1.
19:45:22 INFO  : Connected to target on host '127.0.0.1' and port '3121'.
19:45:22 INFO  : Jtag cable 'Digilent Zed 210248565423' is selected.
19:45:22 INFO  : 'jtag frequency' command is executed.
19:45:22 INFO  : Sourcing of 'D:/Git/cuhk-ceng3430/Project/PS_only/PS_only.sdk/design_1_wrapper_hw_platform_0/ps7_init.tcl' is done.
19:45:22 INFO  : Context for 'APU' is selected.
19:45:22 INFO  : System reset is completed.
19:45:25 INFO  : 'after 3000' command is executed.
19:45:25 INFO  : 'targets -set -filter {jtag_cable_name =~ "Digilent Zed 210248565423" && level==0} -index 1' command is executed.
19:45:27 INFO  : FPGA configured successfully with bitstream "D:/Git/cuhk-ceng3430/Project/PS_only/PS_only.sdk/design_1_wrapper_hw_platform_0/design_1_wrapper.bit"
19:45:27 INFO  : Context for 'APU' is selected.
19:45:30 INFO  : Hardware design information is loaded from 'D:/Git/cuhk-ceng3430/Project/PS_only/PS_only.sdk/design_1_wrapper_hw_platform_0/system.hdf'.
19:45:30 INFO  : Context for 'APU' is selected.
19:45:30 INFO  : 'ps7_init' command is executed.
19:45:30 INFO  : 'ps7_post_config' command is executed.
19:45:30 INFO  : Context for processor 'ps7_cortexa9_0' is selected.
19:45:30 INFO  : The application 'D:/Git/cuhk-ceng3430/Project/PS_only/PS_only.sdk/ps_only/Release/ps_only.elf' is downloaded to processor 'ps7_cortexa9_0'.
19:45:30 INFO  : ----------------XSDB Script----------------
connect -url tcp:127.0.0.1:3121
source D:/Git/cuhk-ceng3430/Project/PS_only/PS_only.sdk/design_1_wrapper_hw_platform_0/ps7_init.tcl
targets -set -nocase -filter {name =~"APU*" && jtag_cable_name =~ "Digilent Zed 210248565423"} -index 0
rst -system
after 3000
targets -set -filter {jtag_cable_name =~ "Digilent Zed 210248565423" && level==0} -index 1
fpga -file D:/Git/cuhk-ceng3430/Project/PS_only/PS_only.sdk/design_1_wrapper_hw_platform_0/design_1_wrapper.bit
targets -set -nocase -filter {name =~"APU*" && jtag_cable_name =~ "Digilent Zed 210248565423"} -index 0
loadhw D:/Git/cuhk-ceng3430/Project/PS_only/PS_only.sdk/design_1_wrapper_hw_platform_0/system.hdf
targets -set -nocase -filter {name =~"APU*" && jtag_cable_name =~ "Digilent Zed 210248565423"} -index 0
ps7_init
ps7_post_config
targets -set -nocase -filter {name =~ "ARM*#0" && jtag_cable_name =~ "Digilent Zed 210248565423"} -index 0
dow D:/Git/cuhk-ceng3430/Project/PS_only/PS_only.sdk/ps_only/Release/ps_only.elf
----------------End of Script----------------

19:45:30 INFO  : Memory regions updated for context APU
19:45:30 INFO  : Context for processor 'ps7_cortexa9_0' is selected.
19:45:30 INFO  : 'con' command is executed.
19:45:30 INFO  : ----------------XSDB Script (After Launch)----------------
targets -set -nocase -filter {name =~ "ARM*#0" && jtag_cable_name =~ "Digilent Zed 210248565423"} -index 0
con
----------------End of Script----------------

19:45:30 INFO  : Launch script is exported to file 'D:\Git\cuhk-ceng3430\Project\PS_only\PS_only.sdk\.sdk\launch_scripts\xilinx_c-c++_application_(system_debugger)\system_debugger_using_release_ps_only.elf_on_local.tcl'
19:45:40 INFO  : Disconnected from the channel tcfchan#2.
19:45:41 INFO  : Connected to target on host '127.0.0.1' and port '3121'.
19:45:41 INFO  : Jtag cable 'Digilent Zed 210248565423' is selected.
19:45:41 INFO  : 'jtag frequency' command is executed.
19:45:41 INFO  : Sourcing of 'D:/Git/cuhk-ceng3430/Project/PS_only/PS_only.sdk/design_1_wrapper_hw_platform_0/ps7_init.tcl' is done.
19:45:41 INFO  : Context for 'APU' is selected.
19:45:41 INFO  : System reset is completed.
19:45:44 INFO  : 'after 3000' command is executed.
19:45:44 INFO  : 'targets -set -filter {jtag_cable_name =~ "Digilent Zed 210248565423" && level==0} -index 1' command is executed.
19:45:47 INFO  : FPGA configured successfully with bitstream "D:/Git/cuhk-ceng3430/Project/PS_only/PS_only.sdk/design_1_wrapper_hw_platform_0/design_1_wrapper.bit"
19:45:47 INFO  : Context for 'APU' is selected.
19:45:49 INFO  : Hardware design information is loaded from 'D:/Git/cuhk-ceng3430/Project/PS_only/PS_only.sdk/design_1_wrapper_hw_platform_0/system.hdf'.
19:45:49 INFO  : Context for 'APU' is selected.
19:45:49 INFO  : 'ps7_init' command is executed.
19:45:49 INFO  : 'ps7_post_config' command is executed.
19:45:50 INFO  : Context for processor 'ps7_cortexa9_0' is selected.
19:45:50 INFO  : The application 'D:/Git/cuhk-ceng3430/Project/PS_only/PS_only.sdk/ps_only/Release/ps_only.elf' is downloaded to processor 'ps7_cortexa9_0'.
19:45:50 INFO  : ----------------XSDB Script----------------
connect -url tcp:127.0.0.1:3121
source D:/Git/cuhk-ceng3430/Project/PS_only/PS_only.sdk/design_1_wrapper_hw_platform_0/ps7_init.tcl
targets -set -nocase -filter {name =~"APU*" && jtag_cable_name =~ "Digilent Zed 210248565423"} -index 0
rst -system
after 3000
targets -set -filter {jtag_cable_name =~ "Digilent Zed 210248565423" && level==0} -index 1
fpga -file D:/Git/cuhk-ceng3430/Project/PS_only/PS_only.sdk/design_1_wrapper_hw_platform_0/design_1_wrapper.bit
targets -set -nocase -filter {name =~"APU*" && jtag_cable_name =~ "Digilent Zed 210248565423"} -index 0
loadhw D:/Git/cuhk-ceng3430/Project/PS_only/PS_only.sdk/design_1_wrapper_hw_platform_0/system.hdf
targets -set -nocase -filter {name =~"APU*" && jtag_cable_name =~ "Digilent Zed 210248565423"} -index 0
ps7_init
ps7_post_config
targets -set -nocase -filter {name =~ "ARM*#0" && jtag_cable_name =~ "Digilent Zed 210248565423"} -index 0
dow D:/Git/cuhk-ceng3430/Project/PS_only/PS_only.sdk/ps_only/Release/ps_only.elf
----------------End of Script----------------

19:45:50 INFO  : Memory regions updated for context APU
19:45:50 INFO  : Context for processor 'ps7_cortexa9_0' is selected.
19:45:50 INFO  : 'con' command is executed.
19:45:50 INFO  : ----------------XSDB Script (After Launch)----------------
targets -set -nocase -filter {name =~ "ARM*#0" && jtag_cable_name =~ "Digilent Zed 210248565423"} -index 0
con
----------------End of Script----------------

19:45:50 INFO  : Launch script is exported to file 'D:\Git\cuhk-ceng3430\Project\PS_only\PS_only.sdk\.sdk\launch_scripts\xilinx_c-c++_application_(system_debugger)\system_debugger_using_release_ps_only.elf_on_local.tcl'
19:47:25 INFO  : Disconnected from the channel tcfchan#3.
19:47:26 INFO  : Connected to target on host '127.0.0.1' and port '3121'.
19:47:26 INFO  : Jtag cable 'Digilent Zed 210248565423' is selected.
19:47:26 INFO  : 'jtag frequency' command is executed.
19:47:26 INFO  : Sourcing of 'D:/Git/cuhk-ceng3430/Project/PS_only/PS_only.sdk/design_1_wrapper_hw_platform_0/ps7_init.tcl' is done.
19:47:26 INFO  : Context for 'APU' is selected.
19:47:26 INFO  : System reset is completed.
19:47:29 INFO  : 'after 3000' command is executed.
19:47:29 INFO  : 'targets -set -filter {jtag_cable_name =~ "Digilent Zed 210248565423" && level==0} -index 1' command is executed.
19:47:32 INFO  : FPGA configured successfully with bitstream "D:/Git/cuhk-ceng3430/Project/PS_only/PS_only.sdk/design_1_wrapper_hw_platform_0/design_1_wrapper.bit"
19:47:32 INFO  : Context for 'APU' is selected.
19:47:34 INFO  : Hardware design information is loaded from 'D:/Git/cuhk-ceng3430/Project/PS_only/PS_only.sdk/design_1_wrapper_hw_platform_0/system.hdf'.
19:47:34 INFO  : Context for 'APU' is selected.
19:47:35 INFO  : 'ps7_init' command is executed.
19:47:35 INFO  : 'ps7_post_config' command is executed.
19:47:35 INFO  : Context for processor 'ps7_cortexa9_0' is selected.
19:47:35 INFO  : The application 'D:/Git/cuhk-ceng3430/Project/PS_only/PS_only.sdk/ps_only/Release/ps_only.elf' is downloaded to processor 'ps7_cortexa9_0'.
19:47:35 INFO  : ----------------XSDB Script----------------
connect -url tcp:127.0.0.1:3121
source D:/Git/cuhk-ceng3430/Project/PS_only/PS_only.sdk/design_1_wrapper_hw_platform_0/ps7_init.tcl
targets -set -nocase -filter {name =~"APU*" && jtag_cable_name =~ "Digilent Zed 210248565423"} -index 0
rst -system
after 3000
targets -set -filter {jtag_cable_name =~ "Digilent Zed 210248565423" && level==0} -index 1
fpga -file D:/Git/cuhk-ceng3430/Project/PS_only/PS_only.sdk/design_1_wrapper_hw_platform_0/design_1_wrapper.bit
targets -set -nocase -filter {name =~"APU*" && jtag_cable_name =~ "Digilent Zed 210248565423"} -index 0
loadhw D:/Git/cuhk-ceng3430/Project/PS_only/PS_only.sdk/design_1_wrapper_hw_platform_0/system.hdf
targets -set -nocase -filter {name =~"APU*" && jtag_cable_name =~ "Digilent Zed 210248565423"} -index 0
ps7_init
ps7_post_config
targets -set -nocase -filter {name =~ "ARM*#0" && jtag_cable_name =~ "Digilent Zed 210248565423"} -index 0
dow D:/Git/cuhk-ceng3430/Project/PS_only/PS_only.sdk/ps_only/Release/ps_only.elf
----------------End of Script----------------

19:47:35 INFO  : Memory regions updated for context APU
19:47:35 INFO  : Context for processor 'ps7_cortexa9_0' is selected.
19:47:35 INFO  : 'con' command is executed.
19:47:35 INFO  : ----------------XSDB Script (After Launch)----------------
targets -set -nocase -filter {name =~ "ARM*#0" && jtag_cable_name =~ "Digilent Zed 210248565423"} -index 0
con
----------------End of Script----------------

19:47:35 INFO  : Launch script is exported to file 'D:\Git\cuhk-ceng3430\Project\PS_only\PS_only.sdk\.sdk\launch_scripts\xilinx_c-c++_application_(system_debugger)\system_debugger_using_release_ps_only.elf_on_local.tcl'
19:47:35 INFO  : Connected to target on host '127.0.0.1' and port '3121'.
19:47:36 INFO  : Jtag cable 'Digilent Zed 210248565423' is selected.
19:47:36 INFO  : 'jtag frequency' command is executed.
19:47:36 INFO  : Sourcing of 'D:/Git/cuhk-ceng3430/Project/PS_only/PS_only.sdk/design_1_wrapper_hw_platform_0/ps7_init.tcl' is done.
19:47:36 INFO  : Context for 'APU' is selected.
19:47:36 INFO  : System reset is completed.
19:47:39 INFO  : 'after 3000' command is executed.
19:47:39 INFO  : Connected to target on host '127.0.0.1' and port '3121'.
19:47:39 INFO  : Connected to target on host '127.0.0.1' and port '3121'.
19:47:39 INFO  : 'targets -set -filter {jtag_cable_name =~ "Digilent Zed 210248565423" && level==0} -index 1' command is executed.
19:47:42 INFO  : FPGA configured successfully with bitstream "D:/Git/cuhk-ceng3430/Project/PS_only/PS_only.sdk/design_1_wrapper_hw_platform_0/design_1_wrapper.bit"
19:47:42 INFO  : Context for 'APU' is selected.
19:47:42 INFO  : Hardware design information is loaded from 'D:/Git/cuhk-ceng3430/Project/PS_only/PS_only.sdk/design_1_wrapper_hw_platform_0/system.hdf'.
19:47:42 INFO  : Context for 'APU' is selected.
19:47:42 INFO  : 'ps7_init' command is executed.
19:47:42 INFO  : Jtag cable 'Digilent Zed 210248565423' is selected.
19:47:42 INFO  : 'ps7_post_config' command is executed.
19:47:42 INFO  : Jtag cable 'Digilent Zed 210248565423' is selected.
19:47:42 INFO  : 'jtag frequency' command is executed.
19:47:42 INFO  : Context for processor 'ps7_cortexa9_0' is selected.
19:47:42 INFO  : 'jtag frequency' command is executed.
19:47:42 INFO  : Sourcing of 'D:/Git/cuhk-ceng3430/Project/PS_only/PS_only.sdk/design_1_wrapper_hw_platform_0/ps7_init.tcl' is done.
19:47:42 INFO  : The application 'D:/Git/cuhk-ceng3430/Project/PS_only/PS_only.sdk/ps_only/Release/ps_only.elf' is downloaded to processor 'ps7_cortexa9_0'.
19:47:42 INFO  : ----------------XSDB Script----------------
connect -url tcp:127.0.0.1:3121
source D:/Git/cuhk-ceng3430/Project/PS_only/PS_only.sdk/design_1_wrapper_hw_platform_0/ps7_init.tcl
targets -set -nocase -filter {name =~"APU*" && jtag_cable_name =~ "Digilent Zed 210248565423"} -index 0
rst -system
after 3000
targets -set -filter {jtag_cable_name =~ "Digilent Zed 210248565423" && level==0} -index 1
fpga -file D:/Git/cuhk-ceng3430/Project/PS_only/PS_only.sdk/design_1_wrapper_hw_platform_0/design_1_wrapper.bit
targets -set -nocase -filter {name =~"APU*" && jtag_cable_name =~ "Digilent Zed 210248565423"} -index 0
loadhw D:/Git/cuhk-ceng3430/Project/PS_only/PS_only.sdk/design_1_wrapper_hw_platform_0/system.hdf
targets -set -nocase -filter {name =~"APU*" && jtag_cable_name =~ "Digilent Zed 210248565423"} -index 0
ps7_init
ps7_post_config
targets -set -nocase -filter {name =~ "ARM*#0" && jtag_cable_name =~ "Digilent Zed 210248565423"} -index 0
dow D:/Git/cuhk-ceng3430/Project/PS_only/PS_only.sdk/ps_only/Release/ps_only.elf
----------------End of Script----------------

19:47:42 INFO  : Sourcing of 'D:/Git/cuhk-ceng3430/Project/PS_only/PS_only.sdk/design_1_wrapper_hw_platform_0/ps7_init.tcl' is done.
19:47:42 INFO  : Memory regions updated for context APU
19:47:42 INFO  : Context for 'APU' is selected.
19:47:43 INFO  : Context for 'APU' is selected.
19:47:43 INFO  : Context for processor 'ps7_cortexa9_0' is selected.
19:47:43 INFO  : System reset is completed.
19:47:43 INFO  : System reset is completed.
19:47:43 INFO  : 'con' command is executed.
19:47:43 INFO  : ----------------XSDB Script (After Launch)----------------
targets -set -nocase -filter {name =~ "ARM*#0" && jtag_cable_name =~ "Digilent Zed 210248565423"} -index 0
con
----------------End of Script----------------

19:47:43 INFO  : Launch script is exported to file 'D:\Git\cuhk-ceng3430\Project\PS_only\PS_only.sdk\.sdk\launch_scripts\xilinx_c-c++_application_(system_debugger)\system_debugger_using_release_ps_only.elf_on_local.tcl'
19:47:46 INFO  : 'after 3000' command is executed.
19:47:49 INFO  : 'after 3000' command is executed.
19:47:49 INFO  : 'targets -set -filter {jtag_cable_name =~ "Digilent Zed 210248565423" && level==0} -index 1' command is executed.
19:47:51 INFO  : FPGA configured successfully with bitstream "D:/Git/cuhk-ceng3430/Project/PS_only/PS_only.sdk/design_1_wrapper_hw_platform_0/design_1_wrapper.bit"
19:47:51 INFO  : 'targets -set -filter {jtag_cable_name =~ "Digilent Zed 210248565423" && level==0} -index 1' command is executed.
19:47:54 INFO  : FPGA configured successfully with bitstream "D:/Git/cuhk-ceng3430/Project/PS_only/PS_only.sdk/design_1_wrapper_hw_platform_0/design_1_wrapper.bit"
19:47:54 INFO  : Context for 'APU' is selected.
19:47:54 INFO  : Hardware design information is loaded from 'D:/Git/cuhk-ceng3430/Project/PS_only/PS_only.sdk/design_1_wrapper_hw_platform_0/system.hdf'.
19:47:54 INFO  : Context for 'APU' is selected.
19:47:54 INFO  : Context for 'APU' is selected.
19:47:54 INFO  : Hardware design information is loaded from 'D:/Git/cuhk-ceng3430/Project/PS_only/PS_only.sdk/design_1_wrapper_hw_platform_0/system.hdf'.
19:47:55 INFO  : 'ps7_init' command is executed.
19:47:55 INFO  : Context for 'APU' is selected.
19:47:55 INFO  : 'ps7_post_config' command is executed.
19:47:55 INFO  : 'ps7_init' command is executed.
19:47:55 INFO  : Context for processor 'ps7_cortexa9_0' is selected.
19:47:55 INFO  : 'ps7_post_config' command is executed.
19:47:55 INFO  : The application 'D:/Git/cuhk-ceng3430/Project/PS_only/PS_only.sdk/ps_only/Release/ps_only.elf' is downloaded to processor 'ps7_cortexa9_0'.
19:47:55 INFO  : ----------------XSDB Script----------------
connect -url tcp:127.0.0.1:3121
source D:/Git/cuhk-ceng3430/Project/PS_only/PS_only.sdk/design_1_wrapper_hw_platform_0/ps7_init.tcl
targets -set -nocase -filter {name =~"APU*" && jtag_cable_name =~ "Digilent Zed 210248565423"} -index 0
rst -system
after 3000
targets -set -filter {jtag_cable_name =~ "Digilent Zed 210248565423" && level==0} -index 1
fpga -file D:/Git/cuhk-ceng3430/Project/PS_only/PS_only.sdk/design_1_wrapper_hw_platform_0/design_1_wrapper.bit
targets -set -nocase -filter {name =~"APU*" && jtag_cable_name =~ "Digilent Zed 210248565423"} -index 0
loadhw D:/Git/cuhk-ceng3430/Project/PS_only/PS_only.sdk/design_1_wrapper_hw_platform_0/system.hdf
targets -set -nocase -filter {name =~"APU*" && jtag_cable_name =~ "Digilent Zed 210248565423"} -index 0
ps7_init
ps7_post_config
targets -set -nocase -filter {name =~ "ARM*#0" && jtag_cable_name =~ "Digilent Zed 210248565423"} -index 0
dow D:/Git/cuhk-ceng3430/Project/PS_only/PS_only.sdk/ps_only/Release/ps_only.elf
----------------End of Script----------------

19:47:55 INFO  : Memory regions updated for context APU
19:47:55 INFO  : Context for processor 'ps7_cortexa9_0' is selected.
19:47:55 INFO  : Context for processor 'ps7_cortexa9_0' is selected.
19:47:56 INFO  : The application 'D:/Git/cuhk-ceng3430/Project/PS_only/PS_only.sdk/ps_only/Release/ps_only.elf' is downloaded to processor 'ps7_cortexa9_0'.
19:47:56 INFO  : ----------------XSDB Script----------------
connect -url tcp:127.0.0.1:3121
source D:/Git/cuhk-ceng3430/Project/PS_only/PS_only.sdk/design_1_wrapper_hw_platform_0/ps7_init.tcl
targets -set -nocase -filter {name =~"APU*" && jtag_cable_name =~ "Digilent Zed 210248565423"} -index 0
rst -system
after 3000
targets -set -filter {jtag_cable_name =~ "Digilent Zed 210248565423" && level==0} -index 1
fpga -file D:/Git/cuhk-ceng3430/Project/PS_only/PS_only.sdk/design_1_wrapper_hw_platform_0/design_1_wrapper.bit
targets -set -nocase -filter {name =~"APU*" && jtag_cable_name =~ "Digilent Zed 210248565423"} -index 0
loadhw D:/Git/cuhk-ceng3430/Project/PS_only/PS_only.sdk/design_1_wrapper_hw_platform_0/system.hdf
targets -set -nocase -filter {name =~"APU*" && jtag_cable_name =~ "Digilent Zed 210248565423"} -index 0
ps7_init
ps7_post_config
targets -set -nocase -filter {name =~ "ARM*#0" && jtag_cable_name =~ "Digilent Zed 210248565423"} -index 0
dow D:/Git/cuhk-ceng3430/Project/PS_only/PS_only.sdk/ps_only/Release/ps_only.elf
----------------End of Script----------------

19:47:56 INFO  : Memory regions updated for context APU
19:47:56 INFO  : 'con' command is executed.
19:47:56 INFO  : ----------------XSDB Script (After Launch)----------------
targets -set -nocase -filter {name =~ "ARM*#0" && jtag_cable_name =~ "Digilent Zed 210248565423"} -index 0
con
----------------End of Script----------------

19:47:56 INFO  : Launch script is exported to file 'D:\Git\cuhk-ceng3430\Project\PS_only\PS_only.sdk\.sdk\launch_scripts\xilinx_c-c++_application_(system_debugger)\system_debugger_using_release_ps_only.elf_on_local.tcl'
19:47:56 INFO  : Context for processor 'ps7_cortexa9_0' is selected.
19:47:56 ERROR : Already running
19:48:08 INFO  : Disconnected from the channel tcfchan#4.
19:48:09 INFO  : Connected to target on host '127.0.0.1' and port '3121'.
19:48:09 INFO  : Jtag cable 'Digilent Zed 210248565423' is selected.
19:48:09 INFO  : 'jtag frequency' command is executed.
19:48:09 INFO  : Sourcing of 'D:/Git/cuhk-ceng3430/Project/PS_only/PS_only.sdk/design_1_wrapper_hw_platform_0/ps7_init.tcl' is done.
19:48:09 INFO  : Context for 'APU' is selected.
19:48:09 INFO  : System reset is completed.
19:48:12 INFO  : 'after 3000' command is executed.
19:48:12 INFO  : 'targets -set -filter {jtag_cable_name =~ "Digilent Zed 210248565423" && level==0} -index 1' command is executed.
19:48:14 INFO  : FPGA configured successfully with bitstream "D:/Git/cuhk-ceng3430/Project/PS_only/PS_only.sdk/design_1_wrapper_hw_platform_0/design_1_wrapper.bit"
19:48:15 INFO  : Context for 'APU' is selected.
19:48:17 INFO  : Hardware design information is loaded from 'D:/Git/cuhk-ceng3430/Project/PS_only/PS_only.sdk/design_1_wrapper_hw_platform_0/system.hdf'.
19:48:17 INFO  : Context for 'APU' is selected.
19:48:18 INFO  : 'ps7_init' command is executed.
19:48:18 INFO  : 'ps7_post_config' command is executed.
19:48:18 INFO  : Context for processor 'ps7_cortexa9_0' is selected.
19:48:18 INFO  : The application 'D:/Git/cuhk-ceng3430/Project/PS_only/PS_only.sdk/ps_only/Release/ps_only.elf' is downloaded to processor 'ps7_cortexa9_0'.
19:48:18 INFO  : ----------------XSDB Script----------------
connect -url tcp:127.0.0.1:3121
source D:/Git/cuhk-ceng3430/Project/PS_only/PS_only.sdk/design_1_wrapper_hw_platform_0/ps7_init.tcl
targets -set -nocase -filter {name =~"APU*" && jtag_cable_name =~ "Digilent Zed 210248565423"} -index 0
rst -system
after 3000
targets -set -filter {jtag_cable_name =~ "Digilent Zed 210248565423" && level==0} -index 1
fpga -file D:/Git/cuhk-ceng3430/Project/PS_only/PS_only.sdk/design_1_wrapper_hw_platform_0/design_1_wrapper.bit
targets -set -nocase -filter {name =~"APU*" && jtag_cable_name =~ "Digilent Zed 210248565423"} -index 0
loadhw D:/Git/cuhk-ceng3430/Project/PS_only/PS_only.sdk/design_1_wrapper_hw_platform_0/system.hdf
targets -set -nocase -filter {name =~"APU*" && jtag_cable_name =~ "Digilent Zed 210248565423"} -index 0
ps7_init
ps7_post_config
targets -set -nocase -filter {name =~ "ARM*#0" && jtag_cable_name =~ "Digilent Zed 210248565423"} -index 0
dow D:/Git/cuhk-ceng3430/Project/PS_only/PS_only.sdk/ps_only/Release/ps_only.elf
----------------End of Script----------------

19:48:18 INFO  : Memory regions updated for context APU
19:48:18 INFO  : Context for processor 'ps7_cortexa9_0' is selected.
19:48:18 INFO  : 'con' command is executed.
19:48:18 INFO  : ----------------XSDB Script (After Launch)----------------
targets -set -nocase -filter {name =~ "ARM*#0" && jtag_cable_name =~ "Digilent Zed 210248565423"} -index 0
con
----------------End of Script----------------

19:48:18 INFO  : Launch script is exported to file 'D:\Git\cuhk-ceng3430\Project\PS_only\PS_only.sdk\.sdk\launch_scripts\xilinx_c-c++_application_(system_debugger)\system_debugger_using_release_ps_only.elf_on_local.tcl'
19:48:36 INFO  : Disconnected from the channel tcfchan#5.
19:48:37 INFO  : Connected to target on host '127.0.0.1' and port '3121'.
19:48:37 INFO  : Jtag cable 'Digilent Zed 210248565423' is selected.
19:48:37 INFO  : 'jtag frequency' command is executed.
19:48:37 INFO  : Sourcing of 'D:/Git/cuhk-ceng3430/Project/PS_only/PS_only.sdk/design_1_wrapper_hw_platform_0/ps7_init.tcl' is done.
19:48:37 INFO  : Context for 'APU' is selected.
19:48:37 INFO  : System reset is completed.
19:48:40 INFO  : 'after 3000' command is executed.
19:48:40 INFO  : 'targets -set -filter {jtag_cable_name =~ "Digilent Zed 210248565423" && level==0} -index 1' command is executed.
19:48:43 INFO  : FPGA configured successfully with bitstream "D:/Git/cuhk-ceng3430/Project/PS_only/PS_only.sdk/design_1_wrapper_hw_platform_0/design_1_wrapper.bit"
19:48:43 INFO  : Context for 'APU' is selected.
19:48:45 INFO  : Hardware design information is loaded from 'D:/Git/cuhk-ceng3430/Project/PS_only/PS_only.sdk/design_1_wrapper_hw_platform_0/system.hdf'.
19:48:45 INFO  : Context for 'APU' is selected.
19:48:45 INFO  : 'ps7_init' command is executed.
19:48:45 INFO  : 'ps7_post_config' command is executed.
19:48:45 INFO  : Context for processor 'ps7_cortexa9_0' is selected.
19:48:45 INFO  : The application 'D:/Git/cuhk-ceng3430/Project/PS_only/PS_only.sdk/ps_only/Release/ps_only.elf' is downloaded to processor 'ps7_cortexa9_0'.
19:48:45 INFO  : ----------------XSDB Script----------------
connect -url tcp:127.0.0.1:3121
source D:/Git/cuhk-ceng3430/Project/PS_only/PS_only.sdk/design_1_wrapper_hw_platform_0/ps7_init.tcl
targets -set -nocase -filter {name =~"APU*" && jtag_cable_name =~ "Digilent Zed 210248565423"} -index 0
rst -system
after 3000
targets -set -filter {jtag_cable_name =~ "Digilent Zed 210248565423" && level==0} -index 1
fpga -file D:/Git/cuhk-ceng3430/Project/PS_only/PS_only.sdk/design_1_wrapper_hw_platform_0/design_1_wrapper.bit
targets -set -nocase -filter {name =~"APU*" && jtag_cable_name =~ "Digilent Zed 210248565423"} -index 0
loadhw D:/Git/cuhk-ceng3430/Project/PS_only/PS_only.sdk/design_1_wrapper_hw_platform_0/system.hdf
targets -set -nocase -filter {name =~"APU*" && jtag_cable_name =~ "Digilent Zed 210248565423"} -index 0
ps7_init
ps7_post_config
targets -set -nocase -filter {name =~ "ARM*#0" && jtag_cable_name =~ "Digilent Zed 210248565423"} -index 0
dow D:/Git/cuhk-ceng3430/Project/PS_only/PS_only.sdk/ps_only/Release/ps_only.elf
----------------End of Script----------------

19:48:45 INFO  : Memory regions updated for context APU
19:48:45 INFO  : Context for processor 'ps7_cortexa9_0' is selected.
19:48:46 INFO  : 'con' command is executed.
19:48:46 INFO  : ----------------XSDB Script (After Launch)----------------
targets -set -nocase -filter {name =~ "ARM*#0" && jtag_cable_name =~ "Digilent Zed 210248565423"} -index 0
con
----------------End of Script----------------

19:48:46 INFO  : Launch script is exported to file 'D:\Git\cuhk-ceng3430\Project\PS_only\PS_only.sdk\.sdk\launch_scripts\xilinx_c-c++_application_(system_debugger)\system_debugger_using_release_ps_only.elf_on_local.tcl'
19:48:49 INFO  : Disconnected from the channel tcfchan#6.
19:48:50 INFO  : Connected to target on host '127.0.0.1' and port '3121'.
19:48:50 INFO  : Jtag cable 'Digilent Zed 210248565423' is selected.
19:48:50 INFO  : 'jtag frequency' command is executed.
19:48:50 INFO  : Sourcing of 'D:/Git/cuhk-ceng3430/Project/PS_only/PS_only.sdk/design_1_wrapper_hw_platform_0/ps7_init.tcl' is done.
19:48:50 INFO  : Context for 'APU' is selected.
19:48:50 INFO  : System reset is completed.
19:48:53 INFO  : 'after 3000' command is executed.
19:48:53 INFO  : 'targets -set -filter {jtag_cable_name =~ "Digilent Zed 210248565423" && level==0} -index 1' command is executed.
19:48:55 INFO  : FPGA configured successfully with bitstream "D:/Git/cuhk-ceng3430/Project/PS_only/PS_only.sdk/design_1_wrapper_hw_platform_0/design_1_wrapper.bit"
19:48:56 INFO  : Context for 'APU' is selected.
19:48:58 INFO  : Hardware design information is loaded from 'D:/Git/cuhk-ceng3430/Project/PS_only/PS_only.sdk/design_1_wrapper_hw_platform_0/system.hdf'.
19:48:58 INFO  : Context for 'APU' is selected.
19:48:59 INFO  : 'ps7_init' command is executed.
19:48:59 INFO  : 'ps7_post_config' command is executed.
19:48:59 INFO  : Context for processor 'ps7_cortexa9_0' is selected.
19:48:59 INFO  : The application 'D:/Git/cuhk-ceng3430/Project/PS_only/PS_only.sdk/ps_only/Release/ps_only.elf' is downloaded to processor 'ps7_cortexa9_0'.
19:48:59 INFO  : ----------------XSDB Script----------------
connect -url tcp:127.0.0.1:3121
source D:/Git/cuhk-ceng3430/Project/PS_only/PS_only.sdk/design_1_wrapper_hw_platform_0/ps7_init.tcl
targets -set -nocase -filter {name =~"APU*" && jtag_cable_name =~ "Digilent Zed 210248565423"} -index 0
rst -system
after 3000
targets -set -filter {jtag_cable_name =~ "Digilent Zed 210248565423" && level==0} -index 1
fpga -file D:/Git/cuhk-ceng3430/Project/PS_only/PS_only.sdk/design_1_wrapper_hw_platform_0/design_1_wrapper.bit
targets -set -nocase -filter {name =~"APU*" && jtag_cable_name =~ "Digilent Zed 210248565423"} -index 0
loadhw D:/Git/cuhk-ceng3430/Project/PS_only/PS_only.sdk/design_1_wrapper_hw_platform_0/system.hdf
targets -set -nocase -filter {name =~"APU*" && jtag_cable_name =~ "Digilent Zed 210248565423"} -index 0
ps7_init
ps7_post_config
targets -set -nocase -filter {name =~ "ARM*#0" && jtag_cable_name =~ "Digilent Zed 210248565423"} -index 0
dow D:/Git/cuhk-ceng3430/Project/PS_only/PS_only.sdk/ps_only/Release/ps_only.elf
----------------End of Script----------------

19:48:59 INFO  : Memory regions updated for context APU
19:48:59 INFO  : Context for processor 'ps7_cortexa9_0' is selected.
19:48:59 INFO  : 'con' command is executed.
19:48:59 INFO  : ----------------XSDB Script (After Launch)----------------
targets -set -nocase -filter {name =~ "ARM*#0" && jtag_cable_name =~ "Digilent Zed 210248565423"} -index 0
con
----------------End of Script----------------

19:48:59 INFO  : Launch script is exported to file 'D:\Git\cuhk-ceng3430\Project\PS_only\PS_only.sdk\.sdk\launch_scripts\xilinx_c-c++_application_(system_debugger)\system_debugger_using_release_ps_only.elf_on_local.tcl'
19:49:16 INFO  : Disconnected from the channel tcfchan#7.
19:49:17 INFO  : Connected to target on host '127.0.0.1' and port '3121'.
19:49:17 INFO  : Jtag cable 'Digilent Zed 210248565423' is selected.
19:49:17 INFO  : 'jtag frequency' command is executed.
19:49:17 INFO  : Sourcing of 'D:/Git/cuhk-ceng3430/Project/PS_only/PS_only.sdk/design_1_wrapper_hw_platform_0/ps7_init.tcl' is done.
19:49:17 INFO  : Context for 'APU' is selected.
19:49:17 INFO  : System reset is completed.
19:49:20 INFO  : 'after 3000' command is executed.
19:49:20 INFO  : 'targets -set -filter {jtag_cable_name =~ "Digilent Zed 210248565423" && level==0} -index 1' command is executed.
19:49:23 INFO  : FPGA configured successfully with bitstream "D:/Git/cuhk-ceng3430/Project/PS_only/PS_only.sdk/design_1_wrapper_hw_platform_0/design_1_wrapper.bit"
19:49:23 INFO  : Context for 'APU' is selected.
19:49:25 INFO  : Hardware design information is loaded from 'D:/Git/cuhk-ceng3430/Project/PS_only/PS_only.sdk/design_1_wrapper_hw_platform_0/system.hdf'.
19:49:25 INFO  : Context for 'APU' is selected.
19:49:25 INFO  : 'ps7_init' command is executed.
19:49:25 INFO  : 'ps7_post_config' command is executed.
19:49:25 INFO  : Context for processor 'ps7_cortexa9_0' is selected.
19:49:25 INFO  : The application 'D:/Git/cuhk-ceng3430/Project/PS_only/PS_only.sdk/ps_only/Release/ps_only.elf' is downloaded to processor 'ps7_cortexa9_0'.
19:49:25 INFO  : ----------------XSDB Script----------------
connect -url tcp:127.0.0.1:3121
source D:/Git/cuhk-ceng3430/Project/PS_only/PS_only.sdk/design_1_wrapper_hw_platform_0/ps7_init.tcl
targets -set -nocase -filter {name =~"APU*" && jtag_cable_name =~ "Digilent Zed 210248565423"} -index 0
rst -system
after 3000
targets -set -filter {jtag_cable_name =~ "Digilent Zed 210248565423" && level==0} -index 1
fpga -file D:/Git/cuhk-ceng3430/Project/PS_only/PS_only.sdk/design_1_wrapper_hw_platform_0/design_1_wrapper.bit
targets -set -nocase -filter {name =~"APU*" && jtag_cable_name =~ "Digilent Zed 210248565423"} -index 0
loadhw D:/Git/cuhk-ceng3430/Project/PS_only/PS_only.sdk/design_1_wrapper_hw_platform_0/system.hdf
targets -set -nocase -filter {name =~"APU*" && jtag_cable_name =~ "Digilent Zed 210248565423"} -index 0
ps7_init
ps7_post_config
targets -set -nocase -filter {name =~ "ARM*#0" && jtag_cable_name =~ "Digilent Zed 210248565423"} -index 0
dow D:/Git/cuhk-ceng3430/Project/PS_only/PS_only.sdk/ps_only/Release/ps_only.elf
----------------End of Script----------------

19:49:26 INFO  : Memory regions updated for context APU
19:49:26 INFO  : Context for processor 'ps7_cortexa9_0' is selected.
19:49:26 INFO  : 'con' command is executed.
19:49:26 INFO  : ----------------XSDB Script (After Launch)----------------
targets -set -nocase -filter {name =~ "ARM*#0" && jtag_cable_name =~ "Digilent Zed 210248565423"} -index 0
con
----------------End of Script----------------

19:49:26 INFO  : Launch script is exported to file 'D:\Git\cuhk-ceng3430\Project\PS_only\PS_only.sdk\.sdk\launch_scripts\xilinx_c-c++_application_(system_debugger)\system_debugger_using_release_ps_only.elf_on_local.tcl'
19:49:52 INFO  : Disconnected from the channel tcfchan#8.
19:49:53 INFO  : Connected to target on host '127.0.0.1' and port '3121'.
19:49:53 INFO  : Jtag cable 'Digilent Zed 210248565423' is selected.
19:49:53 INFO  : 'jtag frequency' command is executed.
19:49:53 INFO  : Sourcing of 'D:/Git/cuhk-ceng3430/Project/PS_only/PS_only.sdk/design_1_wrapper_hw_platform_0/ps7_init.tcl' is done.
19:49:53 INFO  : Context for 'APU' is selected.
19:49:53 INFO  : System reset is completed.
19:49:56 INFO  : 'after 3000' command is executed.
19:49:56 INFO  : 'targets -set -filter {jtag_cable_name =~ "Digilent Zed 210248565423" && level==0} -index 1' command is executed.
19:49:58 INFO  : FPGA configured successfully with bitstream "D:/Git/cuhk-ceng3430/Project/PS_only/PS_only.sdk/design_1_wrapper_hw_platform_0/design_1_wrapper.bit"
19:49:58 INFO  : Context for 'APU' is selected.
19:50:01 INFO  : Hardware design information is loaded from 'D:/Git/cuhk-ceng3430/Project/PS_only/PS_only.sdk/design_1_wrapper_hw_platform_0/system.hdf'.
19:50:01 INFO  : Context for 'APU' is selected.
19:50:01 INFO  : 'ps7_init' command is executed.
19:50:01 INFO  : 'ps7_post_config' command is executed.
19:50:01 INFO  : Context for processor 'ps7_cortexa9_0' is selected.
19:50:01 INFO  : The application 'D:/Git/cuhk-ceng3430/Project/PS_only/PS_only.sdk/ps_only/Release/ps_only.elf' is downloaded to processor 'ps7_cortexa9_0'.
19:50:01 INFO  : ----------------XSDB Script----------------
connect -url tcp:127.0.0.1:3121
source D:/Git/cuhk-ceng3430/Project/PS_only/PS_only.sdk/design_1_wrapper_hw_platform_0/ps7_init.tcl
targets -set -nocase -filter {name =~"APU*" && jtag_cable_name =~ "Digilent Zed 210248565423"} -index 0
rst -system
after 3000
targets -set -filter {jtag_cable_name =~ "Digilent Zed 210248565423" && level==0} -index 1
fpga -file D:/Git/cuhk-ceng3430/Project/PS_only/PS_only.sdk/design_1_wrapper_hw_platform_0/design_1_wrapper.bit
targets -set -nocase -filter {name =~"APU*" && jtag_cable_name =~ "Digilent Zed 210248565423"} -index 0
loadhw D:/Git/cuhk-ceng3430/Project/PS_only/PS_only.sdk/design_1_wrapper_hw_platform_0/system.hdf
targets -set -nocase -filter {name =~"APU*" && jtag_cable_name =~ "Digilent Zed 210248565423"} -index 0
ps7_init
ps7_post_config
targets -set -nocase -filter {name =~ "ARM*#0" && jtag_cable_name =~ "Digilent Zed 210248565423"} -index 0
dow D:/Git/cuhk-ceng3430/Project/PS_only/PS_only.sdk/ps_only/Release/ps_only.elf
----------------End of Script----------------

19:50:01 INFO  : Memory regions updated for context APU
19:50:01 INFO  : Context for processor 'ps7_cortexa9_0' is selected.
19:50:01 INFO  : 'con' command is executed.
19:50:01 INFO  : ----------------XSDB Script (After Launch)----------------
targets -set -nocase -filter {name =~ "ARM*#0" && jtag_cable_name =~ "Digilent Zed 210248565423"} -index 0
con
----------------End of Script----------------

19:50:01 INFO  : Launch script is exported to file 'D:\Git\cuhk-ceng3430\Project\PS_only\PS_only.sdk\.sdk\launch_scripts\xilinx_c-c++_application_(system_debugger)\system_debugger_using_release_ps_only.elf_on_local.tcl'
19:50:26 INFO  : Disconnected from the channel tcfchan#9.
19:50:27 INFO  : Connected to target on host '127.0.0.1' and port '3121'.
19:50:27 INFO  : Jtag cable 'Digilent Zed 210248565423' is selected.
19:50:27 INFO  : 'jtag frequency' command is executed.
19:50:27 INFO  : Sourcing of 'D:/Git/cuhk-ceng3430/Project/PS_only/PS_only.sdk/design_1_wrapper_hw_platform_0/ps7_init.tcl' is done.
19:50:27 INFO  : Context for 'APU' is selected.
19:50:27 INFO  : System reset is completed.
19:50:30 INFO  : 'after 3000' command is executed.
19:50:30 INFO  : Connected to target on host '127.0.0.1' and port '3121'.
19:50:30 INFO  : 'targets -set -filter {jtag_cable_name =~ "Digilent Zed 210248565423" && level==0} -index 1' command is executed.
19:50:33 INFO  : FPGA configured successfully with bitstream "D:/Git/cuhk-ceng3430/Project/PS_only/PS_only.sdk/design_1_wrapper_hw_platform_0/design_1_wrapper.bit"
19:50:33 INFO  : Context for 'APU' is selected.
19:50:35 INFO  : Hardware design information is loaded from 'D:/Git/cuhk-ceng3430/Project/PS_only/PS_only.sdk/design_1_wrapper_hw_platform_0/system.hdf'.
19:50:35 INFO  : Context for 'APU' is selected.
19:50:36 INFO  : 'ps7_init' command is executed.
19:50:36 INFO  : Jtag cable 'Digilent Zed 210248565423' is selected.
19:50:36 INFO  : 'ps7_post_config' command is executed.
19:50:36 INFO  : 'jtag frequency' command is executed.
19:50:36 INFO  : Context for processor 'ps7_cortexa9_0' is selected.
19:50:36 INFO  : Sourcing of 'D:/Git/cuhk-ceng3430/Project/PS_only/PS_only.sdk/design_1_wrapper_hw_platform_0/ps7_init.tcl' is done.
19:50:36 INFO  : The application 'D:/Git/cuhk-ceng3430/Project/PS_only/PS_only.sdk/ps_only/Release/ps_only.elf' is downloaded to processor 'ps7_cortexa9_0'.
19:50:36 INFO  : ----------------XSDB Script----------------
connect -url tcp:127.0.0.1:3121
source D:/Git/cuhk-ceng3430/Project/PS_only/PS_only.sdk/design_1_wrapper_hw_platform_0/ps7_init.tcl
targets -set -nocase -filter {name =~"APU*" && jtag_cable_name =~ "Digilent Zed 210248565423"} -index 0
rst -system
after 3000
targets -set -filter {jtag_cable_name =~ "Digilent Zed 210248565423" && level==0} -index 1
fpga -file D:/Git/cuhk-ceng3430/Project/PS_only/PS_only.sdk/design_1_wrapper_hw_platform_0/design_1_wrapper.bit
targets -set -nocase -filter {name =~"APU*" && jtag_cable_name =~ "Digilent Zed 210248565423"} -index 0
loadhw D:/Git/cuhk-ceng3430/Project/PS_only/PS_only.sdk/design_1_wrapper_hw_platform_0/system.hdf
targets -set -nocase -filter {name =~"APU*" && jtag_cable_name =~ "Digilent Zed 210248565423"} -index 0
ps7_init
ps7_post_config
targets -set -nocase -filter {name =~ "ARM*#0" && jtag_cable_name =~ "Digilent Zed 210248565423"} -index 0
dow D:/Git/cuhk-ceng3430/Project/PS_only/PS_only.sdk/ps_only/Release/ps_only.elf
----------------End of Script----------------

19:50:36 INFO  : Context for 'APU' is selected.
19:50:36 INFO  : Memory regions updated for context APU
19:50:37 INFO  : System reset is completed.
19:50:37 INFO  : Context for processor 'ps7_cortexa9_0' is selected.
19:50:40 INFO  : 'after 3000' command is executed.
19:50:40 INFO  : 'con' command is executed.
19:50:40 INFO  : ----------------XSDB Script (After Launch)----------------
targets -set -nocase -filter {name =~ "ARM*#0" && jtag_cable_name =~ "Digilent Zed 210248565423"} -index 0
con
----------------End of Script----------------

19:50:40 INFO  : Launch script is exported to file 'D:\Git\cuhk-ceng3430\Project\PS_only\PS_only.sdk\.sdk\launch_scripts\xilinx_c-c++_application_(system_debugger)\system_debugger_using_release_ps_only.elf_on_local.tcl'
19:50:40 INFO  : 'targets -set -filter {jtag_cable_name =~ "Digilent Zed 210248565423" && level==0} -index 1' command is executed.
19:50:42 INFO  : FPGA configured successfully with bitstream "D:/Git/cuhk-ceng3430/Project/PS_only/PS_only.sdk/design_1_wrapper_hw_platform_0/design_1_wrapper.bit"
19:50:42 INFO  : Context for 'APU' is selected.
19:50:42 INFO  : Hardware design information is loaded from 'D:/Git/cuhk-ceng3430/Project/PS_only/PS_only.sdk/design_1_wrapper_hw_platform_0/system.hdf'.
19:50:42 INFO  : Context for 'APU' is selected.
19:50:43 INFO  : 'ps7_init' command is executed.
19:50:43 INFO  : 'ps7_post_config' command is executed.
19:50:43 INFO  : Context for processor 'ps7_cortexa9_0' is selected.
19:50:43 INFO  : The application 'D:/Git/cuhk-ceng3430/Project/PS_only/PS_only.sdk/ps_only/Release/ps_only.elf' is downloaded to processor 'ps7_cortexa9_0'.
19:50:43 INFO  : ----------------XSDB Script----------------
connect -url tcp:127.0.0.1:3121
source D:/Git/cuhk-ceng3430/Project/PS_only/PS_only.sdk/design_1_wrapper_hw_platform_0/ps7_init.tcl
targets -set -nocase -filter {name =~"APU*" && jtag_cable_name =~ "Digilent Zed 210248565423"} -index 0
rst -system
after 3000
targets -set -filter {jtag_cable_name =~ "Digilent Zed 210248565423" && level==0} -index 1
fpga -file D:/Git/cuhk-ceng3430/Project/PS_only/PS_only.sdk/design_1_wrapper_hw_platform_0/design_1_wrapper.bit
targets -set -nocase -filter {name =~"APU*" && jtag_cable_name =~ "Digilent Zed 210248565423"} -index 0
loadhw D:/Git/cuhk-ceng3430/Project/PS_only/PS_only.sdk/design_1_wrapper_hw_platform_0/system.hdf
targets -set -nocase -filter {name =~"APU*" && jtag_cable_name =~ "Digilent Zed 210248565423"} -index 0
ps7_init
ps7_post_config
targets -set -nocase -filter {name =~ "ARM*#0" && jtag_cable_name =~ "Digilent Zed 210248565423"} -index 0
dow D:/Git/cuhk-ceng3430/Project/PS_only/PS_only.sdk/ps_only/Release/ps_only.elf
----------------End of Script----------------

19:50:43 INFO  : Memory regions updated for context APU
19:50:43 INFO  : Context for processor 'ps7_cortexa9_0' is selected.
19:50:43 INFO  : 'con' command is executed.
19:50:43 INFO  : ----------------XSDB Script (After Launch)----------------
targets -set -nocase -filter {name =~ "ARM*#0" && jtag_cable_name =~ "Digilent Zed 210248565423"} -index 0
con
----------------End of Script----------------

19:50:43 INFO  : Launch script is exported to file 'D:\Git\cuhk-ceng3430\Project\PS_only\PS_only.sdk\.sdk\launch_scripts\xilinx_c-c++_application_(system_debugger)\system_debugger_using_release_ps_only.elf_on_local.tcl'
19:51:15 INFO  : Disconnected from the channel tcfchan#10.
19:51:16 INFO  : Connected to target on host '127.0.0.1' and port '3121'.
19:51:16 INFO  : Jtag cable 'Digilent Zed 210248565423' is selected.
19:51:16 INFO  : 'jtag frequency' command is executed.
19:51:16 INFO  : Sourcing of 'D:/Git/cuhk-ceng3430/Project/PS_only/PS_only.sdk/design_1_wrapper_hw_platform_0/ps7_init.tcl' is done.
19:51:16 INFO  : Context for 'APU' is selected.
19:51:16 INFO  : System reset is completed.
19:51:19 INFO  : 'after 3000' command is executed.
19:51:19 INFO  : 'targets -set -filter {jtag_cable_name =~ "Digilent Zed 210248565423" && level==0} -index 1' command is executed.
19:51:22 INFO  : FPGA configured successfully with bitstream "D:/Git/cuhk-ceng3430/Project/PS_only/PS_only.sdk/design_1_wrapper_hw_platform_0/design_1_wrapper.bit"
19:51:22 INFO  : Context for 'APU' is selected.
19:51:24 INFO  : Hardware design information is loaded from 'D:/Git/cuhk-ceng3430/Project/PS_only/PS_only.sdk/design_1_wrapper_hw_platform_0/system.hdf'.
19:51:25 INFO  : Context for 'APU' is selected.
19:51:25 INFO  : 'ps7_init' command is executed.
19:51:25 INFO  : 'ps7_post_config' command is executed.
19:51:25 INFO  : Context for processor 'ps7_cortexa9_0' is selected.
19:51:25 INFO  : The application 'D:/Git/cuhk-ceng3430/Project/PS_only/PS_only.sdk/ps_only/Release/ps_only.elf' is downloaded to processor 'ps7_cortexa9_0'.
19:51:25 INFO  : ----------------XSDB Script----------------
connect -url tcp:127.0.0.1:3121
source D:/Git/cuhk-ceng3430/Project/PS_only/PS_only.sdk/design_1_wrapper_hw_platform_0/ps7_init.tcl
targets -set -nocase -filter {name =~"APU*" && jtag_cable_name =~ "Digilent Zed 210248565423"} -index 0
rst -system
after 3000
targets -set -filter {jtag_cable_name =~ "Digilent Zed 210248565423" && level==0} -index 1
fpga -file D:/Git/cuhk-ceng3430/Project/PS_only/PS_only.sdk/design_1_wrapper_hw_platform_0/design_1_wrapper.bit
targets -set -nocase -filter {name =~"APU*" && jtag_cable_name =~ "Digilent Zed 210248565423"} -index 0
loadhw D:/Git/cuhk-ceng3430/Project/PS_only/PS_only.sdk/design_1_wrapper_hw_platform_0/system.hdf
targets -set -nocase -filter {name =~"APU*" && jtag_cable_name =~ "Digilent Zed 210248565423"} -index 0
ps7_init
ps7_post_config
targets -set -nocase -filter {name =~ "ARM*#0" && jtag_cable_name =~ "Digilent Zed 210248565423"} -index 0
dow D:/Git/cuhk-ceng3430/Project/PS_only/PS_only.sdk/ps_only/Release/ps_only.elf
----------------End of Script----------------

19:51:25 INFO  : Memory regions updated for context APU
19:51:25 INFO  : Context for processor 'ps7_cortexa9_0' is selected.
19:51:25 INFO  : 'con' command is executed.
19:51:25 INFO  : ----------------XSDB Script (After Launch)----------------
targets -set -nocase -filter {name =~ "ARM*#0" && jtag_cable_name =~ "Digilent Zed 210248565423"} -index 0
con
----------------End of Script----------------

19:51:25 INFO  : Launch script is exported to file 'D:\Git\cuhk-ceng3430\Project\PS_only\PS_only.sdk\.sdk\launch_scripts\xilinx_c-c++_application_(system_debugger)\system_debugger_using_release_ps_only.elf_on_local.tcl'
19:51:56 INFO  : Disconnected from the channel tcfchan#11.
19:51:57 INFO  : Connected to target on host '127.0.0.1' and port '3121'.
19:51:57 INFO  : Jtag cable 'Digilent Zed 210248565423' is selected.
19:51:57 INFO  : 'jtag frequency' command is executed.
19:51:57 INFO  : Sourcing of 'D:/Git/cuhk-ceng3430/Project/PS_only/PS_only.sdk/design_1_wrapper_hw_platform_0/ps7_init.tcl' is done.
19:51:58 INFO  : Context for 'APU' is selected.
19:51:58 INFO  : System reset is completed.
19:52:01 INFO  : 'after 3000' command is executed.
19:52:01 INFO  : 'targets -set -filter {jtag_cable_name =~ "Digilent Zed 210248565423" && level==0} -index 1' command is executed.
19:52:03 INFO  : FPGA configured successfully with bitstream "D:/Git/cuhk-ceng3430/Project/PS_only/PS_only.sdk/design_1_wrapper_hw_platform_0/design_1_wrapper.bit"
19:52:03 INFO  : Context for 'APU' is selected.
19:52:05 INFO  : Hardware design information is loaded from 'D:/Git/cuhk-ceng3430/Project/PS_only/PS_only.sdk/design_1_wrapper_hw_platform_0/system.hdf'.
19:52:06 INFO  : Context for 'APU' is selected.
19:52:06 INFO  : 'ps7_init' command is executed.
19:52:06 INFO  : 'ps7_post_config' command is executed.
19:52:06 INFO  : Context for processor 'ps7_cortexa9_0' is selected.
19:52:06 INFO  : The application 'D:/Git/cuhk-ceng3430/Project/PS_only/PS_only.sdk/ps_only/Release/ps_only.elf' is downloaded to processor 'ps7_cortexa9_0'.
19:52:06 INFO  : ----------------XSDB Script----------------
connect -url tcp:127.0.0.1:3121
source D:/Git/cuhk-ceng3430/Project/PS_only/PS_only.sdk/design_1_wrapper_hw_platform_0/ps7_init.tcl
targets -set -nocase -filter {name =~"APU*" && jtag_cable_name =~ "Digilent Zed 210248565423"} -index 0
rst -system
after 3000
targets -set -filter {jtag_cable_name =~ "Digilent Zed 210248565423" && level==0} -index 1
fpga -file D:/Git/cuhk-ceng3430/Project/PS_only/PS_only.sdk/design_1_wrapper_hw_platform_0/design_1_wrapper.bit
targets -set -nocase -filter {name =~"APU*" && jtag_cable_name =~ "Digilent Zed 210248565423"} -index 0
loadhw D:/Git/cuhk-ceng3430/Project/PS_only/PS_only.sdk/design_1_wrapper_hw_platform_0/system.hdf
targets -set -nocase -filter {name =~"APU*" && jtag_cable_name =~ "Digilent Zed 210248565423"} -index 0
ps7_init
ps7_post_config
targets -set -nocase -filter {name =~ "ARM*#0" && jtag_cable_name =~ "Digilent Zed 210248565423"} -index 0
dow D:/Git/cuhk-ceng3430/Project/PS_only/PS_only.sdk/ps_only/Release/ps_only.elf
----------------End of Script----------------

19:52:06 INFO  : Memory regions updated for context APU
19:52:06 INFO  : Context for processor 'ps7_cortexa9_0' is selected.
19:52:06 INFO  : 'con' command is executed.
19:52:06 INFO  : ----------------XSDB Script (After Launch)----------------
targets -set -nocase -filter {name =~ "ARM*#0" && jtag_cable_name =~ "Digilent Zed 210248565423"} -index 0
con
----------------End of Script----------------

19:52:06 INFO  : Launch script is exported to file 'D:\Git\cuhk-ceng3430\Project\PS_only\PS_only.sdk\.sdk\launch_scripts\xilinx_c-c++_application_(system_debugger)\system_debugger_using_release_ps_only.elf_on_local.tcl'
19:53:55 INFO  : Disconnected from the channel tcfchan#12.
19:54:14 INFO  : Registering command handlers for SDK TCF services
19:54:14 INFO  : Launching XSCT server: xsct.bat -interactive D:\Git\cuhk-ceng3430\Project\PS_only\PS_only.sdk\temp_xsdb_launch_script.tcl
19:54:17 INFO  : XSCT server has started successfully.
19:54:17 INFO  : Successfully done setting XSCT server connection channel  
19:54:18 INFO  : Successfully done setting SDK workspace  
19:54:18 INFO  : Processing command line option -hwspec D:/Git/cuhk-ceng3430/Project/PS_only/PS_only.sdk/design_1_wrapper.hdf.
19:54:18 INFO  : Checking for hwspec changes in the project design_1_wrapper_hw_platform_0.
19:55:01 INFO  : Connected to target on host '127.0.0.1' and port '3121'.
19:55:02 INFO  : Jtag cable 'Digilent Zed 210248565423' is selected.
19:55:02 INFO  : 'jtag frequency' command is executed.
19:55:02 INFO  : Sourcing of 'D:/Git/cuhk-ceng3430/Project/PS_only/PS_only.sdk/design_1_wrapper_hw_platform_0/ps7_init.tcl' is done.
19:55:02 INFO  : Context for 'APU' is selected.
19:55:02 INFO  : System reset is completed.
19:55:05 INFO  : 'after 3000' command is executed.
19:55:06 INFO  : 'targets -set -filter {jtag_cable_name =~ "Digilent Zed 210248565423" && level==0} -index 1' command is executed.
19:55:08 INFO  : FPGA configured successfully with bitstream "D:/Git/cuhk-ceng3430/Project/PS_only/PS_only.sdk/design_1_wrapper_hw_platform_0/design_1_wrapper.bit"
19:55:08 INFO  : Context for 'APU' is selected.
19:55:08 INFO  : Hardware design information is loaded from 'D:/Git/cuhk-ceng3430/Project/PS_only/PS_only.sdk/design_1_wrapper_hw_platform_0/system.hdf'.
19:55:08 INFO  : Context for 'APU' is selected.
19:55:09 INFO  : 'ps7_init' command is executed.
19:55:09 INFO  : 'ps7_post_config' command is executed.
19:55:09 INFO  : Context for processor 'ps7_cortexa9_0' is selected.
19:55:09 INFO  : The application 'D:/Git/cuhk-ceng3430/Project/PS_only/PS_only.sdk/ps_only/Release/ps_only.elf' is downloaded to processor 'ps7_cortexa9_0'.
19:55:09 INFO  : ----------------XSDB Script----------------
connect -url tcp:127.0.0.1:3121
source D:/Git/cuhk-ceng3430/Project/PS_only/PS_only.sdk/design_1_wrapper_hw_platform_0/ps7_init.tcl
targets -set -nocase -filter {name =~"APU*" && jtag_cable_name =~ "Digilent Zed 210248565423"} -index 0
rst -system
after 3000
targets -set -filter {jtag_cable_name =~ "Digilent Zed 210248565423" && level==0} -index 1
fpga -file D:/Git/cuhk-ceng3430/Project/PS_only/PS_only.sdk/design_1_wrapper_hw_platform_0/design_1_wrapper.bit
targets -set -nocase -filter {name =~"APU*" && jtag_cable_name =~ "Digilent Zed 210248565423"} -index 0
loadhw D:/Git/cuhk-ceng3430/Project/PS_only/PS_only.sdk/design_1_wrapper_hw_platform_0/system.hdf
targets -set -nocase -filter {name =~"APU*" && jtag_cable_name =~ "Digilent Zed 210248565423"} -index 0
ps7_init
ps7_post_config
targets -set -nocase -filter {name =~ "ARM*#0" && jtag_cable_name =~ "Digilent Zed 210248565423"} -index 0
dow D:/Git/cuhk-ceng3430/Project/PS_only/PS_only.sdk/ps_only/Release/ps_only.elf
----------------End of Script----------------

19:55:09 INFO  : Memory regions updated for context APU
19:55:09 INFO  : Context for processor 'ps7_cortexa9_0' is selected.
19:55:09 INFO  : 'con' command is executed.
19:55:09 INFO  : ----------------XSDB Script (After Launch)----------------
targets -set -nocase -filter {name =~ "ARM*#0" && jtag_cable_name =~ "Digilent Zed 210248565423"} -index 0
con
----------------End of Script----------------

19:55:09 INFO  : Launch script is exported to file 'D:\Git\cuhk-ceng3430\Project\PS_only\PS_only.sdk\.sdk\launch_scripts\xilinx_c-c++_application_(system_debugger)\system_debugger_using_release_ps_only.elf_on_local.tcl'
19:56:04 INFO  : Disconnected from the channel tcfchan#1.
19:56:05 INFO  : Connected to target on host '127.0.0.1' and port '3121'.
19:56:05 INFO  : Jtag cable 'Digilent Zed 210248565423' is selected.
19:56:05 INFO  : 'jtag frequency' command is executed.
19:56:05 INFO  : Sourcing of 'D:/Git/cuhk-ceng3430/Project/PS_only/PS_only.sdk/design_1_wrapper_hw_platform_0/ps7_init.tcl' is done.
19:56:05 INFO  : Context for 'APU' is selected.
19:56:05 INFO  : System reset is completed.
19:56:08 INFO  : 'after 3000' command is executed.
19:56:08 INFO  : 'targets -set -filter {jtag_cable_name =~ "Digilent Zed 210248565423" && level==0} -index 1' command is executed.
19:56:11 INFO  : FPGA configured successfully with bitstream "D:/Git/cuhk-ceng3430/Project/PS_only/PS_only.sdk/design_1_wrapper_hw_platform_0/design_1_wrapper.bit"
19:56:11 INFO  : Context for 'APU' is selected.
19:56:13 INFO  : Hardware design information is loaded from 'D:/Git/cuhk-ceng3430/Project/PS_only/PS_only.sdk/design_1_wrapper_hw_platform_0/system.hdf'.
19:56:13 INFO  : Context for 'APU' is selected.
19:56:13 INFO  : 'ps7_init' command is executed.
19:56:13 INFO  : 'ps7_post_config' command is executed.
19:56:13 INFO  : Context for processor 'ps7_cortexa9_0' is selected.
19:56:14 INFO  : The application 'D:/Git/cuhk-ceng3430/Project/PS_only/PS_only.sdk/ps_only/Release/ps_only.elf' is downloaded to processor 'ps7_cortexa9_0'.
19:56:14 INFO  : ----------------XSDB Script----------------
connect -url tcp:127.0.0.1:3121
source D:/Git/cuhk-ceng3430/Project/PS_only/PS_only.sdk/design_1_wrapper_hw_platform_0/ps7_init.tcl
targets -set -nocase -filter {name =~"APU*" && jtag_cable_name =~ "Digilent Zed 210248565423"} -index 0
rst -system
after 3000
targets -set -filter {jtag_cable_name =~ "Digilent Zed 210248565423" && level==0} -index 1
fpga -file D:/Git/cuhk-ceng3430/Project/PS_only/PS_only.sdk/design_1_wrapper_hw_platform_0/design_1_wrapper.bit
targets -set -nocase -filter {name =~"APU*" && jtag_cable_name =~ "Digilent Zed 210248565423"} -index 0
loadhw D:/Git/cuhk-ceng3430/Project/PS_only/PS_only.sdk/design_1_wrapper_hw_platform_0/system.hdf
targets -set -nocase -filter {name =~"APU*" && jtag_cable_name =~ "Digilent Zed 210248565423"} -index 0
ps7_init
ps7_post_config
targets -set -nocase -filter {name =~ "ARM*#0" && jtag_cable_name =~ "Digilent Zed 210248565423"} -index 0
dow D:/Git/cuhk-ceng3430/Project/PS_only/PS_only.sdk/ps_only/Release/ps_only.elf
----------------End of Script----------------

19:56:14 INFO  : Memory regions updated for context APU
19:56:14 INFO  : Context for processor 'ps7_cortexa9_0' is selected.
19:56:14 INFO  : 'con' command is executed.
19:56:14 INFO  : ----------------XSDB Script (After Launch)----------------
targets -set -nocase -filter {name =~ "ARM*#0" && jtag_cable_name =~ "Digilent Zed 210248565423"} -index 0
con
----------------End of Script----------------

19:56:14 INFO  : Launch script is exported to file 'D:\Git\cuhk-ceng3430\Project\PS_only\PS_only.sdk\.sdk\launch_scripts\xilinx_c-c++_application_(system_debugger)\system_debugger_using_release_ps_only.elf_on_local.tcl'
19:56:27 INFO  : Disconnected from the channel tcfchan#2.
19:56:28 INFO  : Connected to target on host '127.0.0.1' and port '3121'.
19:56:28 INFO  : Jtag cable 'Digilent Zed 210248565423' is selected.
19:56:28 INFO  : 'jtag frequency' command is executed.
19:56:28 INFO  : Sourcing of 'D:/Git/cuhk-ceng3430/Project/PS_only/PS_only.sdk/design_1_wrapper_hw_platform_0/ps7_init.tcl' is done.
19:56:28 INFO  : Context for 'APU' is selected.
19:56:28 INFO  : System reset is completed.
19:56:31 INFO  : 'after 3000' command is executed.
19:56:31 INFO  : 'targets -set -filter {jtag_cable_name =~ "Digilent Zed 210248565423" && level==0} -index 1' command is executed.
19:56:34 INFO  : FPGA configured successfully with bitstream "D:/Git/cuhk-ceng3430/Project/PS_only/PS_only.sdk/design_1_wrapper_hw_platform_0/design_1_wrapper.bit"
19:56:34 INFO  : Context for 'APU' is selected.
19:56:36 INFO  : Hardware design information is loaded from 'D:/Git/cuhk-ceng3430/Project/PS_only/PS_only.sdk/design_1_wrapper_hw_platform_0/system.hdf'.
19:56:36 INFO  : Context for 'APU' is selected.
19:56:36 INFO  : 'ps7_init' command is executed.
19:56:36 INFO  : 'ps7_post_config' command is executed.
19:56:36 INFO  : Context for processor 'ps7_cortexa9_0' is selected.
19:56:36 INFO  : The application 'D:/Git/cuhk-ceng3430/Project/PS_only/PS_only.sdk/ps_only/Release/ps_only.elf' is downloaded to processor 'ps7_cortexa9_0'.
19:56:36 INFO  : ----------------XSDB Script----------------
connect -url tcp:127.0.0.1:3121
source D:/Git/cuhk-ceng3430/Project/PS_only/PS_only.sdk/design_1_wrapper_hw_platform_0/ps7_init.tcl
targets -set -nocase -filter {name =~"APU*" && jtag_cable_name =~ "Digilent Zed 210248565423"} -index 0
rst -system
after 3000
targets -set -filter {jtag_cable_name =~ "Digilent Zed 210248565423" && level==0} -index 1
fpga -file D:/Git/cuhk-ceng3430/Project/PS_only/PS_only.sdk/design_1_wrapper_hw_platform_0/design_1_wrapper.bit
targets -set -nocase -filter {name =~"APU*" && jtag_cable_name =~ "Digilent Zed 210248565423"} -index 0
loadhw D:/Git/cuhk-ceng3430/Project/PS_only/PS_only.sdk/design_1_wrapper_hw_platform_0/system.hdf
targets -set -nocase -filter {name =~"APU*" && jtag_cable_name =~ "Digilent Zed 210248565423"} -index 0
ps7_init
ps7_post_config
targets -set -nocase -filter {name =~ "ARM*#0" && jtag_cable_name =~ "Digilent Zed 210248565423"} -index 0
dow D:/Git/cuhk-ceng3430/Project/PS_only/PS_only.sdk/ps_only/Release/ps_only.elf
----------------End of Script----------------

19:56:36 INFO  : Memory regions updated for context APU
19:56:36 INFO  : Context for processor 'ps7_cortexa9_0' is selected.
19:56:36 INFO  : 'con' command is executed.
19:56:36 INFO  : ----------------XSDB Script (After Launch)----------------
targets -set -nocase -filter {name =~ "ARM*#0" && jtag_cable_name =~ "Digilent Zed 210248565423"} -index 0
con
----------------End of Script----------------

19:56:36 INFO  : Launch script is exported to file 'D:\Git\cuhk-ceng3430\Project\PS_only\PS_only.sdk\.sdk\launch_scripts\xilinx_c-c++_application_(system_debugger)\system_debugger_using_release_ps_only.elf_on_local.tcl'
