#-----------------------------------------------------------
# Webtalk v2016.3 (64-bit)
# SW Build 1682563 on Mon Oct 10 19:07:27 MDT 2016
# 
# Start of session at: Wed May 17 19:53:57 2023
# Process ID: 2664
# Current directory: D:/Git/cuhk-ceng3430/Project/PS_only/PS_only.sdk/webtalk
# Command line: wbtcv.exe -mode batch -source sdk_webtalk.tcl
# Log file: D:/Git/cuhk-ceng3430/Project/PS_only/PS_only.sdk/webtalk/webtalk.log
# Journal file: D:/Git/cuhk-ceng3430/Project/PS_only/PS_only.sdk/webtalk\webtalk.jou
#-----------------------------------------------------------
source sdk_webtalk.tcl
# webtalk_init -webtalk_dir D:\\Git\\cuhk-ceng3430\\Project\\PS_only\\PS_only.sdk\\webtalk
# webtalk_register_client -client project
# webtalk_add_data -client project -key date_generated -value "2023-05-17 19:53:55" -context "software_version_and_target_device"
# webtalk_add_data -client project -key product_version -value "SDK v2016.3" -context "software_version_and_target_device"
# webtalk_add_data -client project -key build_version -value "2016.3" -context "software_version_and_target_device"
# webtalk_add_data -client project -key os_platform -value "amd64" -context "software_version_and_target_device"
# webtalk_add_data -client project -key registration_id -value "212288225_0_0_172" -context "software_version_and_target_device"
# webtalk_add_data -client project -key tool_flow -value "SDK" -context "software_version_and_target_device"
# webtalk_add_data -client project -key beta -value "false" -context "software_version_and_target_device"
# webtalk_add_data -client project -key route_design -value "NA" -context "software_version_and_target_device"
# webtalk_add_data -client project -key target_family -value "NA" -context "software_version_and_target_device"
# webtalk_add_data -client project -key target_device -value "NA" -context "software_version_and_target_device"
# webtalk_add_data -client project -key target_package -value "NA" -context "software_version_and_target_device"
# webtalk_add_data -client project -key target_speed -value "NA" -context "software_version_and_target_device"
# webtalk_add_data -client project -key random_id -value "g4cdq7rv9n4lomcej12p9m4ncr" -context "software_version_and_target_device"
# webtalk_add_data -client project -key project_id -value "2016.3_5" -context "software_version_and_target_device"
# webtalk_add_data -client project -key project_iteration -value "5" -context "software_version_and_target_device"
# webtalk_add_data -client project -key os_name -value "Microsoft Windows 8 or later , 64-bit" -context "user_environment"
# webtalk_add_data -client project -key os_release -value "major release  (build 9200)" -context "user_environment"
# webtalk_add_data -client project -key cpu_name -value "Intel(R) Core(TM) i7-8550U CPU @ 1.80GHz" -context "user_environment"
# webtalk_add_data -client project -key cpu_speed -value "1992 MHz" -context "user_environment"
# webtalk_add_data -client project -key total_processors -value "1" -context "user_environment"
# webtalk_add_data -client project -key system_ram -value "12.000 GB" -context "user_environment"
# webtalk_register_client -client sdk
# webtalk_add_data -client sdk -key uid -value "1684323722841" -context "sdk\\\\hardware/1684323722841"
# webtalk_add_data -client sdk -key isZynq -value "true" -context "sdk\\\\hardware/1684323722841"
# webtalk_add_data -client sdk -key isZynqMP -value "false" -context "sdk\\\\hardware/1684323722841"
# webtalk_add_data -client sdk -key Processors -value "2" -context "sdk\\\\hardware/1684323722841"
# webtalk_add_data -client sdk -key VivadoVersion -value "2016.3" -context "sdk\\\\hardware/1684323722841"
# webtalk_add_data -client sdk -key Arch -value "zynq" -context "sdk\\\\hardware/1684323722841"
# webtalk_add_data -client sdk -key Device -value "7z020" -context "sdk\\\\hardware/1684323722841"
# webtalk_add_data -client sdk -key IsHandoff -value "true" -context "sdk\\\\hardware/1684323722841"
# webtalk_add_data -client sdk -key os -value "NA" -context "sdk\\\\hardware/1684323722841"
# webtalk_add_data -client sdk -key apptemplate -value "NA" -context "sdk\\\\hardware/1684323722841"
# webtalk_add_data -client sdk -key RecordType -value "HWCreation" -context "sdk\\\\hardware/1684323722841"
# webtalk_add_data -client sdk -key uid -value "1684323756453" -context "sdk\\\\bsp/1684323756453"
# webtalk_add_data -client sdk -key hwid -value "1684323722841" -context "sdk\\\\bsp/1684323756453"
# webtalk_add_data -client sdk -key os -value "standalone" -context "sdk\\\\bsp/1684323756453"
# webtalk_add_data -client sdk -key apptemplate -value "hello_world" -context "sdk\\\\bsp/1684323756453"
# webtalk_add_data -client sdk -key RecordType -value "BSPCreation" -context "sdk\\\\bsp/1684323756453"
# webtalk_add_data -client sdk -key uid -value "1684323760173" -context "sdk\\\\application/1684323760173"
# webtalk_add_data -client sdk -key hwid -value "1684323722841" -context "sdk\\\\application/1684323760173"
# webtalk_add_data -client sdk -key bspid -value "1684323756453" -context "sdk\\\\application/1684323760173"
# webtalk_add_data -client sdk -key newbsp -value "true" -context "sdk\\\\application/1684323760173"
# webtalk_add_data -client sdk -key os -value "standalone" -context "sdk\\\\application/1684323760173"
# webtalk_add_data -client sdk -key apptemplate -value "hello_world" -context "sdk\\\\application/1684323760173"
# webtalk_add_data -client sdk -key RecordType -value "APPCreation" -context "sdk\\\\application/1684323760173"
# webtalk_add_data -client sdk -key LangUsed -value "C" -context "sdk\\\\application/1684323760173"
# webtalk_add_data -client sdk -key Procused -value "ps7_cortexa9" -context "sdk\\\\application/1684323760173"
# webtalk_add_data -client sdk -key projSize -value "173.5859375" -context "sdk\\\\application/1684323760173"
# webtalk_add_data -client sdk -key uid -value "NA" -context "sdk\\\\bsp/1684324435623"
# webtalk_add_data -client sdk -key RecordType -value "ToolUsage" -context "sdk\\\\bsp/1684324435623"
# webtalk_add_data -client sdk -key BootgenCount -value "0" -context "sdk\\\\bsp/1684324435623"
# webtalk_add_data -client sdk -key DebugCount -value "16" -context "sdk\\\\bsp/1684324435623"
# webtalk_add_data -client sdk -key PerfCount -value "0" -context "sdk\\\\bsp/1684324435623"
# webtalk_add_data -client sdk -key FlashCount -value "0" -context "sdk\\\\bsp/1684324435623"
# webtalk_add_data -client sdk -key CrossTriggCount -value "0" -context "sdk\\\\bsp/1684324435623"
# webtalk_add_data -client sdk -key QemuDebugCount -value "0" -context "sdk\\\\bsp/1684324435623"
# webtalk_transmit -clientid 2780430993 -regid "212288225_0_0_172" -xml D:\\Git\\cuhk-ceng3430\\Project\\PS_only\\PS_only.sdk\\webtalk\\usage_statistics_ext_sdk.xml -html D:\\Git\\cuhk-ceng3430\\Project\\PS_only\\PS_only.sdk\\webtalk\\usage_statistics_ext_sdk.html -wdm D:\\Git\\cuhk-ceng3430\\Project\\PS_only\\PS_only.sdk\\webtalk\\sdk_webtalk.wdm -intro "<H3>SDK Usage Report</H3><BR>"
# webtalk_terminate
INFO: [Common 17-206] Exiting Webtalk at Wed May 17 19:54:05 2023...
