
*** Running vivado
    with args -log object_renderer_controller_0.vds -m64 -product Vivado -mode batch -messageDb vivado.pb -notrace -source object_renderer_controller_0.tcl


****** Vivado v2016.3 (64-bit)
  **** SW Build 1682563 on Mon Oct 10 19:07:27 MDT 2016
  **** IP Build 1681267 on Mon Oct 10 21:28:31 MDT 2016
    ** Copyright 1986-2016 Xilinx, Inc. All Rights Reserved.

source object_renderer_controller_0.tcl -notrace
Command: synth_design -top object_renderer_controller_0 -part xc7z020clg484-1 -mode out_of_context
Starting synth_design
Attempting to get a license for feature 'Synthesis' and/or device 'xc7z020'
INFO: [Common 17-349] Got license for feature 'Synthesis' and/or device 'xc7z020'
INFO: Launching helper process for spawning children vivado processes
INFO: Helper process launched with PID 15764 
---------------------------------------------------------------------------------
Starting RTL Elaboration : Time (s): cpu = 00:00:05 ; elapsed = 00:00:10 . Memory (MB): peak = 292.484 ; gain = 83.207
---------------------------------------------------------------------------------
INFO: [Synth 8-638] synthesizing module 'object_renderer_controller_0' [d:/Git/cuhk-ceng3430/Project/ceng3430_proj_renderer3d/ceng3430_proj_renderer3d.srcs/sources_1/ip/object_renderer_controller_0/synth/object_renderer_controller_0.vhd:82]
	Parameter C_S00_AXI_DATA_WIDTH bound to: 32 - type: integer 
	Parameter C_S00_AXI_ADDR_WIDTH bound to: 9 - type: integer 
INFO: [Synth 8-3491] module 'object_renderer_controller_v1_0' declared at 'd:/Git/cuhk-ceng3430/Project/ceng3430_proj_renderer3d/ceng3430_proj_renderer3d.srcs/sources_1/ip/object_renderer_controller_0/hdl/object_renderer_controller_v1_0.vhd:5' bound to instance 'U0' of component 'object_renderer_controller_v1_0' [d:/Git/cuhk-ceng3430/Project/ceng3430_proj_renderer3d/ceng3430_proj_renderer3d.srcs/sources_1/ip/object_renderer_controller_0/synth/object_renderer_controller_0.vhd:143]
INFO: [Synth 8-638] synthesizing module 'object_renderer_controller_v1_0' [d:/Git/cuhk-ceng3430/Project/ceng3430_proj_renderer3d/ceng3430_proj_renderer3d.srcs/sources_1/ip/object_renderer_controller_0/hdl/object_renderer_controller_v1_0.vhd:49]
	Parameter C_S00_AXI_DATA_WIDTH bound to: 32 - type: integer 
	Parameter C_S00_AXI_ADDR_WIDTH bound to: 9 - type: integer 
	Parameter C_S_AXI_DATA_WIDTH bound to: 32 - type: integer 
	Parameter C_S_AXI_ADDR_WIDTH bound to: 9 - type: integer 
INFO: [Synth 8-3491] module 'object_renderer_controller_v1_0_S00_AXI' declared at 'd:/Git/cuhk-ceng3430/Project/ceng3430_proj_renderer3d/ceng3430_proj_renderer3d.srcs/sources_1/ip/object_renderer_controller_0/hdl/object_renderer_controller_v1_0_S00_AXI.vhd:5' bound to instance 'object_renderer_controller_v1_0_S00_AXI_inst' of component 'object_renderer_controller_v1_0_S00_AXI' [d:/Git/cuhk-ceng3430/Project/ceng3430_proj_renderer3d/ceng3430_proj_renderer3d.srcs/sources_1/ip/object_renderer_controller_0/hdl/object_renderer_controller_v1_0.vhd:85]
INFO: [Synth 8-638] synthesizing module 'object_renderer_controller_v1_0_S00_AXI' [d:/Git/cuhk-ceng3430/Project/ceng3430_proj_renderer3d/ceng3430_proj_renderer3d.srcs/sources_1/ip/object_renderer_controller_0/hdl/object_renderer_controller_v1_0_S00_AXI.vhd:86]
	Parameter C_S_AXI_DATA_WIDTH bound to: 32 - type: integer 
	Parameter C_S_AXI_ADDR_WIDTH bound to: 9 - type: integer 
INFO: [Synth 8-226] default block is never used [d:/Git/cuhk-ceng3430/Project/ceng3430_proj_renderer3d/ceng3430_proj_renderer3d.srcs/sources_1/ip/object_renderer_controller_0/hdl/object_renderer_controller_v1_0_S00_AXI.vhd:1712]
WARNING: [Synth 8-3848] Net slv_reg65 in module/entity object_renderer_controller_v1_0_S00_AXI does not have driver. [d:/Git/cuhk-ceng3430/Project/ceng3430_proj_renderer3d/ceng3430_proj_renderer3d.srcs/sources_1/ip/object_renderer_controller_0/hdl/object_renderer_controller_v1_0_S00_AXI.vhd:176]
WARNING: [Synth 8-3848] Net slv_reg66 in module/entity object_renderer_controller_v1_0_S00_AXI does not have driver. [d:/Git/cuhk-ceng3430/Project/ceng3430_proj_renderer3d/ceng3430_proj_renderer3d.srcs/sources_1/ip/object_renderer_controller_0/hdl/object_renderer_controller_v1_0_S00_AXI.vhd:177]
WARNING: [Synth 8-3848] Net slv_reg67 in module/entity object_renderer_controller_v1_0_S00_AXI does not have driver. [d:/Git/cuhk-ceng3430/Project/ceng3430_proj_renderer3d/ceng3430_proj_renderer3d.srcs/sources_1/ip/object_renderer_controller_0/hdl/object_renderer_controller_v1_0_S00_AXI.vhd:178]
WARNING: [Synth 8-3848] Net slv_reg68 in module/entity object_renderer_controller_v1_0_S00_AXI does not have driver. [d:/Git/cuhk-ceng3430/Project/ceng3430_proj_renderer3d/ceng3430_proj_renderer3d.srcs/sources_1/ip/object_renderer_controller_0/hdl/object_renderer_controller_v1_0_S00_AXI.vhd:179]
WARNING: [Synth 8-3848] Net slv_reg69 in module/entity object_renderer_controller_v1_0_S00_AXI does not have driver. [d:/Git/cuhk-ceng3430/Project/ceng3430_proj_renderer3d/ceng3430_proj_renderer3d.srcs/sources_1/ip/object_renderer_controller_0/hdl/object_renderer_controller_v1_0_S00_AXI.vhd:180]
WARNING: [Synth 8-3848] Net slv_reg70 in module/entity object_renderer_controller_v1_0_S00_AXI does not have driver. [d:/Git/cuhk-ceng3430/Project/ceng3430_proj_renderer3d/ceng3430_proj_renderer3d.srcs/sources_1/ip/object_renderer_controller_0/hdl/object_renderer_controller_v1_0_S00_AXI.vhd:181]
WARNING: [Synth 8-3848] Net slv_reg71 in module/entity object_renderer_controller_v1_0_S00_AXI does not have driver. [d:/Git/cuhk-ceng3430/Project/ceng3430_proj_renderer3d/ceng3430_proj_renderer3d.srcs/sources_1/ip/object_renderer_controller_0/hdl/object_renderer_controller_v1_0_S00_AXI.vhd:182]
WARNING: [Synth 8-3848] Net slv_reg72 in module/entity object_renderer_controller_v1_0_S00_AXI does not have driver. [d:/Git/cuhk-ceng3430/Project/ceng3430_proj_renderer3d/ceng3430_proj_renderer3d.srcs/sources_1/ip/object_renderer_controller_0/hdl/object_renderer_controller_v1_0_S00_AXI.vhd:183]
WARNING: [Synth 8-3848] Net slv_reg73 in module/entity object_renderer_controller_v1_0_S00_AXI does not have driver. [d:/Git/cuhk-ceng3430/Project/ceng3430_proj_renderer3d/ceng3430_proj_renderer3d.srcs/sources_1/ip/object_renderer_controller_0/hdl/object_renderer_controller_v1_0_S00_AXI.vhd:184]
WARNING: [Synth 8-3848] Net slv_reg74 in module/entity object_renderer_controller_v1_0_S00_AXI does not have driver. [d:/Git/cuhk-ceng3430/Project/ceng3430_proj_renderer3d/ceng3430_proj_renderer3d.srcs/sources_1/ip/object_renderer_controller_0/hdl/object_renderer_controller_v1_0_S00_AXI.vhd:185]
WARNING: [Synth 8-3848] Net slv_reg75 in module/entity object_renderer_controller_v1_0_S00_AXI does not have driver. [d:/Git/cuhk-ceng3430/Project/ceng3430_proj_renderer3d/ceng3430_proj_renderer3d.srcs/sources_1/ip/object_renderer_controller_0/hdl/object_renderer_controller_v1_0_S00_AXI.vhd:186]
WARNING: [Synth 8-3848] Net slv_reg76 in module/entity object_renderer_controller_v1_0_S00_AXI does not have driver. [d:/Git/cuhk-ceng3430/Project/ceng3430_proj_renderer3d/ceng3430_proj_renderer3d.srcs/sources_1/ip/object_renderer_controller_0/hdl/object_renderer_controller_v1_0_S00_AXI.vhd:187]
WARNING: [Synth 8-3848] Net slv_reg77 in module/entity object_renderer_controller_v1_0_S00_AXI does not have driver. [d:/Git/cuhk-ceng3430/Project/ceng3430_proj_renderer3d/ceng3430_proj_renderer3d.srcs/sources_1/ip/object_renderer_controller_0/hdl/object_renderer_controller_v1_0_S00_AXI.vhd:188]
WARNING: [Synth 8-3848] Net slv_reg78 in module/entity object_renderer_controller_v1_0_S00_AXI does not have driver. [d:/Git/cuhk-ceng3430/Project/ceng3430_proj_renderer3d/ceng3430_proj_renderer3d.srcs/sources_1/ip/object_renderer_controller_0/hdl/object_renderer_controller_v1_0_S00_AXI.vhd:189]
WARNING: [Synth 8-3848] Net slv_reg79 in module/entity object_renderer_controller_v1_0_S00_AXI does not have driver. [d:/Git/cuhk-ceng3430/Project/ceng3430_proj_renderer3d/ceng3430_proj_renderer3d.srcs/sources_1/ip/object_renderer_controller_0/hdl/object_renderer_controller_v1_0_S00_AXI.vhd:190]
WARNING: [Synth 8-3848] Net slv_reg80 in module/entity object_renderer_controller_v1_0_S00_AXI does not have driver. [d:/Git/cuhk-ceng3430/Project/ceng3430_proj_renderer3d/ceng3430_proj_renderer3d.srcs/sources_1/ip/object_renderer_controller_0/hdl/object_renderer_controller_v1_0_S00_AXI.vhd:191]
WARNING: [Synth 8-3848] Net slv_reg81 in module/entity object_renderer_controller_v1_0_S00_AXI does not have driver. [d:/Git/cuhk-ceng3430/Project/ceng3430_proj_renderer3d/ceng3430_proj_renderer3d.srcs/sources_1/ip/object_renderer_controller_0/hdl/object_renderer_controller_v1_0_S00_AXI.vhd:192]
WARNING: [Synth 8-3848] Net slv_reg82 in module/entity object_renderer_controller_v1_0_S00_AXI does not have driver. [d:/Git/cuhk-ceng3430/Project/ceng3430_proj_renderer3d/ceng3430_proj_renderer3d.srcs/sources_1/ip/object_renderer_controller_0/hdl/object_renderer_controller_v1_0_S00_AXI.vhd:193]
WARNING: [Synth 8-3848] Net slv_reg83 in module/entity object_renderer_controller_v1_0_S00_AXI does not have driver. [d:/Git/cuhk-ceng3430/Project/ceng3430_proj_renderer3d/ceng3430_proj_renderer3d.srcs/sources_1/ip/object_renderer_controller_0/hdl/object_renderer_controller_v1_0_S00_AXI.vhd:194]
WARNING: [Synth 8-3848] Net slv_reg84 in module/entity object_renderer_controller_v1_0_S00_AXI does not have driver. [d:/Git/cuhk-ceng3430/Project/ceng3430_proj_renderer3d/ceng3430_proj_renderer3d.srcs/sources_1/ip/object_renderer_controller_0/hdl/object_renderer_controller_v1_0_S00_AXI.vhd:195]
WARNING: [Synth 8-3848] Net slv_reg85 in module/entity object_renderer_controller_v1_0_S00_AXI does not have driver. [d:/Git/cuhk-ceng3430/Project/ceng3430_proj_renderer3d/ceng3430_proj_renderer3d.srcs/sources_1/ip/object_renderer_controller_0/hdl/object_renderer_controller_v1_0_S00_AXI.vhd:196]
WARNING: [Synth 8-3848] Net slv_reg86 in module/entity object_renderer_controller_v1_0_S00_AXI does not have driver. [d:/Git/cuhk-ceng3430/Project/ceng3430_proj_renderer3d/ceng3430_proj_renderer3d.srcs/sources_1/ip/object_renderer_controller_0/hdl/object_renderer_controller_v1_0_S00_AXI.vhd:197]
WARNING: [Synth 8-3848] Net slv_reg87 in module/entity object_renderer_controller_v1_0_S00_AXI does not have driver. [d:/Git/cuhk-ceng3430/Project/ceng3430_proj_renderer3d/ceng3430_proj_renderer3d.srcs/sources_1/ip/object_renderer_controller_0/hdl/object_renderer_controller_v1_0_S00_AXI.vhd:198]
WARNING: [Synth 8-3848] Net slv_reg88 in module/entity object_renderer_controller_v1_0_S00_AXI does not have driver. [d:/Git/cuhk-ceng3430/Project/ceng3430_proj_renderer3d/ceng3430_proj_renderer3d.srcs/sources_1/ip/object_renderer_controller_0/hdl/object_renderer_controller_v1_0_S00_AXI.vhd:199]
WARNING: [Synth 8-3848] Net slv_reg89 in module/entity object_renderer_controller_v1_0_S00_AXI does not have driver. [d:/Git/cuhk-ceng3430/Project/ceng3430_proj_renderer3d/ceng3430_proj_renderer3d.srcs/sources_1/ip/object_renderer_controller_0/hdl/object_renderer_controller_v1_0_S00_AXI.vhd:200]
WARNING: [Synth 8-3848] Net slv_reg90 in module/entity object_renderer_controller_v1_0_S00_AXI does not have driver. [d:/Git/cuhk-ceng3430/Project/ceng3430_proj_renderer3d/ceng3430_proj_renderer3d.srcs/sources_1/ip/object_renderer_controller_0/hdl/object_renderer_controller_v1_0_S00_AXI.vhd:201]
WARNING: [Synth 8-3848] Net slv_reg91 in module/entity object_renderer_controller_v1_0_S00_AXI does not have driver. [d:/Git/cuhk-ceng3430/Project/ceng3430_proj_renderer3d/ceng3430_proj_renderer3d.srcs/sources_1/ip/object_renderer_controller_0/hdl/object_renderer_controller_v1_0_S00_AXI.vhd:202]
WARNING: [Synth 8-3848] Net slv_reg92 in module/entity object_renderer_controller_v1_0_S00_AXI does not have driver. [d:/Git/cuhk-ceng3430/Project/ceng3430_proj_renderer3d/ceng3430_proj_renderer3d.srcs/sources_1/ip/object_renderer_controller_0/hdl/object_renderer_controller_v1_0_S00_AXI.vhd:203]
WARNING: [Synth 8-3848] Net slv_reg93 in module/entity object_renderer_controller_v1_0_S00_AXI does not have driver. [d:/Git/cuhk-ceng3430/Project/ceng3430_proj_renderer3d/ceng3430_proj_renderer3d.srcs/sources_1/ip/object_renderer_controller_0/hdl/object_renderer_controller_v1_0_S00_AXI.vhd:204]
WARNING: [Synth 8-3848] Net slv_reg94 in module/entity object_renderer_controller_v1_0_S00_AXI does not have driver. [d:/Git/cuhk-ceng3430/Project/ceng3430_proj_renderer3d/ceng3430_proj_renderer3d.srcs/sources_1/ip/object_renderer_controller_0/hdl/object_renderer_controller_v1_0_S00_AXI.vhd:205]
WARNING: [Synth 8-3848] Net slv_reg95 in module/entity object_renderer_controller_v1_0_S00_AXI does not have driver. [d:/Git/cuhk-ceng3430/Project/ceng3430_proj_renderer3d/ceng3430_proj_renderer3d.srcs/sources_1/ip/object_renderer_controller_0/hdl/object_renderer_controller_v1_0_S00_AXI.vhd:206]
WARNING: [Synth 8-3848] Net slv_reg96 in module/entity object_renderer_controller_v1_0_S00_AXI does not have driver. [d:/Git/cuhk-ceng3430/Project/ceng3430_proj_renderer3d/ceng3430_proj_renderer3d.srcs/sources_1/ip/object_renderer_controller_0/hdl/object_renderer_controller_v1_0_S00_AXI.vhd:207]
WARNING: [Synth 8-3848] Net slv_reg97 in module/entity object_renderer_controller_v1_0_S00_AXI does not have driver. [d:/Git/cuhk-ceng3430/Project/ceng3430_proj_renderer3d/ceng3430_proj_renderer3d.srcs/sources_1/ip/object_renderer_controller_0/hdl/object_renderer_controller_v1_0_S00_AXI.vhd:208]
WARNING: [Synth 8-3848] Net slv_reg98 in module/entity object_renderer_controller_v1_0_S00_AXI does not have driver. [d:/Git/cuhk-ceng3430/Project/ceng3430_proj_renderer3d/ceng3430_proj_renderer3d.srcs/sources_1/ip/object_renderer_controller_0/hdl/object_renderer_controller_v1_0_S00_AXI.vhd:209]
WARNING: [Synth 8-3848] Net slv_reg99 in module/entity object_renderer_controller_v1_0_S00_AXI does not have driver. [d:/Git/cuhk-ceng3430/Project/ceng3430_proj_renderer3d/ceng3430_proj_renderer3d.srcs/sources_1/ip/object_renderer_controller_0/hdl/object_renderer_controller_v1_0_S00_AXI.vhd:210]
WARNING: [Synth 8-3848] Net slv_reg100 in module/entity object_renderer_controller_v1_0_S00_AXI does not have driver. [d:/Git/cuhk-ceng3430/Project/ceng3430_proj_renderer3d/ceng3430_proj_renderer3d.srcs/sources_1/ip/object_renderer_controller_0/hdl/object_renderer_controller_v1_0_S00_AXI.vhd:211]
WARNING: [Synth 8-3848] Net slv_reg101 in module/entity object_renderer_controller_v1_0_S00_AXI does not have driver. [d:/Git/cuhk-ceng3430/Project/ceng3430_proj_renderer3d/ceng3430_proj_renderer3d.srcs/sources_1/ip/object_renderer_controller_0/hdl/object_renderer_controller_v1_0_S00_AXI.vhd:212]
WARNING: [Synth 8-3848] Net slv_reg102 in module/entity object_renderer_controller_v1_0_S00_AXI does not have driver. [d:/Git/cuhk-ceng3430/Project/ceng3430_proj_renderer3d/ceng3430_proj_renderer3d.srcs/sources_1/ip/object_renderer_controller_0/hdl/object_renderer_controller_v1_0_S00_AXI.vhd:213]
WARNING: [Synth 8-3848] Net slv_reg103 in module/entity object_renderer_controller_v1_0_S00_AXI does not have driver. [d:/Git/cuhk-ceng3430/Project/ceng3430_proj_renderer3d/ceng3430_proj_renderer3d.srcs/sources_1/ip/object_renderer_controller_0/hdl/object_renderer_controller_v1_0_S00_AXI.vhd:214]
WARNING: [Synth 8-3848] Net slv_reg104 in module/entity object_renderer_controller_v1_0_S00_AXI does not have driver. [d:/Git/cuhk-ceng3430/Project/ceng3430_proj_renderer3d/ceng3430_proj_renderer3d.srcs/sources_1/ip/object_renderer_controller_0/hdl/object_renderer_controller_v1_0_S00_AXI.vhd:215]
WARNING: [Synth 8-3848] Net slv_reg105 in module/entity object_renderer_controller_v1_0_S00_AXI does not have driver. [d:/Git/cuhk-ceng3430/Project/ceng3430_proj_renderer3d/ceng3430_proj_renderer3d.srcs/sources_1/ip/object_renderer_controller_0/hdl/object_renderer_controller_v1_0_S00_AXI.vhd:216]
WARNING: [Synth 8-3848] Net slv_reg106 in module/entity object_renderer_controller_v1_0_S00_AXI does not have driver. [d:/Git/cuhk-ceng3430/Project/ceng3430_proj_renderer3d/ceng3430_proj_renderer3d.srcs/sources_1/ip/object_renderer_controller_0/hdl/object_renderer_controller_v1_0_S00_AXI.vhd:217]
WARNING: [Synth 8-3848] Net slv_reg107 in module/entity object_renderer_controller_v1_0_S00_AXI does not have driver. [d:/Git/cuhk-ceng3430/Project/ceng3430_proj_renderer3d/ceng3430_proj_renderer3d.srcs/sources_1/ip/object_renderer_controller_0/hdl/object_renderer_controller_v1_0_S00_AXI.vhd:218]
WARNING: [Synth 8-3848] Net slv_reg108 in module/entity object_renderer_controller_v1_0_S00_AXI does not have driver. [d:/Git/cuhk-ceng3430/Project/ceng3430_proj_renderer3d/ceng3430_proj_renderer3d.srcs/sources_1/ip/object_renderer_controller_0/hdl/object_renderer_controller_v1_0_S00_AXI.vhd:219]
WARNING: [Synth 8-3848] Net slv_reg109 in module/entity object_renderer_controller_v1_0_S00_AXI does not have driver. [d:/Git/cuhk-ceng3430/Project/ceng3430_proj_renderer3d/ceng3430_proj_renderer3d.srcs/sources_1/ip/object_renderer_controller_0/hdl/object_renderer_controller_v1_0_S00_AXI.vhd:220]
WARNING: [Synth 8-3848] Net slv_reg110 in module/entity object_renderer_controller_v1_0_S00_AXI does not have driver. [d:/Git/cuhk-ceng3430/Project/ceng3430_proj_renderer3d/ceng3430_proj_renderer3d.srcs/sources_1/ip/object_renderer_controller_0/hdl/object_renderer_controller_v1_0_S00_AXI.vhd:221]
WARNING: [Synth 8-3848] Net slv_reg111 in module/entity object_renderer_controller_v1_0_S00_AXI does not have driver. [d:/Git/cuhk-ceng3430/Project/ceng3430_proj_renderer3d/ceng3430_proj_renderer3d.srcs/sources_1/ip/object_renderer_controller_0/hdl/object_renderer_controller_v1_0_S00_AXI.vhd:222]
WARNING: [Synth 8-3848] Net slv_reg112 in module/entity object_renderer_controller_v1_0_S00_AXI does not have driver. [d:/Git/cuhk-ceng3430/Project/ceng3430_proj_renderer3d/ceng3430_proj_renderer3d.srcs/sources_1/ip/object_renderer_controller_0/hdl/object_renderer_controller_v1_0_S00_AXI.vhd:223]
WARNING: [Synth 8-3848] Net slv_reg113 in module/entity object_renderer_controller_v1_0_S00_AXI does not have driver. [d:/Git/cuhk-ceng3430/Project/ceng3430_proj_renderer3d/ceng3430_proj_renderer3d.srcs/sources_1/ip/object_renderer_controller_0/hdl/object_renderer_controller_v1_0_S00_AXI.vhd:224]
WARNING: [Synth 8-3848] Net slv_reg114 in module/entity object_renderer_controller_v1_0_S00_AXI does not have driver. [d:/Git/cuhk-ceng3430/Project/ceng3430_proj_renderer3d/ceng3430_proj_renderer3d.srcs/sources_1/ip/object_renderer_controller_0/hdl/object_renderer_controller_v1_0_S00_AXI.vhd:225]
WARNING: [Synth 8-3848] Net slv_reg115 in module/entity object_renderer_controller_v1_0_S00_AXI does not have driver. [d:/Git/cuhk-ceng3430/Project/ceng3430_proj_renderer3d/ceng3430_proj_renderer3d.srcs/sources_1/ip/object_renderer_controller_0/hdl/object_renderer_controller_v1_0_S00_AXI.vhd:226]
WARNING: [Synth 8-3848] Net slv_reg116 in module/entity object_renderer_controller_v1_0_S00_AXI does not have driver. [d:/Git/cuhk-ceng3430/Project/ceng3430_proj_renderer3d/ceng3430_proj_renderer3d.srcs/sources_1/ip/object_renderer_controller_0/hdl/object_renderer_controller_v1_0_S00_AXI.vhd:227]
WARNING: [Synth 8-3848] Net slv_reg117 in module/entity object_renderer_controller_v1_0_S00_AXI does not have driver. [d:/Git/cuhk-ceng3430/Project/ceng3430_proj_renderer3d/ceng3430_proj_renderer3d.srcs/sources_1/ip/object_renderer_controller_0/hdl/object_renderer_controller_v1_0_S00_AXI.vhd:228]
WARNING: [Synth 8-3848] Net slv_reg118 in module/entity object_renderer_controller_v1_0_S00_AXI does not have driver. [d:/Git/cuhk-ceng3430/Project/ceng3430_proj_renderer3d/ceng3430_proj_renderer3d.srcs/sources_1/ip/object_renderer_controller_0/hdl/object_renderer_controller_v1_0_S00_AXI.vhd:229]
WARNING: [Synth 8-3848] Net slv_reg119 in module/entity object_renderer_controller_v1_0_S00_AXI does not have driver. [d:/Git/cuhk-ceng3430/Project/ceng3430_proj_renderer3d/ceng3430_proj_renderer3d.srcs/sources_1/ip/object_renderer_controller_0/hdl/object_renderer_controller_v1_0_S00_AXI.vhd:230]
WARNING: [Synth 8-3848] Net slv_reg120 in module/entity object_renderer_controller_v1_0_S00_AXI does not have driver. [d:/Git/cuhk-ceng3430/Project/ceng3430_proj_renderer3d/ceng3430_proj_renderer3d.srcs/sources_1/ip/object_renderer_controller_0/hdl/object_renderer_controller_v1_0_S00_AXI.vhd:231]
WARNING: [Synth 8-3848] Net slv_reg121 in module/entity object_renderer_controller_v1_0_S00_AXI does not have driver. [d:/Git/cuhk-ceng3430/Project/ceng3430_proj_renderer3d/ceng3430_proj_renderer3d.srcs/sources_1/ip/object_renderer_controller_0/hdl/object_renderer_controller_v1_0_S00_AXI.vhd:232]
WARNING: [Synth 8-3848] Net slv_reg122 in module/entity object_renderer_controller_v1_0_S00_AXI does not have driver. [d:/Git/cuhk-ceng3430/Project/ceng3430_proj_renderer3d/ceng3430_proj_renderer3d.srcs/sources_1/ip/object_renderer_controller_0/hdl/object_renderer_controller_v1_0_S00_AXI.vhd:233]
WARNING: [Synth 8-3848] Net slv_reg123 in module/entity object_renderer_controller_v1_0_S00_AXI does not have driver. [d:/Git/cuhk-ceng3430/Project/ceng3430_proj_renderer3d/ceng3430_proj_renderer3d.srcs/sources_1/ip/object_renderer_controller_0/hdl/object_renderer_controller_v1_0_S00_AXI.vhd:234]
WARNING: [Synth 8-3848] Net slv_reg124 in module/entity object_renderer_controller_v1_0_S00_AXI does not have driver. [d:/Git/cuhk-ceng3430/Project/ceng3430_proj_renderer3d/ceng3430_proj_renderer3d.srcs/sources_1/ip/object_renderer_controller_0/hdl/object_renderer_controller_v1_0_S00_AXI.vhd:235]
WARNING: [Synth 8-3848] Net slv_reg125 in module/entity object_renderer_controller_v1_0_S00_AXI does not have driver. [d:/Git/cuhk-ceng3430/Project/ceng3430_proj_renderer3d/ceng3430_proj_renderer3d.srcs/sources_1/ip/object_renderer_controller_0/hdl/object_renderer_controller_v1_0_S00_AXI.vhd:236]
WARNING: [Synth 8-3848] Net slv_reg126 in module/entity object_renderer_controller_v1_0_S00_AXI does not have driver. [d:/Git/cuhk-ceng3430/Project/ceng3430_proj_renderer3d/ceng3430_proj_renderer3d.srcs/sources_1/ip/object_renderer_controller_0/hdl/object_renderer_controller_v1_0_S00_AXI.vhd:237]
WARNING: [Synth 8-3848] Net slv_reg127 in module/entity object_renderer_controller_v1_0_S00_AXI does not have driver. [d:/Git/cuhk-ceng3430/Project/ceng3430_proj_renderer3d/ceng3430_proj_renderer3d.srcs/sources_1/ip/object_renderer_controller_0/hdl/object_renderer_controller_v1_0_S00_AXI.vhd:238]
INFO: [Synth 8-256] done synthesizing module 'object_renderer_controller_v1_0_S00_AXI' (1#1) [d:/Git/cuhk-ceng3430/Project/ceng3430_proj_renderer3d/ceng3430_proj_renderer3d.srcs/sources_1/ip/object_renderer_controller_0/hdl/object_renderer_controller_v1_0_S00_AXI.vhd:86]
INFO: [Synth 8-256] done synthesizing module 'object_renderer_controller_v1_0' (2#1) [d:/Git/cuhk-ceng3430/Project/ceng3430_proj_renderer3d/ceng3430_proj_renderer3d.srcs/sources_1/ip/object_renderer_controller_0/hdl/object_renderer_controller_v1_0.vhd:49]
INFO: [Synth 8-256] done synthesizing module 'object_renderer_controller_0' (3#1) [d:/Git/cuhk-ceng3430/Project/ceng3430_proj_renderer3d/ceng3430_proj_renderer3d.srcs/sources_1/ip/object_renderer_controller_0/synth/object_renderer_controller_0.vhd:82]
WARNING: [Synth 8-3331] design object_renderer_controller_v1_0_S00_AXI has unconnected port S_AXI_AWPROT[2]
WARNING: [Synth 8-3331] design object_renderer_controller_v1_0_S00_AXI has unconnected port S_AXI_AWPROT[1]
WARNING: [Synth 8-3331] design object_renderer_controller_v1_0_S00_AXI has unconnected port S_AXI_AWPROT[0]
WARNING: [Synth 8-3331] design object_renderer_controller_v1_0_S00_AXI has unconnected port S_AXI_ARPROT[2]
WARNING: [Synth 8-3331] design object_renderer_controller_v1_0_S00_AXI has unconnected port S_AXI_ARPROT[1]
WARNING: [Synth 8-3331] design object_renderer_controller_v1_0_S00_AXI has unconnected port S_AXI_ARPROT[0]
---------------------------------------------------------------------------------
Finished RTL Elaboration : Time (s): cpu = 00:00:06 ; elapsed = 00:00:12 . Memory (MB): peak = 362.250 ; gain = 152.973
---------------------------------------------------------------------------------

Report Check Netlist: 
+------+------------------+-------+---------+-------+------------------+
|      |Item              |Errors |Warnings |Status |Description       |
+------+------------------+-------+---------+-------+------------------+
|1     |multi_driven_nets |      0|        0|Passed |Multi driven nets |
+------+------------------+-------+---------+-------+------------------+
---------------------------------------------------------------------------------
Finished RTL Optimization Phase 1 : Time (s): cpu = 00:00:06 ; elapsed = 00:00:13 . Memory (MB): peak = 362.250 ; gain = 152.973
---------------------------------------------------------------------------------
INFO: [Device 21-403] Loading part xc7z020clg484-1
INFO: [Project 1-570] Preparing netlist for logic optimization

Processing XDC Constraints
Initializing timing engine
Completed Processing XDC Constraints

INFO: [Project 1-111] Unisim Transformation Summary:
No Unisim elements were transformed.

Constraint Validation Runtime : Time (s): cpu = 00:00:00 ; elapsed = 00:00:00.267 . Memory (MB): peak = 693.289 ; gain = 0.000
---------------------------------------------------------------------------------
Finished Constraint Validation : Time (s): cpu = 00:00:15 ; elapsed = 00:00:27 . Memory (MB): peak = 693.289 ; gain = 484.012
---------------------------------------------------------------------------------
---------------------------------------------------------------------------------
Start Loading Part and Timing Information
---------------------------------------------------------------------------------
Loading part: xc7z020clg484-1
---------------------------------------------------------------------------------
Finished Loading Part and Timing Information : Time (s): cpu = 00:00:15 ; elapsed = 00:00:27 . Memory (MB): peak = 693.289 ; gain = 484.012
---------------------------------------------------------------------------------
---------------------------------------------------------------------------------
Start Applying 'set_property' XDC Constraints
---------------------------------------------------------------------------------
---------------------------------------------------------------------------------
Finished applying 'set_property' XDC Constraints : Time (s): cpu = 00:00:15 ; elapsed = 00:00:27 . Memory (MB): peak = 693.289 ; gain = 484.012
---------------------------------------------------------------------------------
---------------------------------------------------------------------------------
Finished RTL Optimization Phase 2 : Time (s): cpu = 00:00:17 ; elapsed = 00:00:30 . Memory (MB): peak = 693.289 ; gain = 484.012
---------------------------------------------------------------------------------

Report RTL Partitions: 
+-+--------------+------------+----------+
| |RTL Partition |Replication |Instances |
+-+--------------+------------+----------+
+-+--------------+------------+----------+
---------------------------------------------------------------------------------
Start RTL Component Statistics 
---------------------------------------------------------------------------------
Detailed RTL Component Info : 
+---Registers : 
	               32 Bit    Registers := 66    
	                9 Bit    Registers := 2     
	                2 Bit    Registers := 2     
	                1 Bit    Registers := 5     
+---Muxes : 
	  66 Input     32 Bit        Muxes := 65    
	   2 Input     32 Bit        Muxes := 114   
	   2 Input      1 Bit        Muxes := 4     
---------------------------------------------------------------------------------
Finished RTL Component Statistics 
---------------------------------------------------------------------------------
---------------------------------------------------------------------------------
Start RTL Hierarchical Component Statistics 
---------------------------------------------------------------------------------
Hierarchical RTL Component report 
Module object_renderer_controller_v1_0_S00_AXI 
Detailed RTL Component Info : 
+---Registers : 
	               32 Bit    Registers := 66    
	                9 Bit    Registers := 2     
	                2 Bit    Registers := 2     
	                1 Bit    Registers := 5     
+---Muxes : 
	  66 Input     32 Bit        Muxes := 65    
	   2 Input     32 Bit        Muxes := 114   
	   2 Input      1 Bit        Muxes := 4     
---------------------------------------------------------------------------------
Finished RTL Hierarchical Component Statistics
---------------------------------------------------------------------------------
---------------------------------------------------------------------------------
Start Part Resource Summary
---------------------------------------------------------------------------------
Part Resources:
DSPs: 220 (col length:60)
BRAMs: 280 (col length: RAMB18 60 RAMB36 30)
---------------------------------------------------------------------------------
Finished Part Resource Summary
---------------------------------------------------------------------------------
---------------------------------------------------------------------------------
Start Cross Boundary and Area Optimization
---------------------------------------------------------------------------------
WARNING: [Synth 8-3331] design object_renderer_controller_v1_0_S00_AXI has unconnected port S_AXI_AWPROT[2]
WARNING: [Synth 8-3331] design object_renderer_controller_v1_0_S00_AXI has unconnected port S_AXI_AWPROT[1]
WARNING: [Synth 8-3331] design object_renderer_controller_v1_0_S00_AXI has unconnected port S_AXI_AWPROT[0]
WARNING: [Synth 8-3331] design object_renderer_controller_v1_0_S00_AXI has unconnected port S_AXI_ARPROT[2]
WARNING: [Synth 8-3331] design object_renderer_controller_v1_0_S00_AXI has unconnected port S_AXI_ARPROT[1]
WARNING: [Synth 8-3331] design object_renderer_controller_v1_0_S00_AXI has unconnected port S_AXI_ARPROT[0]
INFO: [Synth 8-3886] merging instance 'U0/object_renderer_controller_v1_0_S00_AXI_inst/axi_rresp_reg[0]' (FDRE) to 'U0/object_renderer_controller_v1_0_S00_AXI_inst/axi_rresp_reg[1]'
INFO: [Synth 8-3333] propagating constant 0 across sequential element (\U0/object_renderer_controller_v1_0_S00_AXI_inst /\axi_rresp_reg[1] )
INFO: [Synth 8-3886] merging instance 'U0/object_renderer_controller_v1_0_S00_AXI_inst/axi_bresp_reg[0]' (FDRE) to 'U0/object_renderer_controller_v1_0_S00_AXI_inst/axi_bresp_reg[1]'
INFO: [Synth 8-3333] propagating constant 0 across sequential element (\U0/object_renderer_controller_v1_0_S00_AXI_inst /\axi_bresp_reg[1] )
WARNING: [Synth 8-3332] Sequential element (axi_bresp_reg[1]) is unused and will be removed from module object_renderer_controller_v1_0_S00_AXI.
WARNING: [Synth 8-3332] Sequential element (axi_awaddr_reg[1]) is unused and will be removed from module object_renderer_controller_v1_0_S00_AXI.
WARNING: [Synth 8-3332] Sequential element (axi_awaddr_reg[0]) is unused and will be removed from module object_renderer_controller_v1_0_S00_AXI.
WARNING: [Synth 8-3332] Sequential element (axi_araddr_reg[1]) is unused and will be removed from module object_renderer_controller_v1_0_S00_AXI.
WARNING: [Synth 8-3332] Sequential element (axi_araddr_reg[0]) is unused and will be removed from module object_renderer_controller_v1_0_S00_AXI.
WARNING: [Synth 8-3332] Sequential element (axi_rresp_reg[1]) is unused and will be removed from module object_renderer_controller_v1_0_S00_AXI.
---------------------------------------------------------------------------------
Finished Cross Boundary and Area Optimization : Time (s): cpu = 00:00:22 ; elapsed = 00:00:37 . Memory (MB): peak = 693.289 ; gain = 484.012
---------------------------------------------------------------------------------

Report RTL Partitions: 
+-+--------------+------------+----------+
| |RTL Partition |Replication |Instances |
+-+--------------+------------+----------+
+-+--------------+------------+----------+
---------------------------------------------------------------------------------
Start Timing Optimization
---------------------------------------------------------------------------------
---------------------------------------------------------------------------------
Start Applying XDC Timing Constraints
---------------------------------------------------------------------------------
---------------------------------------------------------------------------------
Finished Applying XDC Timing Constraints : Time (s): cpu = 00:00:30 ; elapsed = 00:00:49 . Memory (MB): peak = 693.289 ; gain = 484.012
---------------------------------------------------------------------------------
---------------------------------------------------------------------------------
Finished Timing Optimization : Time (s): cpu = 00:00:30 ; elapsed = 00:00:50 . Memory (MB): peak = 693.289 ; gain = 484.012
---------------------------------------------------------------------------------

Report RTL Partitions: 
+-+--------------+------------+----------+
| |RTL Partition |Replication |Instances |
+-+--------------+------------+----------+
+-+--------------+------------+----------+
---------------------------------------------------------------------------------
Start Technology Mapping
---------------------------------------------------------------------------------
---------------------------------------------------------------------------------
Finished Technology Mapping : Time (s): cpu = 00:00:30 ; elapsed = 00:00:50 . Memory (MB): peak = 693.289 ; gain = 484.012
---------------------------------------------------------------------------------

Report RTL Partitions: 
+-+--------------+------------+----------+
| |RTL Partition |Replication |Instances |
+-+--------------+------------+----------+
+-+--------------+------------+----------+
---------------------------------------------------------------------------------
Start IO Insertion
---------------------------------------------------------------------------------
---------------------------------------------------------------------------------
Start Flattening Before IO Insertion
---------------------------------------------------------------------------------
---------------------------------------------------------------------------------
Finished Flattening Before IO Insertion
---------------------------------------------------------------------------------
---------------------------------------------------------------------------------
Start Final Netlist Cleanup
---------------------------------------------------------------------------------
---------------------------------------------------------------------------------
Finished Final Netlist Cleanup
---------------------------------------------------------------------------------
---------------------------------------------------------------------------------
Finished IO Insertion : Time (s): cpu = 00:00:31 ; elapsed = 00:00:51 . Memory (MB): peak = 693.289 ; gain = 484.012
---------------------------------------------------------------------------------

Report Check Netlist: 
+------+------------------+-------+---------+-------+------------------+
|      |Item              |Errors |Warnings |Status |Description       |
+------+------------------+-------+---------+-------+------------------+
|1     |multi_driven_nets |      0|        0|Passed |Multi driven nets |
+------+------------------+-------+---------+-------+------------------+
---------------------------------------------------------------------------------
Start Renaming Generated Instances
---------------------------------------------------------------------------------
---------------------------------------------------------------------------------
Finished Renaming Generated Instances : Time (s): cpu = 00:00:31 ; elapsed = 00:00:51 . Memory (MB): peak = 693.289 ; gain = 484.012
---------------------------------------------------------------------------------

Report RTL Partitions: 
+-+--------------+------------+----------+
| |RTL Partition |Replication |Instances |
+-+--------------+------------+----------+
+-+--------------+------------+----------+
---------------------------------------------------------------------------------
Start Rebuilding User Hierarchy
---------------------------------------------------------------------------------
---------------------------------------------------------------------------------
Finished Rebuilding User Hierarchy : Time (s): cpu = 00:00:31 ; elapsed = 00:00:51 . Memory (MB): peak = 693.289 ; gain = 484.012
---------------------------------------------------------------------------------
---------------------------------------------------------------------------------
Start Renaming Generated Ports
---------------------------------------------------------------------------------
---------------------------------------------------------------------------------
Finished Renaming Generated Ports : Time (s): cpu = 00:00:31 ; elapsed = 00:00:51 . Memory (MB): peak = 693.289 ; gain = 484.012
---------------------------------------------------------------------------------
---------------------------------------------------------------------------------
Start Handling Custom Attributes
---------------------------------------------------------------------------------
---------------------------------------------------------------------------------
Finished Handling Custom Attributes : Time (s): cpu = 00:00:31 ; elapsed = 00:00:52 . Memory (MB): peak = 693.289 ; gain = 484.012
---------------------------------------------------------------------------------
---------------------------------------------------------------------------------
Start Renaming Generated Nets
---------------------------------------------------------------------------------
---------------------------------------------------------------------------------
Finished Renaming Generated Nets : Time (s): cpu = 00:00:31 ; elapsed = 00:00:52 . Memory (MB): peak = 693.289 ; gain = 484.012
---------------------------------------------------------------------------------
---------------------------------------------------------------------------------
Start Writing Synthesis Report
---------------------------------------------------------------------------------

Report BlackBoxes: 
+-+--------------+----------+
| |BlackBox name |Instances |
+-+--------------+----------+
+-+--------------+----------+

Report Cell Usage: 
+------+------+------+
|      |Cell  |Count |
+------+------+------+
|1     |LUT1  |     1|
|2     |LUT2  |    37|
|3     |LUT3  |     3|
|4     |LUT4  |     3|
|5     |LUT5  |   260|
|6     |LUT6  |   590|
|7     |MUXF7 |   288|
|8     |MUXF8 |   128|
|9     |FDRE  |  2136|
|10    |FDSE  |    15|
+------+------+------+

Report Instance Areas: 
+------+-------------------------------------------------+----------------------------------------+------+
|      |Instance                                         |Module                                  |Cells |
+------+-------------------------------------------------+----------------------------------------+------+
|1     |top                                              |                                        |  3461|
|2     |  U0                                             |object_renderer_controller_v1_0         |  3461|
|3     |    object_renderer_controller_v1_0_S00_AXI_inst |object_renderer_controller_v1_0_S00_AXI |  3459|
+------+-------------------------------------------------+----------------------------------------+------+
---------------------------------------------------------------------------------
Finished Writing Synthesis Report : Time (s): cpu = 00:00:31 ; elapsed = 00:00:52 . Memory (MB): peak = 693.289 ; gain = 484.012
---------------------------------------------------------------------------------
Synthesis finished with 0 errors, 0 critical warnings and 12 warnings.
Synthesis Optimization Runtime : Time (s): cpu = 00:00:19 ; elapsed = 00:00:37 . Memory (MB): peak = 693.289 ; gain = 145.813
Synthesis Optimization Complete : Time (s): cpu = 00:00:31 ; elapsed = 00:00:52 . Memory (MB): peak = 693.289 ; gain = 484.012
INFO: [Project 1-571] Translating synthesized netlist
WARNING: [Netlist 29-101] Netlist 'object_renderer_controller_0' is not ideal for floorplanning, since the cellview 'object_renderer_controller_v1_0_S00_AXI' contains a large number of primitives.  Please consider enabling hierarchy in synthesis if you want to do floorplanning.
INFO: [Project 1-570] Preparing netlist for logic optimization
INFO: [Opt 31-138] Pushed 0 inverter(s) to 0 load pin(s).
INFO: [Project 1-111] Unisim Transformation Summary:
No Unisim elements were transformed.

INFO: [Common 17-83] Releasing license: Synthesis
22 Infos, 82 Warnings, 0 Critical Warnings and 0 Errors encountered.
synth_design completed successfully
synth_design: Time (s): cpu = 00:00:30 ; elapsed = 00:00:48 . Memory (MB): peak = 693.289 ; gain = 476.852
INFO: [Common 17-1381] The checkpoint 'D:/Git/cuhk-ceng3430/Project/ceng3430_proj_renderer3d/ceng3430_proj_renderer3d.runs/object_renderer_controller_0_synth_1/object_renderer_controller_0.dcp' has been generated.
