Copyright 1986-2016 Xilinx, Inc. All Rights Reserved.
------------------------------------------------------------------------------------
| Tool Version : Vivado v.2016.3 (win64) Build 1682563 Mon Oct 10 19:07:27 MDT 2016
| Date         : Fri May 19 13:08:29 2023
| Host         : LAPTOP-UCKDP9IT running 64-bit major release  (build 9200)
| Command      : upgrade_ip
| Device       : xc7z020clg484-1
------------------------------------------------------------------------------------

Upgrade Log for IP 'cube_renderering_system_cube_renderer_controller_0_0'

1. Summary
----------

SUCCESS in the update of cube_renderering_system_cube_renderer_controller_0_0 (xilinx.com:user:cube_renderer_controller:2.1 (Rev. 21)) to current project options.






Copyright 1986-2016 Xilinx, Inc. All Rights Reserved.
------------------------------------------------------------------------------------
| Tool Version : Vivado v.2016.3 (win64) Build 1682563 Mon Oct 10 19:07:27 MDT 2016
| Date         : Fri May 19 12:05:45 2023
| Host         : LAPTOP-UCKDP9IT running 64-bit major release  (build 9200)
| Command      : upgrade_ip
| Device       : xc7z020clg484-1
------------------------------------------------------------------------------------

Upgrade Log for IP 'cube_renderering_system_cube_renderer_controller_0_0'

1. Summary
----------

SUCCESS in the upgrade of cube_renderering_system_cube_renderer_controller_0_0 (xilinx.com:user:cube_renderer_controller:2.1) from (Rev. 20) to (Rev. 21)






Copyright 1986-2016 Xilinx, Inc. All Rights Reserved.
------------------------------------------------------------------------------------
| Tool Version : Vivado v.2016.3 (win64) Build 1682563 Mon Oct 10 19:07:27 MDT 2016
| Date         : Fri May 19 12:00:59 2023
| Host         : LAPTOP-UCKDP9IT running 64-bit major release  (build 9200)
| Command      : upgrade_ip
| Device       : xc7z020clg484-1
------------------------------------------------------------------------------------

Upgrade Log for IP 'cube_renderering_system_cube_renderer_controller_0_0'

1. Summary
----------

SUCCESS in the upgrade of cube_renderering_system_cube_renderer_controller_0_0 (xilinx.com:user:cube_renderer_controller:2.1) from (Rev. 19) to (Rev. 20)






Copyright 1986-2016 Xilinx, Inc. All Rights Reserved.
------------------------------------------------------------------------------------
| Tool Version : Vivado v.2016.3 (win64) Build 1682563 Mon Oct 10 19:07:27 MDT 2016
| Date         : Fri May 19 11:57:45 2023
| Host         : LAPTOP-UCKDP9IT running 64-bit major release  (build 9200)
| Command      : upgrade_ip
| Device       : xc7z020clg484-1
------------------------------------------------------------------------------------

Upgrade Log for IP 'cube_renderering_system_cube_renderer_controller_0_0'

1. Summary
----------

SUCCESS in the upgrade of cube_renderering_system_cube_renderer_controller_0_0 (xilinx.com:user:cube_renderer_controller:2.1) from (Rev. 18) to (Rev. 19)






Copyright 1986-2016 Xilinx, Inc. All Rights Reserved.
------------------------------------------------------------------------------------
| Tool Version : Vivado v.2016.3 (win64) Build 1682563 Mon Oct 10 19:07:27 MDT 2016
| Date         : Fri May 19 11:55:29 2023
| Host         : LAPTOP-UCKDP9IT running 64-bit major release  (build 9200)
| Command      : upgrade_ip
| Device       : xc7z020clg484-1
------------------------------------------------------------------------------------

Upgrade Log for IP 'cube_renderering_system_cube_renderer_controller_0_0'

1. Summary
----------

SUCCESS in the upgrade of cube_renderering_system_cube_renderer_controller_0_0 (xilinx.com:user:cube_renderer_controller:2.1) from (Rev. 17) to (Rev. 18)






Copyright 1986-2016 Xilinx, Inc. All Rights Reserved.
------------------------------------------------------------------------------------
| Tool Version : Vivado v.2016.3 (win64) Build 1682563 Mon Oct 10 19:07:27 MDT 2016
| Date         : Fri May 19 11:53:20 2023
| Host         : LAPTOP-UCKDP9IT running 64-bit major release  (build 9200)
| Command      : upgrade_ip
| Device       : xc7z020clg484-1
------------------------------------------------------------------------------------

Upgrade Log for IP 'cube_renderering_system_cube_renderer_controller_0_0'

1. Summary
----------

SUCCESS in the upgrade of cube_renderering_system_cube_renderer_controller_0_0 (xilinx.com:user:cube_renderer_controller:2.1) from (Rev. 16) to (Rev. 17)






Copyright 1986-2016 Xilinx, Inc. All Rights Reserved.
------------------------------------------------------------------------------------
| Tool Version : Vivado v.2016.3 (win64) Build 1682563 Mon Oct 10 19:07:27 MDT 2016
| Date         : Fri May 19 11:49:30 2023
| Host         : LAPTOP-UCKDP9IT running 64-bit major release  (build 9200)
| Command      : upgrade_ip
| Device       : xc7z020clg484-1
------------------------------------------------------------------------------------

Upgrade Log for IP 'cube_renderering_system_cube_renderer_controller_0_0'

1. Summary
----------

SUCCESS in the upgrade of cube_renderering_system_cube_renderer_controller_0_0 (xilinx.com:user:cube_renderer_controller:2.1) from (Rev. 15) to (Rev. 16)






Copyright 1986-2016 Xilinx, Inc. All Rights Reserved.
------------------------------------------------------------------------------------
| Tool Version : Vivado v.2016.3 (win64) Build 1682563 Mon Oct 10 19:07:27 MDT 2016
| Date         : Fri May 19 11:47:41 2023
| Host         : LAPTOP-UCKDP9IT running 64-bit major release  (build 9200)
| Command      : upgrade_ip
| Device       : xc7z020clg484-1
------------------------------------------------------------------------------------

Upgrade Log for IP 'cube_renderering_system_cube_renderer_controller_0_0'

1. Summary
----------

SUCCESS in the upgrade of cube_renderering_system_cube_renderer_controller_0_0 (xilinx.com:user:cube_renderer_controller:2.1) from (Rev. 14) to (Rev. 15)






Copyright 1986-2016 Xilinx, Inc. All Rights Reserved.
------------------------------------------------------------------------------------
| Tool Version : Vivado v.2016.3 (win64) Build 1682563 Mon Oct 10 19:07:27 MDT 2016
| Date         : Fri May 19 11:45:01 2023
| Host         : LAPTOP-UCKDP9IT running 64-bit major release  (build 9200)
| Command      : upgrade_ip
| Device       : xc7z020clg484-1
------------------------------------------------------------------------------------

Upgrade Log for IP 'cube_renderering_system_cube_renderer_controller_0_0'

1. Summary
----------

SUCCESS in the upgrade of cube_renderering_system_cube_renderer_controller_0_0 (xilinx.com:user:cube_renderer_controller:2.1) from (Rev. 13) to (Rev. 14)






Copyright 1986-2016 Xilinx, Inc. All Rights Reserved.
------------------------------------------------------------------------------------
| Tool Version : Vivado v.2016.3 (win64) Build 1682563 Mon Oct 10 19:07:27 MDT 2016
| Date         : Fri May 19 11:41:27 2023
| Host         : LAPTOP-UCKDP9IT running 64-bit major release  (build 9200)
| Command      : upgrade_ip
| Device       : xc7z020clg484-1
------------------------------------------------------------------------------------

Upgrade Log for IP 'cube_renderering_system_cube_renderer_controller_0_0'

1. Summary
----------

SUCCESS in the upgrade of cube_renderering_system_cube_renderer_controller_0_0 (xilinx.com:user:cube_renderer_controller:2.1) from (Rev. 12) to (Rev. 13)






Copyright 1986-2016 Xilinx, Inc. All Rights Reserved.
------------------------------------------------------------------------------------
| Tool Version : Vivado v.2016.3 (win64) Build 1682563 Mon Oct 10 19:07:27 MDT 2016
| Date         : Fri May 19 11:38:24 2023
| Host         : LAPTOP-UCKDP9IT running 64-bit major release  (build 9200)
| Command      : upgrade_ip
| Device       : xc7z020clg484-1
------------------------------------------------------------------------------------

Upgrade Log for IP 'cube_renderering_system_cube_renderer_controller_0_0'

1. Summary
----------

SUCCESS in the upgrade of cube_renderering_system_cube_renderer_controller_0_0 (xilinx.com:user:cube_renderer_controller:2.1) from (Rev. 11) to (Rev. 12)






Copyright 1986-2016 Xilinx, Inc. All Rights Reserved.
------------------------------------------------------------------------------------
| Tool Version : Vivado v.2016.3 (win64) Build 1682563 Mon Oct 10 19:07:27 MDT 2016
| Date         : Fri May 19 01:36:19 2023
| Host         : LAPTOP-UCKDP9IT running 64-bit major release  (build 9200)
| Command      : upgrade_ip
| Device       : xc7z020clg484-1
------------------------------------------------------------------------------------

Upgrade Log for IP 'cube_renderering_system_cube_renderer_controller_0_0'

1. Summary
----------

SUCCESS in the upgrade of cube_renderering_system_cube_renderer_controller_0_0 (xilinx.com:user:cube_renderer_controller:2.1) from (Rev. 10) to (Rev. 11)






Copyright 1986-2016 Xilinx, Inc. All Rights Reserved.
------------------------------------------------------------------------------------
| Tool Version : Vivado v.2016.3 (win64) Build 1682563 Mon Oct 10 19:07:27 MDT 2016
| Date         : Fri May 19 01:09:23 2023
| Host         : LAPTOP-UCKDP9IT running 64-bit major release  (build 9200)
| Command      : upgrade_ip
| Device       : xc7z020clg484-1
------------------------------------------------------------------------------------

Upgrade Log for IP 'cube_renderering_system_cube_renderer_controller_0_0'

1. Summary
----------

SUCCESS in the upgrade of cube_renderering_system_cube_renderer_controller_0_0 (xilinx.com:user:cube_renderer_controller:2.1) from (Rev. 9) to (Rev. 10)






Copyright 1986-2016 Xilinx, Inc. All Rights Reserved.
------------------------------------------------------------------------------------
| Tool Version : Vivado v.2016.3 (win64) Build 1682563 Mon Oct 10 19:07:27 MDT 2016
| Date         : Fri May 19 00:34:33 2023
| Host         : LAPTOP-UCKDP9IT running 64-bit major release  (build 9200)
| Command      : upgrade_ip
| Device       : xc7z020clg484-1
------------------------------------------------------------------------------------

Upgrade Log for IP 'cube_renderering_system_cube_renderer_controller_0_0'

1. Summary
----------

SUCCESS in the upgrade of cube_renderering_system_cube_renderer_controller_0_0 (xilinx.com:user:cube_renderer_controller:2.1) from (Rev. 8) to (Rev. 9)






Copyright 1986-2016 Xilinx, Inc. All Rights Reserved.
------------------------------------------------------------------------------------
| Tool Version : Vivado v.2016.3 (win64) Build 1682563 Mon Oct 10 19:07:27 MDT 2016
| Date         : Thu May 18 23:57:18 2023
| Host         : LAPTOP-UCKDP9IT running 64-bit major release  (build 9200)
| Command      : upgrade_ip
| Device       : xc7z020clg484-1
------------------------------------------------------------------------------------

Upgrade Log for IP 'cube_renderering_system_cube_renderer_controller_0_0'

1. Summary
----------

SUCCESS in the upgrade of cube_renderering_system_cube_renderer_controller_0_0 (xilinx.com:user:cube_renderer_controller:2.1) from (Rev. 7) to (Rev. 8)






Copyright 1986-2016 Xilinx, Inc. All Rights Reserved.
------------------------------------------------------------------------------------
| Tool Version : Vivado v.2016.3 (win64) Build 1682563 Mon Oct 10 19:07:27 MDT 2016
| Date         : Thu May 18 23:12:30 2023
| Host         : LAPTOP-UCKDP9IT running 64-bit major release  (build 9200)
| Command      : upgrade_ip
| Device       : xc7z020clg484-1
------------------------------------------------------------------------------------

Upgrade Log for IP 'cube_renderering_system_cube_renderer_controller_0_0'

1. Summary
----------

SUCCESS in the update of cube_renderering_system_cube_renderer_controller_0_0 (xilinx.com:user:cube_renderer_controller:2.1 (Rev. 7)) to current project options.






Copyright 1986-2016 Xilinx, Inc. All Rights Reserved.
------------------------------------------------------------------------------------
| Tool Version : Vivado v.2016.3 (win64) Build 1682563 Mon Oct 10 19:07:27 MDT 2016
| Date         : Thu May 18 23:08:00 2023
| Host         : LAPTOP-UCKDP9IT running 64-bit major release  (build 9200)
| Command      : upgrade_ip
| Device       : xc7z020clg484-1
------------------------------------------------------------------------------------

Upgrade Log for IP 'cube_renderering_system_cube_renderer_controller_0_0'

1. Summary
----------

SUCCESS in the upgrade of cube_renderering_system_cube_renderer_controller_0_0 (xilinx.com:user:cube_renderer_controller:2.1) from (Rev. 6) to (Rev. 7)






Copyright 1986-2016 Xilinx, Inc. All Rights Reserved.
------------------------------------------------------------------------------------
| Tool Version : Vivado v.2016.3 (win64) Build 1682563 Mon Oct 10 19:07:27 MDT 2016
| Date         : Thu May 18 23:05:21 2023
| Host         : LAPTOP-UCKDP9IT running 64-bit major release  (build 9200)
| Command      : upgrade_ip
| Device       : xc7z020clg484-1
------------------------------------------------------------------------------------

Upgrade Log for IP 'cube_renderering_system_cube_renderer_controller_0_0'

1. Summary
----------

SUCCESS in the update of cube_renderering_system_cube_renderer_controller_0_0 (xilinx.com:user:cube_renderer_controller:2.1 (Rev. 6)) to current project options.






Copyright 1986-2016 Xilinx, Inc. All Rights Reserved.
------------------------------------------------------------------------------------
| Tool Version : Vivado v.2016.3 (win64) Build 1682563 Mon Oct 10 19:07:27 MDT 2016
| Date         : Thu May 18 22:43:32 2023
| Host         : LAPTOP-UCKDP9IT running 64-bit major release  (build 9200)
| Command      : upgrade_ip
| Device       : xc7z020clg484-1
------------------------------------------------------------------------------------

Upgrade Log for IP 'cube_renderering_system_cube_renderer_controller_0_0'

1. Summary
----------

SUCCESS in the update of cube_renderering_system_cube_renderer_controller_0_0 (xilinx.com:user:cube_renderer_controller:2.1 (Rev. 6)) to current project options.






Copyright 1986-2016 Xilinx, Inc. All Rights Reserved.
------------------------------------------------------------------------------------
| Tool Version : Vivado v.2016.3 (win64) Build 1682563 Mon Oct 10 19:07:27 MDT 2016
| Date         : Thu May 18 20:09:20 2023
| Host         : LAPTOP-UCKDP9IT running 64-bit major release  (build 9200)
| Command      : upgrade_ip
| Device       : xc7z020clg484-1
------------------------------------------------------------------------------------

Upgrade Log for IP 'cube_renderering_system_cube_renderer_controller_0_0'

1. Summary
----------

SUCCESS in the upgrade of cube_renderering_system_cube_renderer_controller_0_0 (xilinx.com:user:cube_renderer_controller:2.1) from (Rev. 5) to (Rev. 6)






Copyright 1986-2016 Xilinx, Inc. All Rights Reserved.
------------------------------------------------------------------------------------
| Tool Version : Vivado v.2016.3 (win64) Build 1682563 Mon Oct 10 19:07:27 MDT 2016
| Date         : Thu May 18 19:57:31 2023
| Host         : LAPTOP-UCKDP9IT running 64-bit major release  (build 9200)
| Command      : upgrade_ip
| Device       : xc7z020clg484-1
------------------------------------------------------------------------------------

Upgrade Log for IP 'cube_renderering_system_cube_renderer_controller_0_0'

1. Summary
----------

SUCCESS in the upgrade of cube_renderering_system_cube_renderer_controller_0_0 (xilinx.com:user:cube_renderer_controller:2.1) from (Rev. 4) to (Rev. 5)






Copyright 1986-2016 Xilinx, Inc. All Rights Reserved.
------------------------------------------------------------------------------------
| Tool Version : Vivado v.2016.3 (win64) Build 1682563 Mon Oct 10 19:07:27 MDT 2016
| Date         : Thu May 18 19:54:21 2023
| Host         : LAPTOP-UCKDP9IT running 64-bit major release  (build 9200)
| Command      : upgrade_ip
| Device       : xc7z020clg484-1
------------------------------------------------------------------------------------

Upgrade Log for IP 'cube_renderering_system_cube_renderer_controller_0_0'

1. Summary
----------

SUCCESS in the upgrade of cube_renderering_system_cube_renderer_controller_0_0 (xilinx.com:user:cube_renderer_controller:2.1) from (Rev. 3) to (Rev. 4)






Copyright 1986-2016 Xilinx, Inc. All Rights Reserved.
------------------------------------------------------------------------------------
| Tool Version : Vivado v.2016.3 (win64) Build 1682563 Mon Oct 10 19:07:27 MDT 2016
| Date         : Thu May 18 17:03:46 2023
| Host         : LAPTOP-UCKDP9IT running 64-bit major release  (build 9200)
| Command      : upgrade_ip
| Device       : xc7z020clg484-1
------------------------------------------------------------------------------------

Upgrade Log for IP 'cube_renderering_system_cube_renderer_controller_0_0'

1. Summary
----------

SUCCESS in the upgrade of cube_renderering_system_cube_renderer_controller_0_0 (xilinx.com:user:cube_renderer_controller:2.1) from (Rev. 2) to (Rev. 3)






Copyright 1986-2016 Xilinx, Inc. All Rights Reserved.
------------------------------------------------------------------------------------
| Tool Version : Vivado v.2016.3 (win64) Build 1682563 Mon Oct 10 19:07:27 MDT 2016
| Date         : Thu May 18 12:42:31 2023
| Host         : LAPTOP-UCKDP9IT running 64-bit major release  (build 9200)
| Command      : upgrade_ip
| Device       : xc7z020clg484-1
------------------------------------------------------------------------------------

Upgrade Log for IP 'cube_renderering_system_cube_renderer_controller_0_0'

1. Summary
----------

SUCCESS in the upgrade of cube_renderering_system_cube_renderer_controller_0_0 (xilinx.com:user:cube_renderer_controller:2.1) from (Rev. 1) to (Rev. 2)






Copyright 1986-2016 Xilinx, Inc. All Rights Reserved.
------------------------------------------------------------------------------------
| Tool Version : Vivado v.2016.3 (win64) Build 1682563 Mon Oct 10 19:07:27 MDT 2016
| Date         : Thu May 18 12:38:53 2023
| Host         : LAPTOP-UCKDP9IT running 64-bit major release  (build 9200)
| Command      : upgrade_ip
| Device       : xc7z020clg484-1
------------------------------------------------------------------------------------

Upgrade Log for IP 'cube_renderering_system_cube_renderer_controller_0_0'

1. Summary
----------

SUCCESS in the upgrade of cube_renderering_system_cube_renderer_controller_0_0 from xilinx.com:user:cube_renderer_controller:2.0 (Rev. 5) to xilinx.com:user:cube_renderer_controller:2.1 (Rev. 1)






Copyright 1986-2016 Xilinx, Inc. All Rights Reserved.
------------------------------------------------------------------------------------
| Tool Version : Vivado v.2016.3 (win64) Build 1682563 Mon Oct 10 19:07:27 MDT 2016
| Date         : Thu May 18 12:25:26 2023
| Host         : LAPTOP-UCKDP9IT running 64-bit major release  (build 9200)
| Command      : upgrade_ip
| Device       : xc7z020clg484-1
------------------------------------------------------------------------------------

Upgrade Log for IP 'cube_rendering_system_cube_renderer_controller_0_0'

1. Summary
----------

SUCCESS in the upgrade of cube_rendering_system_cube_renderer_controller_0_0 (xilinx.com:user:cube_renderer_controller:2.0) from (Rev. 4) to (Rev. 5)






Copyright 1986-2016 Xilinx, Inc. All Rights Reserved.
------------------------------------------------------------------------------------
| Tool Version : Vivado v.2016.3 (win64) Build 1682563 Mon Oct 10 19:07:27 MDT 2016
| Date         : Thu May 18 12:23:01 2023
| Host         : LAPTOP-UCKDP9IT running 64-bit major release  (build 9200)
| Command      : upgrade_ip
| Device       : xc7z020clg484-1
------------------------------------------------------------------------------------

Upgrade Log for IP 'cube_rendering_system_cube_renderer_controller_0_0'

1. Summary
----------

SUCCESS in the upgrade of cube_rendering_system_cube_renderer_controller_0_0 (xilinx.com:user:cube_renderer_controller:2.0) from (Rev. 3) to (Rev. 4)

