#-----------------------------------------------------------
# Vivado v2016.3 (64-bit)
# SW Build 1682563 on Mon Oct 10 19:07:27 MDT 2016
# IP Build 1681267 on Mon Oct 10 21:28:31 MDT 2016
# Start of session at: Fri May 19 13:07:32 2023
# Process ID: 15860
# Current directory: D:/Git/cuhk-ceng3430/Project/ceng3430_proj_renderer3d
# Command line: vivado.exe -gui_launcher_event rodinguilauncherevent17524 D:\Git\cuhk-ceng3430\Project\ceng3430_proj_renderer3d\ceng3430_proj_renderer3d.xpr
# Log file: D:/Git/cuhk-ceng3430/Project/ceng3430_proj_renderer3d/vivado.log
# Journal file: D:/Git/cuhk-ceng3430/Project/ceng3430_proj_renderer3d\vivado.jou
#-----------------------------------------------------------
start_gui
open_project D:/Git/cuhk-ceng3430/Project/ceng3430_proj_renderer3d/ceng3430_proj_renderer3d.xpr
Scanning sources...
Finished scanning sources
WARNING: [filemgmt 56-3] IP Repository Path: Could not find the directory 'D:/Git/cuhk-ceng3430/Project/ip_repo/cube_renderer_3d_2.1'.
WARNING: [filemgmt 56-3] IP Repository Path: Could not find the directory 'D:/Git/cuhk-ceng3430/Project/ip_repo/object_renderer_controller_1.0'.
INFO: [IP_Flow 19-234] Refreshing IP repositories
WARNING: [IP_Flow 19-2248] Failed to load user IP repository 'd:/Git/cuhk-ceng3430/Project/ip_repo/cube_renderer_3d_2.1'; Can't find the specified path.
If this directory should no longer be in your list of user repositories, go to the IP Settings dialog and remove it.
INFO: [IP_Flow 19-1700] Loaded user IP repository 'd:/Git/cuhk-ceng3430/Project/ip_repo/cube_renderer_controller_2.0'.
WARNING: [IP_Flow 19-2207] Repository 'd:/Git/cuhk-ceng3430/Project/ip_repo/cube_renderer_controller_2.0' already exists; ignoring attempt to add it again.
INFO: [IP_Flow 19-1700] Loaded user IP repository 'd:/Git/cuhk-ceng3430/Project/ip_repo/cube_renderer_controller_2.0'.
WARNING: [IP_Flow 19-2248] Failed to load user IP repository 'd:/Git/cuhk-ceng3430/Project/ip_repo/object_renderer_controller_1.0'; Can't find the specified path.
If this directory should no longer be in your list of user repositories, go to the IP Settings dialog and remove it.
INFO: [IP_Flow 19-2313] Loaded Vivado IP repository 'D:/Xilinx/Vivado/2016.3/data/ip'.
open_project: Time (s): cpu = 00:00:07 ; elapsed = 00:00:13 . Memory (MB): peak = 753.430 ; gain = 123.609
update_ip_catalog -rebuild -scan_changes
INFO: [IP_Flow 19-234] Refreshing IP repositories
WARNING: [IP_Flow 19-2248] Failed to load user IP repository 'd:/Git/cuhk-ceng3430/Project/ip_repo/cube_renderer_3d_2.1'; Can't find the specified path.
If this directory should no longer be in your list of user repositories, go to the IP Settings dialog and remove it.
INFO: [IP_Flow 19-1700] Loaded user IP repository 'd:/Git/cuhk-ceng3430/Project/ip_repo/cube_renderer_controller_2.0'.
WARNING: [IP_Flow 19-2207] Repository 'd:/Git/cuhk-ceng3430/Project/ip_repo/cube_renderer_controller_2.0' already exists; ignoring attempt to add it again.
INFO: [IP_Flow 19-1700] Loaded user IP repository 'd:/Git/cuhk-ceng3430/Project/ip_repo/cube_renderer_controller_2.0'.
WARNING: [IP_Flow 19-2248] Failed to load user IP repository 'd:/Git/cuhk-ceng3430/Project/ip_repo/object_renderer_controller_1.0'; Can't find the specified path.
If this directory should no longer be in your list of user repositories, go to the IP Settings dialog and remove it.
report_ip_status -name ip_status
upgrade_ip -vlnv xilinx.com:user:cube_renderer_controller:2.1 [get_ips  cube_renderering_system_cube_renderer_controller_0_0] -log ip_upgrade.log
Upgrading 'D:/Git/cuhk-ceng3430/Project/ceng3430_proj_renderer3d/ceng3430_proj_renderer3d.srcs/sources_1/bd/cube_renderering_system/cube_renderering_system.bd'
Adding cell -- xilinx.com:ip:processing_system7:5.5 - processing_system7_0
Adding cell -- xilinx.com:ip:proc_sys_reset:5.0 - rst_ps7_0_50M
Adding cell -- xilinx.com:user:cube_renderer_controller:2.1 - cube_renderer_controller_0
Adding cell -- xilinx.com:ip:axi_protocol_converter:2.1 - auto_pc
Successfully read diagram <cube_renderering_system> from BD file <D:/Git/cuhk-ceng3430/Project/ceng3430_proj_renderer3d/ceng3430_proj_renderer3d.srcs/sources_1/bd/cube_renderering_system/cube_renderering_system.bd>
INFO: [IP_Flow 19-1972] Upgraded cube_renderering_system_cube_renderer_controller_0_0 from cube_renderer_controller_v2.0 2.1 to cube_renderer_controller_v2.0 2.1
Wrote  : <D:/Git/cuhk-ceng3430/Project/ceng3430_proj_renderer3d/ceng3430_proj_renderer3d.srcs/sources_1/bd/cube_renderering_system/cube_renderering_system.bd> 
INFO: [Coretcl 2-1525] Wrote upgrade log to 'D:/Git/cuhk-ceng3430/Project/ceng3430_proj_renderer3d/ip_upgrade.log'.
upgrade_ip: Time (s): cpu = 00:00:05 ; elapsed = 00:00:10 . Memory (MB): peak = 808.164 ; gain = 38.992
export_ip_user_files -of_objects [get_ips cube_renderering_system_cube_renderer_controller_0_0] -no_script -sync -force -quiet
set_property synth_checkpoint_mode Hierarchical [get_files  D:/Git/cuhk-ceng3430/Project/ceng3430_proj_renderer3d/ceng3430_proj_renderer3d.srcs/sources_1/bd/cube_renderering_system/cube_renderering_system.bd]
generate_target all [get_files  D:/Git/cuhk-ceng3430/Project/ceng3430_proj_renderer3d/ceng3430_proj_renderer3d.srcs/sources_1/bd/cube_renderering_system/cube_renderering_system.bd]
VHDL Output written to : D:/Git/cuhk-ceng3430/Project/ceng3430_proj_renderer3d/ceng3430_proj_renderer3d.srcs/sources_1/bd/cube_renderering_system/hdl/cube_renderering_system.vhd
VHDL Output written to : D:/Git/cuhk-ceng3430/Project/ceng3430_proj_renderer3d/ceng3430_proj_renderer3d.srcs/sources_1/bd/cube_renderering_system/hdl/cube_renderering_system_wrapper.vhd
Wrote  : <D:/Git/cuhk-ceng3430/Project/ceng3430_proj_renderer3d/ceng3430_proj_renderer3d.srcs/sources_1/bd/cube_renderering_system/cube_renderering_system.bd> 
INFO: [BD 41-1029] Generation completed for the IP Integrator block processing_system7_0 .
INFO: [BD 41-1029] Generation completed for the IP Integrator block cube_renderer_controller_0 .
INFO: [BD 41-1029] Generation completed for the IP Integrator block rst_ps7_0_50M .
INFO: [BD 41-1029] Generation completed for the IP Integrator block ps7_0_axi_periph/s00_couplers/auto_pc .
Exporting to file D:/Git/cuhk-ceng3430/Project/ceng3430_proj_renderer3d/ceng3430_proj_renderer3d.srcs/sources_1/bd/cube_renderering_system/hw_handoff/cube_renderering_system.hwh
Generated Block Design Tcl file D:/Git/cuhk-ceng3430/Project/ceng3430_proj_renderer3d/ceng3430_proj_renderer3d.srcs/sources_1/bd/cube_renderering_system/hw_handoff/cube_renderering_system_bd.tcl
Generated Hardware Definition File D:/Git/cuhk-ceng3430/Project/ceng3430_proj_renderer3d/ceng3430_proj_renderer3d.srcs/sources_1/bd/cube_renderering_system/hdl/cube_renderering_system.hwdef
generate_target: Time (s): cpu = 00:00:05 ; elapsed = 00:00:11 . Memory (MB): peak = 962.684 ; gain = 86.402
catch { config_ip_cache -export [get_ips -all cube_renderering_system_cube_renderer_controller_0_0] }
catch { config_ip_cache -export [get_ips -all cube_renderering_system_auto_pc_0] }
INFO: [IP_Flow 19-4993] Using cached IP synthesis design for IP cube_renderering_system_auto_pc_0, cache-ID = d90f28267b31865a; cache size = 17.882 MB.
export_ip_user_files -of_objects [get_files D:/Git/cuhk-ceng3430/Project/ceng3430_proj_renderer3d/ceng3430_proj_renderer3d.srcs/sources_1/bd/cube_renderering_system/cube_renderering_system.bd] -no_script -sync -force -quiet
create_ip_run [get_files -of_objects [get_fileset sources_1] D:/Git/cuhk-ceng3430/Project/ceng3430_proj_renderer3d/ceng3430_proj_renderer3d.srcs/sources_1/bd/cube_renderering_system/cube_renderering_system.bd]
launch_runs -jobs 2 cube_renderering_system_cube_renderer_controller_0_0_synth_1
[Fri May 19 13:08:51 2023] Launched cube_renderering_system_cube_renderer_controller_0_0_synth_1...
Run output will be captured here: D:/Git/cuhk-ceng3430/Project/ceng3430_proj_renderer3d/ceng3430_proj_renderer3d.runs/cube_renderering_system_cube_renderer_controller_0_0_synth_1/runme.log
export_simulation -of_objects [get_files D:/Git/cuhk-ceng3430/Project/ceng3430_proj_renderer3d/ceng3430_proj_renderer3d.srcs/sources_1/bd/cube_renderering_system/cube_renderering_system.bd] -directory D:/Git/cuhk-ceng3430/Project/ceng3430_proj_renderer3d/ceng3430_proj_renderer3d.ip_user_files/sim_scripts -ip_user_files_dir D:/Git/cuhk-ceng3430/Project/ceng3430_proj_renderer3d/ceng3430_proj_renderer3d.ip_user_files -ipstatic_source_dir D:/Git/cuhk-ceng3430/Project/ceng3430_proj_renderer3d/ceng3430_proj_renderer3d.ip_user_files/ipstatic -lib_map_path [list {modelsim=D:/Git/cuhk-ceng3430/Project/ceng3430_proj_renderer3d/ceng3430_proj_renderer3d.cache/compile_simlib/modelsim} {questa=D:/Git/cuhk-ceng3430/Project/ceng3430_proj_renderer3d/ceng3430_proj_renderer3d.cache/compile_simlib/questa} {riviera=D:/Git/cuhk-ceng3430/Project/ceng3430_proj_renderer3d/ceng3430_proj_renderer3d.cache/compile_simlib/riviera} {activehdl=D:/Git/cuhk-ceng3430/Project/ceng3430_proj_renderer3d/ceng3430_proj_renderer3d.cache/compile_simlib/activehdl}] -use_ip_compiled_libs -force -quiet
reset_run synth_1
launch_runs impl_1 -to_step write_bitstream -jobs 2
[Fri May 19 13:09:56 2023] Launched synth_1...
Run output will be captured here: D:/Git/cuhk-ceng3430/Project/ceng3430_proj_renderer3d/ceng3430_proj_renderer3d.runs/synth_1/runme.log
[Fri May 19 13:09:56 2023] Launched impl_1...
Run output will be captured here: D:/Git/cuhk-ceng3430/Project/ceng3430_proj_renderer3d/ceng3430_proj_renderer3d.runs/impl_1/runme.log
launch_sdk -workspace D:/Git/cuhk-ceng3430/Project/ceng3430_proj_renderer3d/ceng3430_proj_renderer3d.sdk -hwspec D:/Git/cuhk-ceng3430/Project/ceng3430_proj_renderer3d/ceng3430_proj_renderer3d.sdk/cube_renderering_system_wrapper.hdf
INFO: [Vivado 12-393] Launching SDK...
INFO: [Vivado 12-417] Running xsdk -workspace D:/Git/cuhk-ceng3430/Project/ceng3430_proj_renderer3d/ceng3430_proj_renderer3d.sdk -hwspec D:/Git/cuhk-ceng3430/Project/ceng3430_proj_renderer3d/ceng3430_proj_renderer3d.sdk/cube_renderering_system_wrapper.hdf
INFO: [Vivado 12-3157] SDK launch initiated. Please check console for any further messages.
ipx::edit_ip_in_project -upgrade true -name cube_renderer_controller_v2_1_project -directory D:/Git/cuhk-ceng3430/Project/ceng3430_proj_renderer3d/ceng3430_proj_renderer3d.tmp/cube_renderer_controller_v2_1_project d:/Git/cuhk-ceng3430/Project/ip_repo/cube_renderer_controller_2.0/component.xml
INFO: [ProjectBase 1-489] The host OS only allows 260 characters in a normal path. The project is stored in a path with more than 80 characters. If you experience issues with IP, Block Designs, or files not being found, please consider moving the project to a location with a shorter path. Alternately consider using the OS subst command to map part of the path to a drive letter.
Current project path is 'd:/git/cuhk-ceng3430/project/ceng3430_proj_renderer3d/ceng3430_proj_renderer3d.tmp/cube_renderer_controller_v2_1_project'
INFO: [IP_Flow 19-234] Refreshing IP repositories
INFO: [IP_Flow 19-1704] No user IP repositories specified
INFO: [IP_Flow 19-2313] Loaded Vivado IP repository 'D:/Xilinx/Vivado/2016.3/data/ip'.
INFO: [IP_Flow 19-234] Refreshing IP repositories
WARNING: [IP_Flow 19-2248] Failed to load user IP repository 'd:/Git/cuhk-ceng3430/Project/ip_repo/cube_renderer_3d_2.1'; Can't find the specified path.
If this directory should no longer be in your list of user repositories, go to the IP Settings dialog and remove it.
INFO: [IP_Flow 19-1700] Loaded user IP repository 'd:/Git/cuhk-ceng3430/Project/ip_repo/cube_renderer_controller_2.0'.
WARNING: [IP_Flow 19-2207] Repository 'd:/Git/cuhk-ceng3430/Project/ip_repo/cube_renderer_controller_2.0' already exists; ignoring attempt to add it again.
INFO: [IP_Flow 19-1700] Loaded user IP repository 'd:/Git/cuhk-ceng3430/Project/ip_repo/cube_renderer_controller_2.0'.
WARNING: [IP_Flow 19-2248] Failed to load user IP repository 'd:/Git/cuhk-ceng3430/Project/ip_repo/object_renderer_controller_1.0'; Can't find the specified path.
If this directory should no longer be in your list of user repositories, go to the IP Settings dialog and remove it.
INFO: [IP_Flow 19-795] Syncing license key meta-data
INFO: [IP_Flow 19-793] Syncing display name meta-data
INFO: [IP_Flow 19-798] Syncing taxonomy meta-data
INFO: [IP_Flow 19-799] Syncing upgrade version meta-data
add_files -norecurse -scan_for_includes D:/Git/cuhk-ceng3430/Project/srcs/graphics/point_on_segment.vhd
launch_runs impl_1 -to_step write_bitstream -jobs 2
[Fri May 19 13:18:30 2023] Launched synth_1...
Run output will be captured here: d:/git/cuhk-ceng3430/project/ceng3430_proj_renderer3d/ceng3430_proj_renderer3d.tmp/cube_renderer_controller_v2_1_project/cube_renderer_controller_v2_1_project.runs/synth_1/runme.log
[Fri May 19 13:18:30 2023] Launched impl_1...
Run output will be captured here: d:/git/cuhk-ceng3430/project/ceng3430_proj_renderer3d/ceng3430_proj_renderer3d.tmp/cube_renderer_controller_v2_1_project/cube_renderer_controller_v2_1_project.runs/impl_1/runme.log
current_project ceng3430_proj_renderer3d
reset_run impl_1
launch_runs impl_1 -to_step write_bitstream -jobs 2
[Fri May 19 13:20:10 2023] Launched impl_1...
Run output will be captured here: D:/Git/cuhk-ceng3430/Project/ceng3430_proj_renderer3d/ceng3430_proj_renderer3d.runs/impl_1/runme.log
