19:29:40 INFO  : Registering command handlers for SDK TCF services
19:29:41 INFO  : Launching XSCT server: xsct.bat -interactive D:\Git\cuhk-ceng3430\Project\ceng3430_proj_renderer3d\ceng3430_proj_renderer3d.sdk\temp_xsdb_launch_script.tcl
19:29:47 INFO  : XSCT server has started successfully.
19:29:47 INFO  : Successfully done setting XSCT server connection channel  
19:30:06 INFO  : Successfully done setting SDK workspace  
19:30:06 INFO  : Processing command line option -hwspec D:/Git/cuhk-ceng3430/Project/ceng3430_proj_renderer3d/ceng3430_proj_renderer3d.sdk/design_1_wrapper.hdf.
19:31:51 INFO  : Connected to target on host '127.0.0.1' and port '3121'.
19:31:56 INFO  : Connected to target on host '127.0.0.1' and port '3121'.
19:31:56 INFO  : 'targets -set -filter {jtag_cable_name =~ "Digilent Zed 210248565423" && level==0} -index 1' command is executed.
19:31:58 INFO  : FPGA configured successfully with bitstream "D:/Git/cuhk-ceng3430/Project/ceng3430_proj_renderer3d/ceng3430_proj_renderer3d.sdk/design_1_wrapper_hw_platform_0/design_1_wrapper.bit"
19:36:24 ERROR : Unexpected error while parsing XMD response ?: com.google.gson.JsonSyntaxException: com.google.gson.stream.MalformedJsonException: invalid number or unquoted string near 
12:49:53 INFO  : Registering command handlers for SDK TCF services
12:49:54 INFO  : Launching XSCT server: xsct.bat -interactive D:\Git\cuhk-ceng3430\Project\ceng3430_proj_renderer3d\ceng3430_proj_renderer3d.sdk\temp_xsdb_launch_script.tcl
12:49:57 INFO  : XSCT server has started successfully.
12:49:57 INFO  : Successfully done setting XSCT server connection channel  
12:49:57 INFO  : Successfully done setting SDK workspace  
12:49:57 INFO  : Processing command line option -hwspec D:/Git/cuhk-ceng3430/Project/ceng3430_proj_renderer3d/ceng3430_proj_renderer3d.sdk/cube_renderering_system_wrapper.hdf.
12:54:06 INFO  : Saving repository preferences.
12:54:06 INFO  : Reading in cores from local repositories: 
		 D:\Git\cuhk-ceng3430\Project
12:54:06 ERROR : (XSDB Server)ERROR: [Hsi 55-1580] This mem_init_files is not valid driver as it doesn't contain data folder

12:54:06 ERROR : Internal error. Unable to add D:\Git\cuhk-ceng3430\Project as a repository.
12:54:06 INFO  : Cleaning BSP projects in the workspace.
14:58:29 INFO  : 'targets -set -filter {jtag_cable_name =~ "Digilent Zed 210248565423" && level==0} -index 1' command is executed.
14:58:29 INFO  : 'fpga -state' command is executed.
14:58:29 INFO  : Connected to target on host '127.0.0.1' and port '3121'.
14:58:29 INFO  : Jtag cable 'Digilent Zed 210248565423' is selected.
14:58:29 INFO  : 'jtag frequency' command is executed.
14:58:29 INFO  : Sourcing of 'D:/Git/cuhk-ceng3430/Project/ceng3430_proj_renderer3d/ceng3430_proj_renderer3d.sdk/cube_renderering_system_wrapper_hw_platform_0/ps7_init.tcl' is done.
14:58:29 INFO  : Context for 'APU' is selected.
14:58:30 INFO  : Hardware design information is loaded from 'D:/Git/cuhk-ceng3430/Project/ceng3430_proj_renderer3d/ceng3430_proj_renderer3d.sdk/cube_renderering_system_wrapper_hw_platform_0/system.hdf'.
14:58:30 INFO  : Context for 'APU' is selected.
14:58:30 INFO  : 'stop' command is executed.
14:58:30 INFO  : 'ps7_init' command is executed.
14:58:30 INFO  : 'ps7_post_config' command is executed.
14:58:30 INFO  : Context for processor 'ps7_cortexa9_0' is selected.
14:58:30 INFO  : Processor reset is completed for 'ps7_cortexa9_0'.
14:58:30 INFO  : Context for processor 'ps7_cortexa9_0' is selected.
14:58:31 INFO  : The application 'D:/Git/cuhk-ceng3430/Project/ceng3430_proj_renderer3d/ceng3430_proj_renderer3d.sdk/cube_renderer_main/Debug/cube_renderer_main.elf' is downloaded to processor 'ps7_cortexa9_0'.
14:58:31 INFO  : ----------------XSDB Script----------------
connect -url tcp:127.0.0.1:3121
source D:/Git/cuhk-ceng3430/Project/ceng3430_proj_renderer3d/ceng3430_proj_renderer3d.sdk/cube_renderering_system_wrapper_hw_platform_0/ps7_init.tcl
targets -set -nocase -filter {name =~"APU*" && jtag_cable_name =~ "Digilent Zed 210248565423"} -index 0
loadhw D:/Git/cuhk-ceng3430/Project/ceng3430_proj_renderer3d/ceng3430_proj_renderer3d.sdk/cube_renderering_system_wrapper_hw_platform_0/system.hdf
targets -set -nocase -filter {name =~"APU*" && jtag_cable_name =~ "Digilent Zed 210248565423"} -index 0
stop
ps7_init
ps7_post_config
targets -set -nocase -filter {name =~ "ARM*#0" && jtag_cable_name =~ "Digilent Zed 210248565423"} -index 0
rst -processor
targets -set -nocase -filter {name =~ "ARM*#0" && jtag_cable_name =~ "Digilent Zed 210248565423"} -index 0
dow D:/Git/cuhk-ceng3430/Project/ceng3430_proj_renderer3d/ceng3430_proj_renderer3d.sdk/cube_renderer_main/Debug/cube_renderer_main.elf
----------------End of Script----------------

14:58:31 INFO  : Memory regions updated for context APU
14:58:31 INFO  : Context for processor 'ps7_cortexa9_0' is selected.
14:58:31 INFO  : 'con' command is executed.
14:58:31 INFO  : ----------------XSDB Script (After Launch)----------------
targets -set -nocase -filter {name =~ "ARM*#0" && jtag_cable_name =~ "Digilent Zed 210248565423"} -index 0
con
----------------End of Script----------------

14:58:31 INFO  : Launch script is exported to file 'D:\Git\cuhk-ceng3430\Project\ceng3430_proj_renderer3d\ceng3430_proj_renderer3d.sdk\.sdk\launch_scripts\xilinx_c-c++_application_(system_debugger)\system_debugger_using_debug_cube_renderer_main.elf_on_local.tcl'
15:00:48 INFO  : Disconnected from the channel tcfchan#1.
15:00:49 INFO  : 'targets -set -filter {jtag_cable_name =~ "Digilent Zed 210248565423" && level==0} -index 1' command is executed.
15:00:49 INFO  : 'fpga -state' command is executed.
15:00:49 INFO  : Connected to target on host '127.0.0.1' and port '3121'.
15:00:50 INFO  : Jtag cable 'Digilent Zed 210248565423' is selected.
15:00:50 INFO  : 'jtag frequency' command is executed.
15:00:50 INFO  : Sourcing of 'D:/Git/cuhk-ceng3430/Project/ceng3430_proj_renderer3d/ceng3430_proj_renderer3d.sdk/cube_renderering_system_wrapper_hw_platform_0/ps7_init.tcl' is done.
15:00:50 INFO  : Context for 'APU' is selected.
15:00:53 INFO  : Hardware design information is loaded from 'D:/Git/cuhk-ceng3430/Project/ceng3430_proj_renderer3d/ceng3430_proj_renderer3d.sdk/cube_renderering_system_wrapper_hw_platform_0/system.hdf'.
15:00:53 INFO  : Context for 'APU' is selected.
15:00:53 INFO  : 'stop' command is executed.
15:00:53 INFO  : 'ps7_init' command is executed.
15:00:53 INFO  : 'ps7_post_config' command is executed.
15:00:53 INFO  : Context for processor 'ps7_cortexa9_0' is selected.
15:00:53 INFO  : Processor reset is completed for 'ps7_cortexa9_0'.
15:00:53 INFO  : Context for processor 'ps7_cortexa9_0' is selected.
15:00:54 INFO  : The application 'D:/Git/cuhk-ceng3430/Project/ceng3430_proj_renderer3d/ceng3430_proj_renderer3d.sdk/cube_renderer_main/Debug/cube_renderer_main.elf' is downloaded to processor 'ps7_cortexa9_0'.
15:00:54 INFO  : ----------------XSDB Script----------------
connect -url tcp:127.0.0.1:3121
source D:/Git/cuhk-ceng3430/Project/ceng3430_proj_renderer3d/ceng3430_proj_renderer3d.sdk/cube_renderering_system_wrapper_hw_platform_0/ps7_init.tcl
targets -set -nocase -filter {name =~"APU*" && jtag_cable_name =~ "Digilent Zed 210248565423"} -index 0
loadhw D:/Git/cuhk-ceng3430/Project/ceng3430_proj_renderer3d/ceng3430_proj_renderer3d.sdk/cube_renderering_system_wrapper_hw_platform_0/system.hdf
targets -set -nocase -filter {name =~"APU*" && jtag_cable_name =~ "Digilent Zed 210248565423"} -index 0
stop
ps7_init
ps7_post_config
targets -set -nocase -filter {name =~ "ARM*#0" && jtag_cable_name =~ "Digilent Zed 210248565423"} -index 0
rst -processor
targets -set -nocase -filter {name =~ "ARM*#0" && jtag_cable_name =~ "Digilent Zed 210248565423"} -index 0
dow D:/Git/cuhk-ceng3430/Project/ceng3430_proj_renderer3d/ceng3430_proj_renderer3d.sdk/cube_renderer_main/Debug/cube_renderer_main.elf
----------------End of Script----------------

15:00:54 INFO  : Memory regions updated for context APU
15:00:54 INFO  : Context for processor 'ps7_cortexa9_0' is selected.
15:00:54 INFO  : 'con' command is executed.
15:00:54 INFO  : ----------------XSDB Script (After Launch)----------------
targets -set -nocase -filter {name =~ "ARM*#0" && jtag_cable_name =~ "Digilent Zed 210248565423"} -index 0
con
----------------End of Script----------------

15:00:54 INFO  : Launch script is exported to file 'D:\Git\cuhk-ceng3430\Project\ceng3430_proj_renderer3d\ceng3430_proj_renderer3d.sdk\.sdk\launch_scripts\xilinx_c-c++_application_(system_debugger)\system_debugger_using_debug_cube_renderer_main.elf_on_local.tcl'
15:01:20 INFO  : Disconnected from the channel tcfchan#2.
15:01:21 INFO  : 'targets -set -filter {jtag_cable_name =~ "Digilent Zed 210248565423" && level==0} -index 1' command is executed.
15:01:21 INFO  : 'fpga -state' command is executed.
15:01:21 INFO  : Connected to target on host '127.0.0.1' and port '3121'.
15:01:21 INFO  : Jtag cable 'Digilent Zed 210248565423' is selected.
15:01:21 INFO  : 'jtag frequency' command is executed.
15:01:21 INFO  : Sourcing of 'D:/Git/cuhk-ceng3430/Project/ceng3430_proj_renderer3d/ceng3430_proj_renderer3d.sdk/cube_renderering_system_wrapper_hw_platform_0/ps7_init.tcl' is done.
15:01:21 INFO  : Context for 'APU' is selected.
15:01:24 INFO  : Hardware design information is loaded from 'D:/Git/cuhk-ceng3430/Project/ceng3430_proj_renderer3d/ceng3430_proj_renderer3d.sdk/cube_renderering_system_wrapper_hw_platform_0/system.hdf'.
15:01:24 INFO  : Context for 'APU' is selected.
15:01:24 INFO  : 'stop' command is executed.
15:01:24 INFO  : 'ps7_init' command is executed.
15:01:24 INFO  : 'ps7_post_config' command is executed.
15:01:24 INFO  : Context for processor 'ps7_cortexa9_0' is selected.
15:01:24 INFO  : Processor reset is completed for 'ps7_cortexa9_0'.
15:01:25 INFO  : Context for processor 'ps7_cortexa9_0' is selected.
15:01:25 INFO  : The application 'D:/Git/cuhk-ceng3430/Project/ceng3430_proj_renderer3d/ceng3430_proj_renderer3d.sdk/cube_renderer_main/Debug/cube_renderer_main.elf' is downloaded to processor 'ps7_cortexa9_0'.
15:01:25 INFO  : ----------------XSDB Script----------------
connect -url tcp:127.0.0.1:3121
source D:/Git/cuhk-ceng3430/Project/ceng3430_proj_renderer3d/ceng3430_proj_renderer3d.sdk/cube_renderering_system_wrapper_hw_platform_0/ps7_init.tcl
targets -set -nocase -filter {name =~"APU*" && jtag_cable_name =~ "Digilent Zed 210248565423"} -index 0
loadhw D:/Git/cuhk-ceng3430/Project/ceng3430_proj_renderer3d/ceng3430_proj_renderer3d.sdk/cube_renderering_system_wrapper_hw_platform_0/system.hdf
targets -set -nocase -filter {name =~"APU*" && jtag_cable_name =~ "Digilent Zed 210248565423"} -index 0
stop
ps7_init
ps7_post_config
targets -set -nocase -filter {name =~ "ARM*#0" && jtag_cable_name =~ "Digilent Zed 210248565423"} -index 0
rst -processor
targets -set -nocase -filter {name =~ "ARM*#0" && jtag_cable_name =~ "Digilent Zed 210248565423"} -index 0
dow D:/Git/cuhk-ceng3430/Project/ceng3430_proj_renderer3d/ceng3430_proj_renderer3d.sdk/cube_renderer_main/Debug/cube_renderer_main.elf
----------------End of Script----------------

15:01:25 INFO  : Memory regions updated for context APU
15:01:25 INFO  : Context for processor 'ps7_cortexa9_0' is selected.
15:01:25 INFO  : 'con' command is executed.
15:01:25 INFO  : ----------------XSDB Script (After Launch)----------------
targets -set -nocase -filter {name =~ "ARM*#0" && jtag_cable_name =~ "Digilent Zed 210248565423"} -index 0
con
----------------End of Script----------------

15:01:25 INFO  : Launch script is exported to file 'D:\Git\cuhk-ceng3430\Project\ceng3430_proj_renderer3d\ceng3430_proj_renderer3d.sdk\.sdk\launch_scripts\xilinx_c-c++_application_(system_debugger)\system_debugger_using_debug_cube_renderer_main.elf_on_local.tcl'
15:02:04 INFO  : Disconnected from the channel tcfchan#3.
15:02:09 INFO  : ps7_init is completed.
15:02:09 INFO  : ps7_post_config is completed.
15:02:09 INFO  : Processor reset is completed for ps7_cortexa9_0
15:02:41 INFO  : ps7_cortexa9_0 Processor is in use. Please stop existing Run or Debug sessions before launching.
15:02:44 INFO  : Processor reset is completed for ps7_cortexa9_0
15:02:47 ERROR : Unexpected error while launching program.
java.lang.RuntimeException: Target selection failed.
	at com.xilinx.sdk.debug.core.XilinxAppLaunchConfigurationDelegate.debugApplication(XilinxAppLaunchConfigurationDelegate.java:806)
	at com.xilinx.sdk.debug.core.XilinxAppLaunchConfigurationDelegate.launch(XilinxAppLaunchConfigurationDelegate.java:311)
	at com.xilinx.sdk.debug.ui.XilinxAppLaunchDelegateWrapper.launch(XilinxAppLaunchDelegateWrapper.java:31)
	at org.eclipse.debug.internal.core.LaunchConfiguration.launch(LaunchConfiguration.java:885)
	at org.eclipse.debug.internal.core.LaunchConfiguration.launch(LaunchConfiguration.java:739)
	at org.eclipse.debug.internal.ui.DebugUIPlugin.buildAndLaunch(DebugUIPlugin.java:1039)
	at org.eclipse.debug.internal.ui.DebugUIPlugin$8.run(DebugUIPlugin.java:1256)
	at org.eclipse.core.internal.jobs.Worker.run(Worker.java:55)
15:02:47 INFO  : FPGA Cable Disconnected. All active launches will be terminated.
15:03:13 INFO  : ps7_init is completed.
15:03:13 INFO  : ps7_post_config is completed.
15:03:13 INFO  : Processor reset is completed for ps7_cortexa9_0
15:03:43 INFO  : ps7_cortexa9_0 Processor is in use. Please stop existing Run or Debug sessions before launching.
15:03:45 INFO  : Processor reset is completed for ps7_cortexa9_0
15:04:12 INFO  : ps7_cortexa9_0 Processor is in use. Please stop existing Run or Debug sessions before launching.
15:04:15 INFO  : Processor reset is completed for ps7_cortexa9_0
15:04:53 INFO  : 'targets -set -filter {jtag_cable_name =~ "Digilent Zed 210248565423" && level==0} -index 1' command is executed.
15:04:53 INFO  : 'fpga -state' command is executed.
15:04:53 INFO  : Connected to target on host '127.0.0.1' and port '3121'.
15:04:53 INFO  : Jtag cable 'Digilent Zed 210248565423' is selected.
15:04:53 INFO  : 'jtag frequency' command is executed.
15:04:53 INFO  : Sourcing of 'D:/Git/cuhk-ceng3430/Project/ceng3430_proj_renderer3d/ceng3430_proj_renderer3d.sdk/cube_renderering_system_wrapper_hw_platform_0/ps7_init.tcl' is done.
15:04:53 INFO  : Context for 'APU' is selected.
15:04:53 INFO  : Hardware design information is loaded from 'D:/Git/cuhk-ceng3430/Project/ceng3430_proj_renderer3d/ceng3430_proj_renderer3d.sdk/cube_renderering_system_wrapper_hw_platform_0/system.hdf'.
15:04:53 INFO  : Context for 'APU' is selected.
15:04:53 INFO  : 'stop' command is executed.
15:04:54 ERROR : Memory read error at 0xF8F00208. Debug context is claimed by another client
15:04:54 INFO  : ----------------XSDB Script----------------
connect -url tcp:127.0.0.1:3121
source D:/Git/cuhk-ceng3430/Project/ceng3430_proj_renderer3d/ceng3430_proj_renderer3d.sdk/cube_renderering_system_wrapper_hw_platform_0/ps7_init.tcl
targets -set -nocase -filter {name =~"APU*" && jtag_cable_name =~ "Digilent Zed 210248565423"} -index 0
loadhw D:/Git/cuhk-ceng3430/Project/ceng3430_proj_renderer3d/ceng3430_proj_renderer3d.sdk/cube_renderering_system_wrapper_hw_platform_0/system.hdf
targets -set -nocase -filter {name =~"APU*" && jtag_cable_name =~ "Digilent Zed 210248565423"} -index 0
stop
ps7_init
----------------End of Script----------------

15:04:59 INFO  : Memory regions updated for context APU
15:05:12 INFO  : 'targets -set -filter {jtag_cable_name =~ "Digilent Zed 210248565423" && level==0} -index 1' command is executed.
15:05:12 INFO  : 'fpga -state' command is executed.
15:05:12 INFO  : Connected to target on host '127.0.0.1' and port '3121'.
15:05:12 INFO  : Jtag cable 'Digilent Zed 210248565423' is selected.
15:05:12 INFO  : 'jtag frequency' command is executed.
15:05:12 INFO  : Sourcing of 'D:/Git/cuhk-ceng3430/Project/ceng3430_proj_renderer3d/ceng3430_proj_renderer3d.sdk/cube_renderering_system_wrapper_hw_platform_0/ps7_init.tcl' is done.
15:05:12 INFO  : Context for 'APU' is selected.
15:05:12 INFO  : Hardware design information is loaded from 'D:/Git/cuhk-ceng3430/Project/ceng3430_proj_renderer3d/ceng3430_proj_renderer3d.sdk/cube_renderering_system_wrapper_hw_platform_0/system.hdf'.
15:05:12 INFO  : Context for 'APU' is selected.
15:05:12 INFO  : 'stop' command is executed.
15:05:13 INFO  : 'ps7_init' command is executed.
15:05:13 INFO  : 'ps7_post_config' command is executed.
15:05:13 INFO  : Context for processor 'ps7_cortexa9_0' is selected.
15:05:13 INFO  : Processor reset is completed for 'ps7_cortexa9_0'.
15:05:13 INFO  : Context for processor 'ps7_cortexa9_0' is selected.
15:05:13 INFO  : The application 'D:/Git/cuhk-ceng3430/Project/ceng3430_proj_renderer3d/ceng3430_proj_renderer3d.sdk/cube_renderer_main/Debug/cube_renderer_main.elf' is downloaded to processor 'ps7_cortexa9_0'.
15:05:13 INFO  : ----------------XSDB Script----------------
connect -url tcp:127.0.0.1:3121
source D:/Git/cuhk-ceng3430/Project/ceng3430_proj_renderer3d/ceng3430_proj_renderer3d.sdk/cube_renderering_system_wrapper_hw_platform_0/ps7_init.tcl
targets -set -nocase -filter {name =~"APU*" && jtag_cable_name =~ "Digilent Zed 210248565423"} -index 0
loadhw D:/Git/cuhk-ceng3430/Project/ceng3430_proj_renderer3d/ceng3430_proj_renderer3d.sdk/cube_renderering_system_wrapper_hw_platform_0/system.hdf
targets -set -nocase -filter {name =~"APU*" && jtag_cable_name =~ "Digilent Zed 210248565423"} -index 0
stop
ps7_init
ps7_post_config
targets -set -nocase -filter {name =~ "ARM*#0" && jtag_cable_name =~ "Digilent Zed 210248565423"} -index 0
rst -processor
targets -set -nocase -filter {name =~ "ARM*#0" && jtag_cable_name =~ "Digilent Zed 210248565423"} -index 0
dow D:/Git/cuhk-ceng3430/Project/ceng3430_proj_renderer3d/ceng3430_proj_renderer3d.sdk/cube_renderer_main/Debug/cube_renderer_main.elf
----------------End of Script----------------

15:05:13 INFO  : Memory regions updated for context APU
15:05:14 INFO  : Context for processor 'ps7_cortexa9_0' is selected.
15:05:14 INFO  : 'con' command is executed.
15:05:14 INFO  : ----------------XSDB Script (After Launch)----------------
targets -set -nocase -filter {name =~ "ARM*#0" && jtag_cable_name =~ "Digilent Zed 210248565423"} -index 0
con
----------------End of Script----------------

15:05:14 INFO  : Launch script is exported to file 'D:\Git\cuhk-ceng3430\Project\ceng3430_proj_renderer3d\ceng3430_proj_renderer3d.sdk\.sdk\launch_scripts\xilinx_c-c++_application_(system_debugger)\system_debugger_using_debug_cube_renderer_main.elf_on_local.tcl'
15:05:40 INFO  : Connected to target on host '127.0.0.1' and port '3121'.
15:05:40 INFO  : 'targets -set -filter {jtag_cable_name =~ "Digilent Zed 210248565423" && level==0} -index 1' command is executed.
15:05:43 INFO  : FPGA configured successfully with bitstream "D:/Git/cuhk-ceng3430/Project/ceng3430_proj_renderer3d/ceng3430_proj_renderer3d.sdk/cube_renderering_system_wrapper_hw_platform_0/cube_renderering_system_wrapper.bit"
15:06:14 INFO  : Disconnected from the channel tcfchan#4.
15:06:15 INFO  : 'targets -set -filter {jtag_cable_name =~ "Digilent Zed 210248565423" && level==0} -index 1' command is executed.
15:06:15 INFO  : 'fpga -state' command is executed.
15:06:15 INFO  : Connected to target on host '127.0.0.1' and port '3121'.
15:06:15 INFO  : Jtag cable 'Digilent Zed 210248565423' is selected.
15:06:15 INFO  : 'jtag frequency' command is executed.
15:06:15 INFO  : Sourcing of 'D:/Git/cuhk-ceng3430/Project/ceng3430_proj_renderer3d/ceng3430_proj_renderer3d.sdk/cube_renderering_system_wrapper_hw_platform_0/ps7_init.tcl' is done.
15:06:15 INFO  : Context for 'APU' is selected.
15:06:18 INFO  : Hardware design information is loaded from 'D:/Git/cuhk-ceng3430/Project/ceng3430_proj_renderer3d/ceng3430_proj_renderer3d.sdk/cube_renderering_system_wrapper_hw_platform_0/system.hdf'.
15:06:18 INFO  : Context for 'APU' is selected.
15:06:18 INFO  : 'stop' command is executed.
15:06:19 INFO  : 'ps7_init' command is executed.
15:06:19 INFO  : 'ps7_post_config' command is executed.
15:06:19 INFO  : Context for processor 'ps7_cortexa9_0' is selected.
15:06:19 INFO  : Processor reset is completed for 'ps7_cortexa9_0'.
15:06:19 INFO  : Context for processor 'ps7_cortexa9_0' is selected.
15:06:19 INFO  : The application 'D:/Git/cuhk-ceng3430/Project/ceng3430_proj_renderer3d/ceng3430_proj_renderer3d.sdk/cube_renderer_main/Debug/cube_renderer_main.elf' is downloaded to processor 'ps7_cortexa9_0'.
15:06:19 INFO  : ----------------XSDB Script----------------
connect -url tcp:127.0.0.1:3121
source D:/Git/cuhk-ceng3430/Project/ceng3430_proj_renderer3d/ceng3430_proj_renderer3d.sdk/cube_renderering_system_wrapper_hw_platform_0/ps7_init.tcl
targets -set -nocase -filter {name =~"APU*" && jtag_cable_name =~ "Digilent Zed 210248565423"} -index 0
loadhw D:/Git/cuhk-ceng3430/Project/ceng3430_proj_renderer3d/ceng3430_proj_renderer3d.sdk/cube_renderering_system_wrapper_hw_platform_0/system.hdf
targets -set -nocase -filter {name =~"APU*" && jtag_cable_name =~ "Digilent Zed 210248565423"} -index 0
stop
ps7_init
ps7_post_config
targets -set -nocase -filter {name =~ "ARM*#0" && jtag_cable_name =~ "Digilent Zed 210248565423"} -index 0
rst -processor
targets -set -nocase -filter {name =~ "ARM*#0" && jtag_cable_name =~ "Digilent Zed 210248565423"} -index 0
dow D:/Git/cuhk-ceng3430/Project/ceng3430_proj_renderer3d/ceng3430_proj_renderer3d.sdk/cube_renderer_main/Debug/cube_renderer_main.elf
----------------End of Script----------------

15:06:19 INFO  : Memory regions updated for context APU
15:06:19 INFO  : Context for processor 'ps7_cortexa9_0' is selected.
15:06:20 INFO  : 'con' command is executed.
15:06:20 INFO  : ----------------XSDB Script (After Launch)----------------
targets -set -nocase -filter {name =~ "ARM*#0" && jtag_cable_name =~ "Digilent Zed 210248565423"} -index 0
con
----------------End of Script----------------

15:06:20 INFO  : Launch script is exported to file 'D:\Git\cuhk-ceng3430\Project\ceng3430_proj_renderer3d\ceng3430_proj_renderer3d.sdk\.sdk\launch_scripts\xilinx_c-c++_application_(system_debugger)\system_debugger_using_debug_cube_renderer_main.elf_on_local.tcl'
15:07:47 INFO  : Disconnected from the channel tcfchan#5.
15:07:49 INFO  : 'targets -set -filter {jtag_cable_name =~ "Digilent Zed 210248565423" && level==0} -index 1' command is executed.
15:07:49 INFO  : 'fpga -state' command is executed.
15:07:49 INFO  : Connected to target on host '127.0.0.1' and port '3121'.
15:07:49 INFO  : Jtag cable 'Digilent Zed 210248565423' is selected.
15:07:49 INFO  : 'jtag frequency' command is executed.
15:07:49 INFO  : Sourcing of 'D:/Git/cuhk-ceng3430/Project/ceng3430_proj_renderer3d/ceng3430_proj_renderer3d.sdk/cube_renderering_system_wrapper_hw_platform_0/ps7_init.tcl' is done.
15:07:49 INFO  : Context for 'APU' is selected.
15:07:52 INFO  : Hardware design information is loaded from 'D:/Git/cuhk-ceng3430/Project/ceng3430_proj_renderer3d/ceng3430_proj_renderer3d.sdk/cube_renderering_system_wrapper_hw_platform_0/system.hdf'.
15:07:52 INFO  : Context for 'APU' is selected.
15:07:52 INFO  : 'stop' command is executed.
15:07:53 INFO  : 'ps7_init' command is executed.
15:07:53 INFO  : 'ps7_post_config' command is executed.
15:07:53 INFO  : Context for processor 'ps7_cortexa9_0' is selected.
15:07:53 INFO  : Processor reset is completed for 'ps7_cortexa9_0'.
15:07:53 INFO  : Context for processor 'ps7_cortexa9_0' is selected.
15:07:53 INFO  : The application 'D:/Git/cuhk-ceng3430/Project/ceng3430_proj_renderer3d/ceng3430_proj_renderer3d.sdk/cube_renderer_main/Debug/cube_renderer_main.elf' is downloaded to processor 'ps7_cortexa9_0'.
15:07:53 INFO  : ----------------XSDB Script----------------
connect -url tcp:127.0.0.1:3121
source D:/Git/cuhk-ceng3430/Project/ceng3430_proj_renderer3d/ceng3430_proj_renderer3d.sdk/cube_renderering_system_wrapper_hw_platform_0/ps7_init.tcl
targets -set -nocase -filter {name =~"APU*" && jtag_cable_name =~ "Digilent Zed 210248565423"} -index 0
loadhw D:/Git/cuhk-ceng3430/Project/ceng3430_proj_renderer3d/ceng3430_proj_renderer3d.sdk/cube_renderering_system_wrapper_hw_platform_0/system.hdf
targets -set -nocase -filter {name =~"APU*" && jtag_cable_name =~ "Digilent Zed 210248565423"} -index 0
stop
ps7_init
ps7_post_config
targets -set -nocase -filter {name =~ "ARM*#0" && jtag_cable_name =~ "Digilent Zed 210248565423"} -index 0
rst -processor
targets -set -nocase -filter {name =~ "ARM*#0" && jtag_cable_name =~ "Digilent Zed 210248565423"} -index 0
dow D:/Git/cuhk-ceng3430/Project/ceng3430_proj_renderer3d/ceng3430_proj_renderer3d.sdk/cube_renderer_main/Debug/cube_renderer_main.elf
----------------End of Script----------------

15:07:53 INFO  : Memory regions updated for context APU
15:07:53 INFO  : Context for processor 'ps7_cortexa9_0' is selected.
15:07:53 INFO  : 'con' command is executed.
15:07:53 INFO  : ----------------XSDB Script (After Launch)----------------
targets -set -nocase -filter {name =~ "ARM*#0" && jtag_cable_name =~ "Digilent Zed 210248565423"} -index 0
con
----------------End of Script----------------

15:07:53 INFO  : Launch script is exported to file 'D:\Git\cuhk-ceng3430\Project\ceng3430_proj_renderer3d\ceng3430_proj_renderer3d.sdk\.sdk\launch_scripts\xilinx_c-c++_application_(system_debugger)\system_debugger_using_debug_cube_renderer_main.elf_on_local.tcl'
15:09:47 INFO  : Disconnected from the channel tcfchan#6.
15:09:48 INFO  : 'targets -set -filter {jtag_cable_name =~ "Digilent Zed 210248565423" && level==0} -index 1' command is executed.
15:09:48 INFO  : 'fpga -state' command is executed.
15:09:48 INFO  : Connected to target on host '127.0.0.1' and port '3121'.
15:09:49 INFO  : Jtag cable 'Digilent Zed 210248565423' is selected.
15:09:49 INFO  : 'jtag frequency' command is executed.
15:09:49 INFO  : Sourcing of 'D:/Git/cuhk-ceng3430/Project/ceng3430_proj_renderer3d/ceng3430_proj_renderer3d.sdk/cube_renderering_system_wrapper_hw_platform_0/ps7_init.tcl' is done.
15:09:49 INFO  : Context for 'APU' is selected.
15:09:53 INFO  : Hardware design information is loaded from 'D:/Git/cuhk-ceng3430/Project/ceng3430_proj_renderer3d/ceng3430_proj_renderer3d.sdk/cube_renderering_system_wrapper_hw_platform_0/system.hdf'.
15:09:53 INFO  : Context for 'APU' is selected.
15:09:53 INFO  : 'stop' command is executed.
15:09:54 INFO  : 'ps7_init' command is executed.
15:09:54 INFO  : 'ps7_post_config' command is executed.
15:09:54 INFO  : Context for processor 'ps7_cortexa9_0' is selected.
15:09:54 INFO  : Processor reset is completed for 'ps7_cortexa9_0'.
15:09:54 INFO  : Context for processor 'ps7_cortexa9_0' is selected.
15:09:54 INFO  : The application 'D:/Git/cuhk-ceng3430/Project/ceng3430_proj_renderer3d/ceng3430_proj_renderer3d.sdk/cube_renderer_main/Debug/cube_renderer_main.elf' is downloaded to processor 'ps7_cortexa9_0'.
15:09:54 INFO  : ----------------XSDB Script----------------
connect -url tcp:127.0.0.1:3121
source D:/Git/cuhk-ceng3430/Project/ceng3430_proj_renderer3d/ceng3430_proj_renderer3d.sdk/cube_renderering_system_wrapper_hw_platform_0/ps7_init.tcl
targets -set -nocase -filter {name =~"APU*" && jtag_cable_name =~ "Digilent Zed 210248565423"} -index 0
loadhw D:/Git/cuhk-ceng3430/Project/ceng3430_proj_renderer3d/ceng3430_proj_renderer3d.sdk/cube_renderering_system_wrapper_hw_platform_0/system.hdf
targets -set -nocase -filter {name =~"APU*" && jtag_cable_name =~ "Digilent Zed 210248565423"} -index 0
stop
ps7_init
ps7_post_config
targets -set -nocase -filter {name =~ "ARM*#0" && jtag_cable_name =~ "Digilent Zed 210248565423"} -index 0
rst -processor
targets -set -nocase -filter {name =~ "ARM*#0" && jtag_cable_name =~ "Digilent Zed 210248565423"} -index 0
dow D:/Git/cuhk-ceng3430/Project/ceng3430_proj_renderer3d/ceng3430_proj_renderer3d.sdk/cube_renderer_main/Debug/cube_renderer_main.elf
----------------End of Script----------------

15:09:54 INFO  : Memory regions updated for context APU
15:09:54 INFO  : Context for processor 'ps7_cortexa9_0' is selected.
15:09:54 INFO  : 'con' command is executed.
15:09:54 INFO  : ----------------XSDB Script (After Launch)----------------
targets -set -nocase -filter {name =~ "ARM*#0" && jtag_cable_name =~ "Digilent Zed 210248565423"} -index 0
con
----------------End of Script----------------

15:09:54 INFO  : Launch script is exported to file 'D:\Git\cuhk-ceng3430\Project\ceng3430_proj_renderer3d\ceng3430_proj_renderer3d.sdk\.sdk\launch_scripts\xilinx_c-c++_application_(system_debugger)\system_debugger_using_debug_cube_renderer_main.elf_on_local.tcl'
15:10:35 INFO  : Disconnected from the channel tcfchan#7.
15:10:36 INFO  : 'targets -set -filter {jtag_cable_name =~ "Digilent Zed 210248565423" && level==0} -index 1' command is executed.
15:10:36 INFO  : 'fpga -state' command is executed.
15:10:36 INFO  : Connected to target on host '127.0.0.1' and port '3121'.
15:10:36 INFO  : Jtag cable 'Digilent Zed 210248565423' is selected.
15:10:36 INFO  : 'jtag frequency' command is executed.
15:10:36 INFO  : Sourcing of 'D:/Git/cuhk-ceng3430/Project/ceng3430_proj_renderer3d/ceng3430_proj_renderer3d.sdk/cube_renderering_system_wrapper_hw_platform_0/ps7_init.tcl' is done.
15:10:36 INFO  : Context for 'APU' is selected.
15:10:39 INFO  : Hardware design information is loaded from 'D:/Git/cuhk-ceng3430/Project/ceng3430_proj_renderer3d/ceng3430_proj_renderer3d.sdk/cube_renderering_system_wrapper_hw_platform_0/system.hdf'.
15:10:39 INFO  : Context for 'APU' is selected.
15:10:39 INFO  : 'stop' command is executed.
15:10:40 INFO  : 'ps7_init' command is executed.
15:10:40 INFO  : 'ps7_post_config' command is executed.
15:10:40 INFO  : Context for processor 'ps7_cortexa9_0' is selected.
15:10:40 INFO  : Processor reset is completed for 'ps7_cortexa9_0'.
15:10:40 INFO  : Context for processor 'ps7_cortexa9_0' is selected.
15:10:40 INFO  : The application 'D:/Git/cuhk-ceng3430/Project/ceng3430_proj_renderer3d/ceng3430_proj_renderer3d.sdk/cube_renderer_main/Debug/cube_renderer_main.elf' is downloaded to processor 'ps7_cortexa9_0'.
15:10:40 INFO  : ----------------XSDB Script----------------
connect -url tcp:127.0.0.1:3121
source D:/Git/cuhk-ceng3430/Project/ceng3430_proj_renderer3d/ceng3430_proj_renderer3d.sdk/cube_renderering_system_wrapper_hw_platform_0/ps7_init.tcl
targets -set -nocase -filter {name =~"APU*" && jtag_cable_name =~ "Digilent Zed 210248565423"} -index 0
loadhw D:/Git/cuhk-ceng3430/Project/ceng3430_proj_renderer3d/ceng3430_proj_renderer3d.sdk/cube_renderering_system_wrapper_hw_platform_0/system.hdf
targets -set -nocase -filter {name =~"APU*" && jtag_cable_name =~ "Digilent Zed 210248565423"} -index 0
stop
ps7_init
ps7_post_config
targets -set -nocase -filter {name =~ "ARM*#0" && jtag_cable_name =~ "Digilent Zed 210248565423"} -index 0
rst -processor
targets -set -nocase -filter {name =~ "ARM*#0" && jtag_cable_name =~ "Digilent Zed 210248565423"} -index 0
dow D:/Git/cuhk-ceng3430/Project/ceng3430_proj_renderer3d/ceng3430_proj_renderer3d.sdk/cube_renderer_main/Debug/cube_renderer_main.elf
----------------End of Script----------------

15:10:40 INFO  : Memory regions updated for context APU
15:10:40 INFO  : Context for processor 'ps7_cortexa9_0' is selected.
15:10:41 INFO  : 'con' command is executed.
15:10:41 INFO  : ----------------XSDB Script (After Launch)----------------
targets -set -nocase -filter {name =~ "ARM*#0" && jtag_cable_name =~ "Digilent Zed 210248565423"} -index 0
con
----------------End of Script----------------

15:10:41 INFO  : Launch script is exported to file 'D:\Git\cuhk-ceng3430\Project\ceng3430_proj_renderer3d\ceng3430_proj_renderer3d.sdk\.sdk\launch_scripts\xilinx_c-c++_application_(system_debugger)\system_debugger_using_debug_cube_renderer_main.elf_on_local.tcl'
15:11:46 INFO  : Disconnected from the channel tcfchan#8.
15:12:41 INFO  : 'targets -set -filter {jtag_cable_name =~ "Digilent Zed 210248565423" && level==0} -index 1' command is executed.
15:12:42 INFO  : 'fpga -state' command is executed.
15:12:42 INFO  : Connected to target on host '127.0.0.1' and port '3121'.
15:12:42 INFO  : Jtag cable 'Digilent Zed 210248565423' is selected.
15:12:42 INFO  : 'jtag frequency' command is executed.
15:12:42 INFO  : Sourcing of 'D:/Git/cuhk-ceng3430/Project/ceng3430_proj_renderer3d/ceng3430_proj_renderer3d.sdk/cube_renderering_system_wrapper_hw_platform_0/ps7_init.tcl' is done.
15:12:42 INFO  : Context for 'APU' is selected.
15:12:46 INFO  : Hardware design information is loaded from 'D:/Git/cuhk-ceng3430/Project/ceng3430_proj_renderer3d/ceng3430_proj_renderer3d.sdk/cube_renderering_system_wrapper_hw_platform_0/system.hdf'.
15:12:46 INFO  : Context for 'APU' is selected.
15:12:46 INFO  : 'stop' command is executed.
15:12:46 INFO  : 'ps7_init' command is executed.
15:12:46 INFO  : 'ps7_post_config' command is executed.
15:12:47 INFO  : Context for processor 'ps7_cortexa9_0' is selected.
15:12:47 INFO  : Processor reset is completed for 'ps7_cortexa9_0'.
15:12:47 INFO  : Context for processor 'ps7_cortexa9_0' is selected.
15:12:47 INFO  : The application 'D:/Git/cuhk-ceng3430/Project/ceng3430_proj_renderer3d/ceng3430_proj_renderer3d.sdk/cube_renderer_main/Debug/cube_renderer_main.elf' is downloaded to processor 'ps7_cortexa9_0'.
15:12:47 INFO  : ----------------XSDB Script----------------
connect -url tcp:127.0.0.1:3121
source D:/Git/cuhk-ceng3430/Project/ceng3430_proj_renderer3d/ceng3430_proj_renderer3d.sdk/cube_renderering_system_wrapper_hw_platform_0/ps7_init.tcl
targets -set -nocase -filter {name =~"APU*" && jtag_cable_name =~ "Digilent Zed 210248565423"} -index 0
loadhw D:/Git/cuhk-ceng3430/Project/ceng3430_proj_renderer3d/ceng3430_proj_renderer3d.sdk/cube_renderering_system_wrapper_hw_platform_0/system.hdf
targets -set -nocase -filter {name =~"APU*" && jtag_cable_name =~ "Digilent Zed 210248565423"} -index 0
stop
ps7_init
ps7_post_config
targets -set -nocase -filter {name =~ "ARM*#0" && jtag_cable_name =~ "Digilent Zed 210248565423"} -index 0
rst -processor
targets -set -nocase -filter {name =~ "ARM*#0" && jtag_cable_name =~ "Digilent Zed 210248565423"} -index 0
dow D:/Git/cuhk-ceng3430/Project/ceng3430_proj_renderer3d/ceng3430_proj_renderer3d.sdk/cube_renderer_main/Debug/cube_renderer_main.elf
----------------End of Script----------------

15:12:47 INFO  : Memory regions updated for context APU
15:12:47 INFO  : Context for processor 'ps7_cortexa9_0' is selected.
15:12:47 INFO  : 'con' command is executed.
15:12:47 INFO  : ----------------XSDB Script (After Launch)----------------
targets -set -nocase -filter {name =~ "ARM*#0" && jtag_cable_name =~ "Digilent Zed 210248565423"} -index 0
con
----------------End of Script----------------

15:12:47 INFO  : Launch script is exported to file 'D:\Git\cuhk-ceng3430\Project\ceng3430_proj_renderer3d\ceng3430_proj_renderer3d.sdk\.sdk\launch_scripts\xilinx_c-c++_application_(system_debugger)\system_debugger_using_debug_cube_renderer_main.elf_on_local.tcl'
15:13:43 INFO  : Disconnected from the channel tcfchan#9.
15:13:59 INFO  : Connected to target on host '127.0.0.1' and port '3121'.
15:13:59 INFO  : 'targets -set -filter {jtag_cable_name =~ "Digilent Zed 210248565423" && level==0} -index 1' command is executed.
15:14:01 INFO  : FPGA configured successfully with bitstream "D:/Git/cuhk-ceng3430/Project/ceng3430_proj_renderer3d/ceng3430_proj_renderer3d.sdk/cube_renderering_system_wrapper_hw_platform_0/cube_renderering_system_wrapper.bit"
15:17:52 INFO  : 'targets -set -filter {jtag_cable_name =~ "Digilent Zed 210248565423" && level==0} -index 1' command is executed.
15:17:52 INFO  : 'fpga -state' command is executed.
15:17:52 INFO  : Connected to target on host '127.0.0.1' and port '3121'.
15:17:52 INFO  : Jtag cable 'Digilent Zed 210248565423' is selected.
15:17:52 INFO  : 'jtag frequency' command is executed.
15:17:52 INFO  : Sourcing of 'D:/Git/cuhk-ceng3430/Project/ceng3430_proj_renderer3d/ceng3430_proj_renderer3d.sdk/cube_renderering_system_wrapper_hw_platform_0/ps7_init.tcl' is done.
15:17:52 INFO  : Context for 'APU' is selected.
15:17:52 INFO  : Hardware design information is loaded from 'D:/Git/cuhk-ceng3430/Project/ceng3430_proj_renderer3d/ceng3430_proj_renderer3d.sdk/cube_renderering_system_wrapper_hw_platform_0/system.hdf'.
15:17:53 INFO  : Context for 'APU' is selected.
15:17:53 INFO  : 'stop' command is executed.
15:17:54 INFO  : 'ps7_init' command is executed.
15:17:54 INFO  : 'ps7_post_config' command is executed.
15:17:54 INFO  : Context for processor 'ps7_cortexa9_0' is selected.
15:17:54 INFO  : Processor reset is completed for 'ps7_cortexa9_0'.
15:17:54 INFO  : Context for processor 'ps7_cortexa9_0' is selected.
15:17:54 INFO  : The application 'D:/Git/cuhk-ceng3430/Project/ceng3430_proj_renderer3d/ceng3430_proj_renderer3d.sdk/cube_renderer_main/Debug/cube_renderer_main.elf' is downloaded to processor 'ps7_cortexa9_0'.
15:17:54 INFO  : ----------------XSDB Script----------------
connect -url tcp:127.0.0.1:3121
source D:/Git/cuhk-ceng3430/Project/ceng3430_proj_renderer3d/ceng3430_proj_renderer3d.sdk/cube_renderering_system_wrapper_hw_platform_0/ps7_init.tcl
targets -set -nocase -filter {name =~"APU*" && jtag_cable_name =~ "Digilent Zed 210248565423"} -index 0
loadhw D:/Git/cuhk-ceng3430/Project/ceng3430_proj_renderer3d/ceng3430_proj_renderer3d.sdk/cube_renderering_system_wrapper_hw_platform_0/system.hdf
targets -set -nocase -filter {name =~"APU*" && jtag_cable_name =~ "Digilent Zed 210248565423"} -index 0
stop
ps7_init
ps7_post_config
targets -set -nocase -filter {name =~ "ARM*#0" && jtag_cable_name =~ "Digilent Zed 210248565423"} -index 0
rst -processor
targets -set -nocase -filter {name =~ "ARM*#0" && jtag_cable_name =~ "Digilent Zed 210248565423"} -index 0
dow D:/Git/cuhk-ceng3430/Project/ceng3430_proj_renderer3d/ceng3430_proj_renderer3d.sdk/cube_renderer_main/Debug/cube_renderer_main.elf
----------------End of Script----------------

15:17:54 INFO  : Memory regions updated for context APU
15:17:54 INFO  : Context for processor 'ps7_cortexa9_0' is selected.
15:17:55 INFO  : 'con' command is executed.
15:17:55 INFO  : ----------------XSDB Script (After Launch)----------------
targets -set -nocase -filter {name =~ "ARM*#0" && jtag_cable_name =~ "Digilent Zed 210248565423"} -index 0
con
----------------End of Script----------------

15:17:55 INFO  : Launch script is exported to file 'D:\Git\cuhk-ceng3430\Project\ceng3430_proj_renderer3d\ceng3430_proj_renderer3d.sdk\.sdk\launch_scripts\xilinx_c-c++_application_(system_debugger)\system_debugger_using_debug_cube_renderer_main.elf_on_local.tcl'
15:18:14 INFO  : Disconnected from the channel tcfchan#10.
15:18:15 INFO  : 'targets -set -filter {jtag_cable_name =~ "Digilent Zed 210248565423" && level==0} -index 1' command is executed.
15:18:15 INFO  : 'fpga -state' command is executed.
15:18:15 INFO  : Connected to target on host '127.0.0.1' and port '3121'.
15:18:16 INFO  : Jtag cable 'Digilent Zed 210248565423' is selected.
15:18:16 INFO  : 'jtag frequency' command is executed.
15:18:16 INFO  : Sourcing of 'D:/Git/cuhk-ceng3430/Project/ceng3430_proj_renderer3d/ceng3430_proj_renderer3d.sdk/cube_renderering_system_wrapper_hw_platform_0/ps7_init.tcl' is done.
15:18:16 INFO  : Context for 'APU' is selected.
15:18:19 INFO  : Hardware design information is loaded from 'D:/Git/cuhk-ceng3430/Project/ceng3430_proj_renderer3d/ceng3430_proj_renderer3d.sdk/cube_renderering_system_wrapper_hw_platform_0/system.hdf'.
15:18:20 INFO  : Context for 'APU' is selected.
15:18:20 INFO  : 'stop' command is executed.
15:18:20 INFO  : 'ps7_init' command is executed.
15:18:20 INFO  : 'ps7_post_config' command is executed.
15:18:20 INFO  : Context for processor 'ps7_cortexa9_0' is selected.
15:18:21 INFO  : Processor reset is completed for 'ps7_cortexa9_0'.
15:18:21 INFO  : Context for processor 'ps7_cortexa9_0' is selected.
15:18:21 INFO  : The application 'D:/Git/cuhk-ceng3430/Project/ceng3430_proj_renderer3d/ceng3430_proj_renderer3d.sdk/cube_renderer_main/Debug/cube_renderer_main.elf' is downloaded to processor 'ps7_cortexa9_0'.
15:18:21 INFO  : ----------------XSDB Script----------------
connect -url tcp:127.0.0.1:3121
source D:/Git/cuhk-ceng3430/Project/ceng3430_proj_renderer3d/ceng3430_proj_renderer3d.sdk/cube_renderering_system_wrapper_hw_platform_0/ps7_init.tcl
targets -set -nocase -filter {name =~"APU*" && jtag_cable_name =~ "Digilent Zed 210248565423"} -index 0
loadhw D:/Git/cuhk-ceng3430/Project/ceng3430_proj_renderer3d/ceng3430_proj_renderer3d.sdk/cube_renderering_system_wrapper_hw_platform_0/system.hdf
targets -set -nocase -filter {name =~"APU*" && jtag_cable_name =~ "Digilent Zed 210248565423"} -index 0
stop
ps7_init
ps7_post_config
targets -set -nocase -filter {name =~ "ARM*#0" && jtag_cable_name =~ "Digilent Zed 210248565423"} -index 0
rst -processor
targets -set -nocase -filter {name =~ "ARM*#0" && jtag_cable_name =~ "Digilent Zed 210248565423"} -index 0
dow D:/Git/cuhk-ceng3430/Project/ceng3430_proj_renderer3d/ceng3430_proj_renderer3d.sdk/cube_renderer_main/Debug/cube_renderer_main.elf
----------------End of Script----------------

15:18:21 INFO  : Memory regions updated for context APU
15:18:21 INFO  : Context for processor 'ps7_cortexa9_0' is selected.
15:18:21 INFO  : 'con' command is executed.
15:18:21 INFO  : ----------------XSDB Script (After Launch)----------------
targets -set -nocase -filter {name =~ "ARM*#0" && jtag_cable_name =~ "Digilent Zed 210248565423"} -index 0
con
----------------End of Script----------------

15:18:21 INFO  : Launch script is exported to file 'D:\Git\cuhk-ceng3430\Project\ceng3430_proj_renderer3d\ceng3430_proj_renderer3d.sdk\.sdk\launch_scripts\xilinx_c-c++_application_(system_debugger)\system_debugger_using_debug_cube_renderer_main.elf_on_local.tcl'
15:19:49 INFO  : Disconnected from the channel tcfchan#11.
15:19:50 INFO  : 'targets -set -filter {jtag_cable_name =~ "Digilent Zed 210248565423" && level==0} -index 1' command is executed.
15:19:50 INFO  : 'fpga -state' command is executed.
15:19:50 INFO  : Connected to target on host '127.0.0.1' and port '3121'.
15:19:50 INFO  : Jtag cable 'Digilent Zed 210248565423' is selected.
15:19:50 INFO  : 'jtag frequency' command is executed.
15:19:50 INFO  : Sourcing of 'D:/Git/cuhk-ceng3430/Project/ceng3430_proj_renderer3d/ceng3430_proj_renderer3d.sdk/cube_renderering_system_wrapper_hw_platform_0/ps7_init.tcl' is done.
15:19:50 INFO  : Context for 'APU' is selected.
15:19:54 INFO  : Hardware design information is loaded from 'D:/Git/cuhk-ceng3430/Project/ceng3430_proj_renderer3d/ceng3430_proj_renderer3d.sdk/cube_renderering_system_wrapper_hw_platform_0/system.hdf'.
15:19:54 INFO  : Context for 'APU' is selected.
15:19:54 INFO  : 'stop' command is executed.
15:19:55 INFO  : 'ps7_init' command is executed.
15:19:55 INFO  : 'ps7_post_config' command is executed.
15:19:55 INFO  : Context for processor 'ps7_cortexa9_0' is selected.
15:19:55 INFO  : Processor reset is completed for 'ps7_cortexa9_0'.
15:19:55 INFO  : Context for processor 'ps7_cortexa9_0' is selected.
15:19:56 INFO  : The application 'D:/Git/cuhk-ceng3430/Project/ceng3430_proj_renderer3d/ceng3430_proj_renderer3d.sdk/cube_renderer_main/Debug/cube_renderer_main.elf' is downloaded to processor 'ps7_cortexa9_0'.
15:19:56 INFO  : ----------------XSDB Script----------------
connect -url tcp:127.0.0.1:3121
source D:/Git/cuhk-ceng3430/Project/ceng3430_proj_renderer3d/ceng3430_proj_renderer3d.sdk/cube_renderering_system_wrapper_hw_platform_0/ps7_init.tcl
targets -set -nocase -filter {name =~"APU*" && jtag_cable_name =~ "Digilent Zed 210248565423"} -index 0
loadhw D:/Git/cuhk-ceng3430/Project/ceng3430_proj_renderer3d/ceng3430_proj_renderer3d.sdk/cube_renderering_system_wrapper_hw_platform_0/system.hdf
targets -set -nocase -filter {name =~"APU*" && jtag_cable_name =~ "Digilent Zed 210248565423"} -index 0
stop
ps7_init
ps7_post_config
targets -set -nocase -filter {name =~ "ARM*#0" && jtag_cable_name =~ "Digilent Zed 210248565423"} -index 0
rst -processor
targets -set -nocase -filter {name =~ "ARM*#0" && jtag_cable_name =~ "Digilent Zed 210248565423"} -index 0
dow D:/Git/cuhk-ceng3430/Project/ceng3430_proj_renderer3d/ceng3430_proj_renderer3d.sdk/cube_renderer_main/Debug/cube_renderer_main.elf
----------------End of Script----------------

15:19:56 INFO  : Memory regions updated for context APU
15:19:56 INFO  : Context for processor 'ps7_cortexa9_0' is selected.
15:19:56 INFO  : 'con' command is executed.
15:19:56 INFO  : ----------------XSDB Script (After Launch)----------------
targets -set -nocase -filter {name =~ "ARM*#0" && jtag_cable_name =~ "Digilent Zed 210248565423"} -index 0
con
----------------End of Script----------------

15:19:56 INFO  : Launch script is exported to file 'D:\Git\cuhk-ceng3430\Project\ceng3430_proj_renderer3d\ceng3430_proj_renderer3d.sdk\.sdk\launch_scripts\xilinx_c-c++_application_(system_debugger)\system_debugger_using_debug_cube_renderer_main.elf_on_local.tcl'
15:21:40 INFO  : Disconnected from the channel tcfchan#12.
15:22:15 INFO  : Connected to target on host '127.0.0.1' and port '3121'.
15:22:15 INFO  : 'targets -set -filter {jtag_cable_name =~ "Digilent Zed 210248565423" && level==0} -index 1' command is executed.
15:22:17 INFO  : FPGA configured successfully with bitstream "D:/Git/cuhk-ceng3430/Project/ceng3430_proj_renderer3d/ceng3430_proj_renderer3d.sdk/cube_renderering_system_wrapper_hw_platform_0/cube_renderering_system_wrapper.bit"
15:22:33 INFO  : 'targets -set -filter {jtag_cable_name =~ "Digilent Zed 210248565423" && level==0} -index 1' command is executed.
15:22:33 INFO  : 'fpga -state' command is executed.
15:22:33 INFO  : Connected to target on host '127.0.0.1' and port '3121'.
15:22:33 INFO  : Jtag cable 'Digilent Zed 210248565423' is selected.
15:22:33 INFO  : 'jtag frequency' command is executed.
15:22:33 INFO  : Sourcing of 'D:/Git/cuhk-ceng3430/Project/ceng3430_proj_renderer3d/ceng3430_proj_renderer3d.sdk/cube_renderering_system_wrapper_hw_platform_0/ps7_init.tcl' is done.
15:22:33 INFO  : Context for 'APU' is selected.
15:22:33 INFO  : Hardware design information is loaded from 'D:/Git/cuhk-ceng3430/Project/ceng3430_proj_renderer3d/ceng3430_proj_renderer3d.sdk/cube_renderering_system_wrapper_hw_platform_0/system.hdf'.
15:22:33 INFO  : Context for 'APU' is selected.
15:22:33 INFO  : 'stop' command is executed.
15:22:34 INFO  : 'ps7_init' command is executed.
15:22:34 INFO  : 'ps7_post_config' command is executed.
15:22:34 INFO  : Context for processor 'ps7_cortexa9_0' is selected.
15:22:34 INFO  : Processor reset is completed for 'ps7_cortexa9_0'.
15:22:34 INFO  : Context for processor 'ps7_cortexa9_0' is selected.
15:22:34 INFO  : The application 'D:/Git/cuhk-ceng3430/Project/ceng3430_proj_renderer3d/ceng3430_proj_renderer3d.sdk/cube_renderer_main/Debug/cube_renderer_main.elf' is downloaded to processor 'ps7_cortexa9_0'.
15:22:34 INFO  : ----------------XSDB Script----------------
connect -url tcp:127.0.0.1:3121
source D:/Git/cuhk-ceng3430/Project/ceng3430_proj_renderer3d/ceng3430_proj_renderer3d.sdk/cube_renderering_system_wrapper_hw_platform_0/ps7_init.tcl
targets -set -nocase -filter {name =~"APU*" && jtag_cable_name =~ "Digilent Zed 210248565423"} -index 0
loadhw D:/Git/cuhk-ceng3430/Project/ceng3430_proj_renderer3d/ceng3430_proj_renderer3d.sdk/cube_renderering_system_wrapper_hw_platform_0/system.hdf
targets -set -nocase -filter {name =~"APU*" && jtag_cable_name =~ "Digilent Zed 210248565423"} -index 0
stop
ps7_init
ps7_post_config
targets -set -nocase -filter {name =~ "ARM*#0" && jtag_cable_name =~ "Digilent Zed 210248565423"} -index 0
rst -processor
targets -set -nocase -filter {name =~ "ARM*#0" && jtag_cable_name =~ "Digilent Zed 210248565423"} -index 0
dow D:/Git/cuhk-ceng3430/Project/ceng3430_proj_renderer3d/ceng3430_proj_renderer3d.sdk/cube_renderer_main/Debug/cube_renderer_main.elf
----------------End of Script----------------

15:22:34 INFO  : Memory regions updated for context APU
15:22:35 INFO  : Context for processor 'ps7_cortexa9_0' is selected.
15:22:35 INFO  : 'con' command is executed.
15:22:35 INFO  : ----------------XSDB Script (After Launch)----------------
targets -set -nocase -filter {name =~ "ARM*#0" && jtag_cable_name =~ "Digilent Zed 210248565423"} -index 0
con
----------------End of Script----------------

15:22:35 INFO  : Launch script is exported to file 'D:\Git\cuhk-ceng3430\Project\ceng3430_proj_renderer3d\ceng3430_proj_renderer3d.sdk\.sdk\launch_scripts\xilinx_c-c++_application_(system_debugger)\system_debugger_using_debug_cube_renderer_main.elf_on_local.tcl'
15:23:08 INFO  : Disconnected from the channel tcfchan#13.
15:23:09 INFO  : 'targets -set -filter {jtag_cable_name =~ "Digilent Zed 210248565423" && level==0} -index 1' command is executed.
15:23:09 INFO  : 'fpga -state' command is executed.
15:23:09 INFO  : Connected to target on host '127.0.0.1' and port '3121'.
15:23:09 INFO  : Jtag cable 'Digilent Zed 210248565423' is selected.
15:23:09 INFO  : 'jtag frequency' command is executed.
15:23:09 INFO  : Sourcing of 'D:/Git/cuhk-ceng3430/Project/ceng3430_proj_renderer3d/ceng3430_proj_renderer3d.sdk/cube_renderering_system_wrapper_hw_platform_0/ps7_init.tcl' is done.
15:23:09 INFO  : Context for 'APU' is selected.
15:23:13 INFO  : Hardware design information is loaded from 'D:/Git/cuhk-ceng3430/Project/ceng3430_proj_renderer3d/ceng3430_proj_renderer3d.sdk/cube_renderering_system_wrapper_hw_platform_0/system.hdf'.
15:23:13 INFO  : Context for 'APU' is selected.
15:23:13 INFO  : 'stop' command is executed.
15:23:14 INFO  : 'ps7_init' command is executed.
15:23:14 INFO  : 'ps7_post_config' command is executed.
15:23:14 INFO  : Context for processor 'ps7_cortexa9_0' is selected.
15:23:14 INFO  : Processor reset is completed for 'ps7_cortexa9_0'.
15:23:14 INFO  : Context for processor 'ps7_cortexa9_0' is selected.
15:23:15 INFO  : The application 'D:/Git/cuhk-ceng3430/Project/ceng3430_proj_renderer3d/ceng3430_proj_renderer3d.sdk/cube_renderer_main/Debug/cube_renderer_main.elf' is downloaded to processor 'ps7_cortexa9_0'.
15:23:15 INFO  : ----------------XSDB Script----------------
connect -url tcp:127.0.0.1:3121
source D:/Git/cuhk-ceng3430/Project/ceng3430_proj_renderer3d/ceng3430_proj_renderer3d.sdk/cube_renderering_system_wrapper_hw_platform_0/ps7_init.tcl
targets -set -nocase -filter {name =~"APU*" && jtag_cable_name =~ "Digilent Zed 210248565423"} -index 0
loadhw D:/Git/cuhk-ceng3430/Project/ceng3430_proj_renderer3d/ceng3430_proj_renderer3d.sdk/cube_renderering_system_wrapper_hw_platform_0/system.hdf
targets -set -nocase -filter {name =~"APU*" && jtag_cable_name =~ "Digilent Zed 210248565423"} -index 0
stop
ps7_init
ps7_post_config
targets -set -nocase -filter {name =~ "ARM*#0" && jtag_cable_name =~ "Digilent Zed 210248565423"} -index 0
rst -processor
targets -set -nocase -filter {name =~ "ARM*#0" && jtag_cable_name =~ "Digilent Zed 210248565423"} -index 0
dow D:/Git/cuhk-ceng3430/Project/ceng3430_proj_renderer3d/ceng3430_proj_renderer3d.sdk/cube_renderer_main/Debug/cube_renderer_main.elf
----------------End of Script----------------

15:23:15 INFO  : Memory regions updated for context APU
15:23:15 INFO  : Context for processor 'ps7_cortexa9_0' is selected.
15:23:15 INFO  : 'con' command is executed.
15:23:15 INFO  : ----------------XSDB Script (After Launch)----------------
targets -set -nocase -filter {name =~ "ARM*#0" && jtag_cable_name =~ "Digilent Zed 210248565423"} -index 0
con
----------------End of Script----------------

15:23:15 INFO  : Launch script is exported to file 'D:\Git\cuhk-ceng3430\Project\ceng3430_proj_renderer3d\ceng3430_proj_renderer3d.sdk\.sdk\launch_scripts\xilinx_c-c++_application_(system_debugger)\system_debugger_using_debug_cube_renderer_main.elf_on_local.tcl'
15:31:09 INFO  : Disconnected from the channel tcfchan#14.
15:31:10 INFO  : 'targets -set -filter {jtag_cable_name =~ "Digilent Zed 210248565423" && level==0} -index 1' command is executed.
15:31:10 INFO  : 'fpga -state' command is executed.
15:31:10 INFO  : Connected to target on host '127.0.0.1' and port '3121'.
15:31:10 INFO  : Jtag cable 'Digilent Zed 210248565423' is selected.
15:31:10 INFO  : 'jtag frequency' command is executed.
15:31:10 INFO  : Sourcing of 'D:/Git/cuhk-ceng3430/Project/ceng3430_proj_renderer3d/ceng3430_proj_renderer3d.sdk/cube_renderering_system_wrapper_hw_platform_0/ps7_init.tcl' is done.
15:31:10 INFO  : Context for 'APU' is selected.
15:31:15 INFO  : Hardware design information is loaded from 'D:/Git/cuhk-ceng3430/Project/ceng3430_proj_renderer3d/ceng3430_proj_renderer3d.sdk/cube_renderering_system_wrapper_hw_platform_0/system.hdf'.
15:31:15 INFO  : Context for 'APU' is selected.
15:31:15 INFO  : 'stop' command is executed.
15:31:16 INFO  : 'ps7_init' command is executed.
15:31:16 INFO  : 'ps7_post_config' command is executed.
15:31:16 INFO  : Context for processor 'ps7_cortexa9_0' is selected.
15:31:16 INFO  : Processor reset is completed for 'ps7_cortexa9_0'.
15:31:16 INFO  : Context for processor 'ps7_cortexa9_0' is selected.
15:31:16 INFO  : The application 'D:/Git/cuhk-ceng3430/Project/ceng3430_proj_renderer3d/ceng3430_proj_renderer3d.sdk/cube_renderer_main/Debug/cube_renderer_main.elf' is downloaded to processor 'ps7_cortexa9_0'.
15:31:16 INFO  : ----------------XSDB Script----------------
connect -url tcp:127.0.0.1:3121
source D:/Git/cuhk-ceng3430/Project/ceng3430_proj_renderer3d/ceng3430_proj_renderer3d.sdk/cube_renderering_system_wrapper_hw_platform_0/ps7_init.tcl
targets -set -nocase -filter {name =~"APU*" && jtag_cable_name =~ "Digilent Zed 210248565423"} -index 0
loadhw D:/Git/cuhk-ceng3430/Project/ceng3430_proj_renderer3d/ceng3430_proj_renderer3d.sdk/cube_renderering_system_wrapper_hw_platform_0/system.hdf
targets -set -nocase -filter {name =~"APU*" && jtag_cable_name =~ "Digilent Zed 210248565423"} -index 0
stop
ps7_init
ps7_post_config
targets -set -nocase -filter {name =~ "ARM*#0" && jtag_cable_name =~ "Digilent Zed 210248565423"} -index 0
rst -processor
targets -set -nocase -filter {name =~ "ARM*#0" && jtag_cable_name =~ "Digilent Zed 210248565423"} -index 0
dow D:/Git/cuhk-ceng3430/Project/ceng3430_proj_renderer3d/ceng3430_proj_renderer3d.sdk/cube_renderer_main/Debug/cube_renderer_main.elf
----------------End of Script----------------

15:31:16 INFO  : Memory regions updated for context APU
15:31:16 INFO  : Context for processor 'ps7_cortexa9_0' is selected.
15:31:17 INFO  : 'con' command is executed.
15:31:17 INFO  : ----------------XSDB Script (After Launch)----------------
targets -set -nocase -filter {name =~ "ARM*#0" && jtag_cable_name =~ "Digilent Zed 210248565423"} -index 0
con
----------------End of Script----------------

15:31:17 INFO  : Launch script is exported to file 'D:\Git\cuhk-ceng3430\Project\ceng3430_proj_renderer3d\ceng3430_proj_renderer3d.sdk\.sdk\launch_scripts\xilinx_c-c++_application_(system_debugger)\system_debugger_using_debug_cube_renderer_main.elf_on_local.tcl'
15:32:06 INFO  : Disconnected from the channel tcfchan#15.
15:32:07 INFO  : 'targets -set -filter {jtag_cable_name =~ "Digilent Zed 210248565423" && level==0} -index 1' command is executed.
15:32:07 INFO  : 'fpga -state' command is executed.
15:32:07 INFO  : Connected to target on host '127.0.0.1' and port '3121'.
15:32:08 INFO  : Jtag cable 'Digilent Zed 210248565423' is selected.
15:32:08 INFO  : 'jtag frequency' command is executed.
15:32:08 INFO  : Sourcing of 'D:/Git/cuhk-ceng3430/Project/ceng3430_proj_renderer3d/ceng3430_proj_renderer3d.sdk/cube_renderering_system_wrapper_hw_platform_0/ps7_init.tcl' is done.
15:32:08 INFO  : Context for 'APU' is selected.
15:32:11 INFO  : Hardware design information is loaded from 'D:/Git/cuhk-ceng3430/Project/ceng3430_proj_renderer3d/ceng3430_proj_renderer3d.sdk/cube_renderering_system_wrapper_hw_platform_0/system.hdf'.
15:32:11 INFO  : Context for 'APU' is selected.
15:32:11 INFO  : 'stop' command is executed.
15:32:12 INFO  : 'ps7_init' command is executed.
15:32:12 INFO  : 'ps7_post_config' command is executed.
15:32:12 INFO  : Context for processor 'ps7_cortexa9_0' is selected.
15:32:12 INFO  : Processor reset is completed for 'ps7_cortexa9_0'.
15:32:12 INFO  : Context for processor 'ps7_cortexa9_0' is selected.
15:32:13 INFO  : The application 'D:/Git/cuhk-ceng3430/Project/ceng3430_proj_renderer3d/ceng3430_proj_renderer3d.sdk/cube_renderer_main/Debug/cube_renderer_main.elf' is downloaded to processor 'ps7_cortexa9_0'.
15:32:13 INFO  : ----------------XSDB Script----------------
connect -url tcp:127.0.0.1:3121
source D:/Git/cuhk-ceng3430/Project/ceng3430_proj_renderer3d/ceng3430_proj_renderer3d.sdk/cube_renderering_system_wrapper_hw_platform_0/ps7_init.tcl
targets -set -nocase -filter {name =~"APU*" && jtag_cable_name =~ "Digilent Zed 210248565423"} -index 0
loadhw D:/Git/cuhk-ceng3430/Project/ceng3430_proj_renderer3d/ceng3430_proj_renderer3d.sdk/cube_renderering_system_wrapper_hw_platform_0/system.hdf
targets -set -nocase -filter {name =~"APU*" && jtag_cable_name =~ "Digilent Zed 210248565423"} -index 0
stop
ps7_init
ps7_post_config
targets -set -nocase -filter {name =~ "ARM*#0" && jtag_cable_name =~ "Digilent Zed 210248565423"} -index 0
rst -processor
targets -set -nocase -filter {name =~ "ARM*#0" && jtag_cable_name =~ "Digilent Zed 210248565423"} -index 0
dow D:/Git/cuhk-ceng3430/Project/ceng3430_proj_renderer3d/ceng3430_proj_renderer3d.sdk/cube_renderer_main/Debug/cube_renderer_main.elf
----------------End of Script----------------

15:32:13 INFO  : Memory regions updated for context APU
15:32:13 INFO  : Context for processor 'ps7_cortexa9_0' is selected.
15:32:13 INFO  : 'con' command is executed.
15:32:13 INFO  : ----------------XSDB Script (After Launch)----------------
targets -set -nocase -filter {name =~ "ARM*#0" && jtag_cable_name =~ "Digilent Zed 210248565423"} -index 0
con
----------------End of Script----------------

15:32:13 INFO  : Launch script is exported to file 'D:\Git\cuhk-ceng3430\Project\ceng3430_proj_renderer3d\ceng3430_proj_renderer3d.sdk\.sdk\launch_scripts\xilinx_c-c++_application_(system_debugger)\system_debugger_using_debug_cube_renderer_main.elf_on_local.tcl'
15:33:36 INFO  : Disconnected from the channel tcfchan#16.
15:33:52 INFO  : 'targets -set -filter {jtag_cable_name =~ "Digilent Zed 210248565423" && level==0} -index 1' command is executed.
15:33:52 INFO  : 'fpga -state' command is executed.
15:33:52 INFO  : Connected to target on host '127.0.0.1' and port '3121'.
15:33:52 INFO  : Jtag cable 'Digilent Zed 210248565423' is selected.
15:33:52 INFO  : 'jtag frequency' command is executed.
15:33:52 INFO  : Sourcing of 'D:/Git/cuhk-ceng3430/Project/ceng3430_proj_renderer3d/ceng3430_proj_renderer3d.sdk/cube_renderering_system_wrapper_hw_platform_0/ps7_init.tcl' is done.
15:33:52 INFO  : Context for 'APU' is selected.
15:33:56 INFO  : Hardware design information is loaded from 'D:/Git/cuhk-ceng3430/Project/ceng3430_proj_renderer3d/ceng3430_proj_renderer3d.sdk/cube_renderering_system_wrapper_hw_platform_0/system.hdf'.
15:33:56 INFO  : Context for 'APU' is selected.
15:33:56 INFO  : 'stop' command is executed.
15:33:57 INFO  : 'ps7_init' command is executed.
15:33:57 INFO  : 'ps7_post_config' command is executed.
15:33:58 INFO  : Context for processor 'ps7_cortexa9_0' is selected.
15:33:58 INFO  : Processor reset is completed for 'ps7_cortexa9_0'.
15:33:58 INFO  : Context for processor 'ps7_cortexa9_0' is selected.
15:33:58 INFO  : The application 'D:/Git/cuhk-ceng3430/Project/ceng3430_proj_renderer3d/ceng3430_proj_renderer3d.sdk/cube_renderer_main/Debug/cube_renderer_main.elf' is downloaded to processor 'ps7_cortexa9_0'.
15:33:58 INFO  : ----------------XSDB Script----------------
connect -url tcp:127.0.0.1:3121
source D:/Git/cuhk-ceng3430/Project/ceng3430_proj_renderer3d/ceng3430_proj_renderer3d.sdk/cube_renderering_system_wrapper_hw_platform_0/ps7_init.tcl
targets -set -nocase -filter {name =~"APU*" && jtag_cable_name =~ "Digilent Zed 210248565423"} -index 0
loadhw D:/Git/cuhk-ceng3430/Project/ceng3430_proj_renderer3d/ceng3430_proj_renderer3d.sdk/cube_renderering_system_wrapper_hw_platform_0/system.hdf
targets -set -nocase -filter {name =~"APU*" && jtag_cable_name =~ "Digilent Zed 210248565423"} -index 0
stop
ps7_init
ps7_post_config
targets -set -nocase -filter {name =~ "ARM*#0" && jtag_cable_name =~ "Digilent Zed 210248565423"} -index 0
rst -processor
targets -set -nocase -filter {name =~ "ARM*#0" && jtag_cable_name =~ "Digilent Zed 210248565423"} -index 0
dow D:/Git/cuhk-ceng3430/Project/ceng3430_proj_renderer3d/ceng3430_proj_renderer3d.sdk/cube_renderer_main/Debug/cube_renderer_main.elf
----------------End of Script----------------

15:33:58 INFO  : Memory regions updated for context APU
15:33:58 INFO  : Context for processor 'ps7_cortexa9_0' is selected.
15:33:58 INFO  : 'con' command is executed.
15:33:58 INFO  : ----------------XSDB Script (After Launch)----------------
targets -set -nocase -filter {name =~ "ARM*#0" && jtag_cable_name =~ "Digilent Zed 210248565423"} -index 0
con
----------------End of Script----------------

15:33:58 INFO  : Launch script is exported to file 'D:\Git\cuhk-ceng3430\Project\ceng3430_proj_renderer3d\ceng3430_proj_renderer3d.sdk\.sdk\launch_scripts\xilinx_c-c++_application_(system_debugger)\system_debugger_using_debug_cube_renderer_main.elf_on_local.tcl'
15:34:22 INFO  : Disconnected from the channel tcfchan#17.
15:34:23 INFO  : Processor reset is completed for ps7_cortexa9_0
15:35:29 INFO  : ps7_cortexa9_0 Processor is in use. Please stop existing Run or Debug sessions before launching.
15:36:32 ERROR : Unexpected error while launching program.
java.lang.NullPointerException
	at com.xilinx.sdk.targetmanager.internal.TM.terminateCurrentLaunch(TM.java:819)
	at com.xilinx.sdk.debug.core.XilinxAppLaunchConfigurationDelegate.runApplication(XilinxAppLaunchConfigurationDelegate.java:596)
	at com.xilinx.sdk.debug.core.XilinxAppLaunchConfigurationDelegate.launch(XilinxAppLaunchConfigurationDelegate.java:309)
	at com.xilinx.sdk.debug.ui.XilinxAppLaunchDelegateWrapper.launch(XilinxAppLaunchDelegateWrapper.java:31)
	at org.eclipse.debug.internal.core.LaunchConfiguration.launch(LaunchConfiguration.java:885)
	at org.eclipse.debug.internal.core.LaunchConfiguration.launch(LaunchConfiguration.java:739)
	at org.eclipse.debug.internal.ui.DebugUIPlugin.buildAndLaunch(DebugUIPlugin.java:1039)
	at org.eclipse.debug.internal.ui.DebugUIPlugin$8.run(DebugUIPlugin.java:1256)
	at org.eclipse.core.internal.jobs.Worker.run(Worker.java:55)
15:37:13 ERROR : Unexpected error while parsing XMD response ?: com.google.gson.JsonSyntaxException: com.google.gson.stream.MalformedJsonException: invalid number or unquoted string near 
15:37:59 INFO  : Registering command handlers for SDK TCF services
15:38:00 INFO  : Launching XSCT server: xsct.bat -interactive D:\Git\cuhk-ceng3430\Project\ceng3430_proj_renderer3d\ceng3430_proj_renderer3d.sdk\temp_xsdb_launch_script.tcl
15:38:06 INFO  : XSCT server has started successfully.
15:38:09 INFO  : Successfully done setting XSCT server connection channel  
15:38:09 INFO  : Successfully done setting SDK workspace  
15:38:09 INFO  : Restoring local repository preferences: 
		 D:\Git\cuhk-ceng3430\Project
15:38:09 ERROR : (XSDB Server)ERROR: [Hsi 55-1580] This mem_init_files is not valid driver as it doesn't contain data folder

15:38:09 ERROR : Internal error. Unable to add D:\Git\cuhk-ceng3430\Project as a repository.
15:38:09 INFO  : Processing command line option -hwspec D:/Git/cuhk-ceng3430/Project/ceng3430_proj_renderer3d/ceng3430_proj_renderer3d.sdk/cube_renderering_system_wrapper.hdf.
15:38:10 INFO  : Checking for hwspec changes in the project cube_renderering_system_wrapper_hw_platform_0.
15:38:14 INFO  : Connected to target on host '127.0.0.1' and port '3121'.
15:38:14 INFO  : 'targets -set -filter {jtag_cable_name =~ "Digilent Zed 210248565423" && level==0} -index 1' command is executed.
15:38:17 INFO  : FPGA configured successfully with bitstream "D:/Git/cuhk-ceng3430/Project/ceng3430_proj_renderer3d/ceng3430_proj_renderer3d.sdk/cube_renderering_system_wrapper_hw_platform_0/cube_renderering_system_wrapper.bit"
15:38:35 INFO  : ps7_init is completed.
15:38:35 INFO  : ps7_post_config is completed.
15:38:35 INFO  : Processor reset is completed for ps7_cortexa9_0
15:39:01 INFO  : Connected to target on host '127.0.0.1' and port '3121'.
15:39:01 INFO  : 'targets -set -filter {jtag_cable_name =~ "Digilent Zed 210248565423" && level==0} -index 1' command is executed.
15:39:03 INFO  : FPGA configured successfully with bitstream "D:/Git/cuhk-ceng3430/Project/ceng3430_proj_renderer3d/ceng3430_proj_renderer3d.sdk/cube_renderering_system_wrapper_hw_platform_0/cube_renderering_system_wrapper.bit"
15:39:18 INFO  : Connected to target on host '127.0.0.1' and port '3121'.
15:39:18 INFO  : 'targets -set -filter {jtag_cable_name =~ "Digilent Zed 210248565423" && level==0} -index 1' command is executed.
15:39:21 INFO  : FPGA configured successfully with bitstream "D:/Git/cuhk-ceng3430/Project/ceng3430_proj_renderer3d/ceng3430_proj_renderer3d.sdk/cube_renderering_system_wrapper_hw_platform_0/cube_renderering_system_wrapper.bit"
15:39:26 INFO  : Connected to target on host '127.0.0.1' and port '3121'.
15:39:26 INFO  : 'targets -set -filter {jtag_cable_name =~ "Digilent Zed 210248565423" && level==0} -index 1' command is executed.
15:39:29 INFO  : FPGA configured successfully with bitstream "D:/Git/cuhk-ceng3430/Project/ceng3430_proj_renderer3d/ceng3430_proj_renderer3d.sdk/cube_renderering_system_wrapper_hw_platform_0/cube_renderering_system_wrapper.bit"
15:39:43 INFO  : ps7_cortexa9_0 Processor is in use. Please stop existing Run or Debug sessions before launching.
15:39:55 INFO  : Processor reset is completed for ps7_cortexa9_0
15:39:58 ERROR : Unexpected error while launching program.
java.lang.RuntimeException: Failed to download ELF file


    Could not stop the processor after reset


	at com.xilinx.sdk.targetmanager.internal.TM.downloadELF(TM.java:686)
	at com.xilinx.sdk.debug.core.internal.AppRunner.run(AppRunner.java:129)
	at com.xilinx.sdk.debug.core.XilinxAppLaunchConfigurationDelegate.runApplication(XilinxAppLaunchConfigurationDelegate.java:637)
	at com.xilinx.sdk.debug.core.XilinxAppLaunchConfigurationDelegate.launch(XilinxAppLaunchConfigurationDelegate.java:309)
	at com.xilinx.sdk.debug.ui.XilinxAppLaunchDelegateWrapper.launch(XilinxAppLaunchDelegateWrapper.java:31)
	at org.eclipse.debug.internal.core.LaunchConfiguration.launch(LaunchConfiguration.java:885)
	at org.eclipse.debug.internal.core.LaunchConfiguration.launch(LaunchConfiguration.java:739)
	at org.eclipse.debug.internal.ui.DebugUIPlugin.buildAndLaunch(DebugUIPlugin.java:1039)
	at org.eclipse.debug.internal.ui.DebugUIPlugin$8.run(DebugUIPlugin.java:1256)
	at org.eclipse.core.internal.jobs.Worker.run(Worker.java:55)
15:40:08 INFO  : Connected to target on host '127.0.0.1' and port '3121'.
15:40:08 INFO  : 'targets -set -filter {jtag_cable_name =~ "Digilent Zed 210248565423" && level==0} -index 1' command is executed.
15:40:10 INFO  : FPGA configured successfully with bitstream "D:/Git/cuhk-ceng3430/Project/ceng3430_proj_renderer3d/ceng3430_proj_renderer3d.sdk/cube_renderering_system_wrapper_hw_platform_0/cube_renderering_system_wrapper.bit"
15:40:32 ERROR : Unexpected error while parsing XMD response ?: com.google.gson.JsonSyntaxException: com.google.gson.stream.MalformedJsonException: invalid number or unquoted string near 
15:40:48 INFO  : Registering command handlers for SDK TCF services
15:40:48 INFO  : Launching XSCT server: xsct.bat -interactive D:\Git\cuhk-ceng3430\Project\ceng3430_proj_renderer3d\ceng3430_proj_renderer3d.sdk\temp_xsdb_launch_script.tcl
15:40:51 INFO  : XSCT server has started successfully.
15:40:51 INFO  : Successfully done setting XSCT server connection channel  
15:40:52 INFO  : Successfully done setting SDK workspace  
15:40:52 INFO  : Restoring local repository preferences: 
		 D:\Git\cuhk-ceng3430\Project
15:40:52 ERROR : (XSDB Server)ERROR: [Hsi 55-1580] This mem_init_files is not valid driver as it doesn't contain data folder

15:40:52 ERROR : Internal error. Unable to add D:\Git\cuhk-ceng3430\Project as a repository.
15:40:52 INFO  : Processing command line option -hwspec D:/Git/cuhk-ceng3430/Project/ceng3430_proj_renderer3d/ceng3430_proj_renderer3d.sdk/cube_renderering_system_wrapper.hdf.
15:40:52 INFO  : Checking for hwspec changes in the project cube_renderering_system_wrapper_hw_platform_0.
15:41:58 ERROR : Unexpected error while launching program.
java.lang.RuntimeException: Error in Resetting Target

    Could not stop the processor after reset


	at com.xilinx.sdk.targetmanager.internal.TM.doProcessorReset(TM.java:1011)
	at com.xilinx.sdk.debug.core.XilinxAppLaunchConfigurationDelegate.runTargetSetup(XilinxAppLaunchConfigurationDelegate.java:534)
	at com.xilinx.sdk.debug.core.XilinxAppLaunchConfigurationDelegate.runApplication(XilinxAppLaunchConfigurationDelegate.java:616)
	at com.xilinx.sdk.debug.core.XilinxAppLaunchConfigurationDelegate.launch(XilinxAppLaunchConfigurationDelegate.java:309)
	at com.xilinx.sdk.debug.ui.XilinxAppLaunchDelegateWrapper.launch(XilinxAppLaunchDelegateWrapper.java:31)
	at org.eclipse.debug.internal.core.LaunchConfiguration.launch(LaunchConfiguration.java:885)
	at org.eclipse.debug.internal.core.LaunchConfiguration.launch(LaunchConfiguration.java:739)
	at org.eclipse.debug.internal.ui.DebugUIPlugin.buildAndLaunch(DebugUIPlugin.java:1039)
	at org.eclipse.debug.internal.ui.DebugUIPlugin$8.run(DebugUIPlugin.java:1256)
	at org.eclipse.core.internal.jobs.Worker.run(Worker.java:55)
15:42:13 ERROR : Unexpected error while launching program.
java.lang.RuntimeException: Error in Resetting Target

    Could not stop the processor after reset


	at com.xilinx.sdk.targetmanager.internal.TM.doProcessorReset(TM.java:1011)
	at com.xilinx.sdk.debug.core.XilinxAppLaunchConfigurationDelegate.runTargetSetup(XilinxAppLaunchConfigurationDelegate.java:534)
	at com.xilinx.sdk.debug.core.XilinxAppLaunchConfigurationDelegate.runApplication(XilinxAppLaunchConfigurationDelegate.java:616)
	at com.xilinx.sdk.debug.core.XilinxAppLaunchConfigurationDelegate.launch(XilinxAppLaunchConfigurationDelegate.java:309)
	at com.xilinx.sdk.debug.ui.XilinxAppLaunchDelegateWrapper.launch(XilinxAppLaunchDelegateWrapper.java:31)
	at org.eclipse.debug.internal.core.LaunchConfiguration.launch(LaunchConfiguration.java:885)
	at org.eclipse.debug.internal.core.LaunchConfiguration.launch(LaunchConfiguration.java:739)
	at org.eclipse.debug.internal.ui.DebugUIPlugin.buildAndLaunch(DebugUIPlugin.java:1039)
	at org.eclipse.debug.internal.ui.DebugUIPlugin$8.run(DebugUIPlugin.java:1256)
	at org.eclipse.core.internal.jobs.Worker.run(Worker.java:55)
15:42:32 INFO  : Connected to target on host '127.0.0.1' and port '3121'.
15:42:32 INFO  : 'targets -set -filter {jtag_cable_name =~ "Digilent Zed 210248565423" && level==0} -index 1' command is executed.
15:42:34 INFO  : FPGA configured successfully with bitstream "D:/Git/cuhk-ceng3430/Project/ceng3430_proj_renderer3d/ceng3430_proj_renderer3d.sdk/cube_renderering_system_wrapper_hw_platform_0/cube_renderering_system_wrapper.bit"
15:42:43 ERROR : Unexpected error while launching program.
java.lang.RuntimeException: Error in Resetting Target

    Could not stop the processor after reset


	at com.xilinx.sdk.targetmanager.internal.TM.doProcessorReset(TM.java:1011)
	at com.xilinx.sdk.debug.core.XilinxAppLaunchConfigurationDelegate.runTargetSetup(XilinxAppLaunchConfigurationDelegate.java:534)
	at com.xilinx.sdk.debug.core.XilinxAppLaunchConfigurationDelegate.runApplication(XilinxAppLaunchConfigurationDelegate.java:616)
	at com.xilinx.sdk.debug.core.XilinxAppLaunchConfigurationDelegate.launch(XilinxAppLaunchConfigurationDelegate.java:309)
	at com.xilinx.sdk.debug.ui.XilinxAppLaunchDelegateWrapper.launch(XilinxAppLaunchDelegateWrapper.java:31)
	at org.eclipse.debug.internal.core.LaunchConfiguration.launch(LaunchConfiguration.java:885)
	at org.eclipse.debug.internal.core.LaunchConfiguration.launch(LaunchConfiguration.java:739)
	at org.eclipse.debug.internal.ui.DebugUIPlugin.buildAndLaunch(DebugUIPlugin.java:1039)
	at org.eclipse.debug.internal.ui.DebugUIPlugin$8.run(DebugUIPlugin.java:1256)
	at org.eclipse.core.internal.jobs.Worker.run(Worker.java:55)
15:43:08 ERROR : Unexpected error while launching program.
java.lang.RuntimeException: Error in Resetting Target

    Could not stop the processor after reset


	at com.xilinx.sdk.targetmanager.internal.TM.doProcessorReset(TM.java:1011)
	at com.xilinx.sdk.debug.core.XilinxAppLaunchConfigurationDelegate.runTargetSetup(XilinxAppLaunchConfigurationDelegate.java:534)
	at com.xilinx.sdk.debug.core.XilinxAppLaunchConfigurationDelegate.runApplication(XilinxAppLaunchConfigurationDelegate.java:616)
	at com.xilinx.sdk.debug.core.XilinxAppLaunchConfigurationDelegate.launch(XilinxAppLaunchConfigurationDelegate.java:309)
	at com.xilinx.sdk.debug.ui.XilinxAppLaunchDelegateWrapper.launch(XilinxAppLaunchDelegateWrapper.java:31)
	at org.eclipse.debug.internal.core.LaunchConfiguration.launch(LaunchConfiguration.java:885)
	at org.eclipse.debug.internal.core.LaunchConfiguration.launch(LaunchConfiguration.java:739)
	at org.eclipse.debug.internal.ui.DebugUIPlugin.buildAndLaunch(DebugUIPlugin.java:1039)
	at org.eclipse.debug.internal.ui.DebugUIPlugin$8.run(DebugUIPlugin.java:1256)
	at org.eclipse.core.internal.jobs.Worker.run(Worker.java:55)
15:45:23 ERROR : Unexpected error while launching program.
java.lang.RuntimeException: Error in Resetting Target

    Could not stop the processor after reset


	at com.xilinx.sdk.targetmanager.internal.TM.doProcessorReset(TM.java:1011)
	at com.xilinx.sdk.debug.core.XilinxAppLaunchConfigurationDelegate.runTargetSetup(XilinxAppLaunchConfigurationDelegate.java:534)
	at com.xilinx.sdk.debug.core.XilinxAppLaunchConfigurationDelegate.runApplication(XilinxAppLaunchConfigurationDelegate.java:616)
	at com.xilinx.sdk.debug.core.XilinxAppLaunchConfigurationDelegate.launch(XilinxAppLaunchConfigurationDelegate.java:309)
	at com.xilinx.sdk.debug.ui.XilinxAppLaunchDelegateWrapper.launch(XilinxAppLaunchDelegateWrapper.java:31)
	at org.eclipse.debug.internal.core.LaunchConfiguration.launch(LaunchConfiguration.java:885)
	at org.eclipse.debug.internal.core.LaunchConfiguration.launch(LaunchConfiguration.java:739)
	at org.eclipse.debug.internal.ui.DebugUIPlugin.buildAndLaunch(DebugUIPlugin.java:1039)
	at org.eclipse.debug.internal.ui.DebugUIPlugin$8.run(DebugUIPlugin.java:1256)
	at org.eclipse.core.internal.jobs.Worker.run(Worker.java:55)
15:51:06 ERROR : Unexpected error while launching program.
java.lang.RuntimeException: Error in Resetting Target

    Could not stop the processor after reset


	at com.xilinx.sdk.targetmanager.internal.TM.doProcessorReset(TM.java:1011)
	at com.xilinx.sdk.debug.core.XilinxAppLaunchConfigurationDelegate.runTargetSetup(XilinxAppLaunchConfigurationDelegate.java:534)
	at com.xilinx.sdk.debug.core.XilinxAppLaunchConfigurationDelegate.runApplication(XilinxAppLaunchConfigurationDelegate.java:616)
	at com.xilinx.sdk.debug.core.XilinxAppLaunchConfigurationDelegate.launch(XilinxAppLaunchConfigurationDelegate.java:309)
	at com.xilinx.sdk.debug.ui.XilinxAppLaunchDelegateWrapper.launch(XilinxAppLaunchDelegateWrapper.java:31)
	at org.eclipse.debug.internal.core.LaunchConfiguration.launch(LaunchConfiguration.java:885)
	at org.eclipse.debug.internal.core.LaunchConfiguration.launch(LaunchConfiguration.java:739)
	at org.eclipse.debug.internal.ui.DebugUIPlugin.buildAndLaunch(DebugUIPlugin.java:1039)
	at org.eclipse.debug.internal.ui.DebugUIPlugin$8.run(DebugUIPlugin.java:1256)
	at org.eclipse.core.internal.jobs.Worker.run(Worker.java:55)
15:51:27 INFO  : Connected to target on host '127.0.0.1' and port '3121'.
15:51:27 INFO  : 'targets -set -filter {jtag_cable_name =~ "Digilent Zed 210248565423" && level==0} -index 1' command is executed.
15:51:30 INFO  : FPGA configured successfully with bitstream "D:/Git/cuhk-ceng3430/Project/ceng3430_proj_renderer3d/ceng3430_proj_renderer3d.sdk/cube_renderering_system_wrapper_hw_platform_0/cube_renderering_system_wrapper.bit"
15:51:40 INFO  : ps7_init is completed.
15:51:40 INFO  : ps7_post_config is completed.
15:51:40 INFO  : Processor reset is completed for ps7_cortexa9_0
15:51:45 INFO  : ps7_cortexa9_0 Processor is in use. Please stop existing Run or Debug sessions before launching.
15:51:50 INFO  : Processor reset is completed for ps7_cortexa9_0
15:54:14 INFO  : ps7_cortexa9_0 Processor is in use. Please stop existing Run or Debug sessions before launching.
15:54:24 INFO  : ps7_cortexa9_0 Processor is in use. Please stop existing Run or Debug sessions before launching.
15:54:26 INFO  : Processor reset is completed for ps7_cortexa9_0
15:59:57 INFO  : Processor reset is completed for ps7_cortexa9_0
16:01:38 ERROR : Unexpected error while parsing XMD response ?: com.google.gson.JsonSyntaxException: com.google.gson.stream.MalformedJsonException: invalid number or unquoted string near 
16:02:24 INFO  : Registering command handlers for SDK TCF services
16:02:24 INFO  : Launching XSCT server: xsct.bat -interactive D:\Git\cuhk-ceng3430\Project\ceng3430_proj_renderer3d\ceng3430_proj_renderer3d.sdk\temp_xsdb_launch_script.tcl
16:02:27 INFO  : XSCT server has started successfully.
16:02:28 INFO  : Successfully done setting XSCT server connection channel  
16:02:28 INFO  : Successfully done setting SDK workspace  
16:02:28 INFO  : Restoring local repository preferences: 
		 D:\Git\cuhk-ceng3430\Project
16:02:28 ERROR : (XSDB Server)ERROR: [Hsi 55-1580] This mem_init_files is not valid driver as it doesn't contain data folder

16:02:28 ERROR : Internal error. Unable to add D:\Git\cuhk-ceng3430\Project as a repository.
16:02:28 INFO  : Processing command line option -hwspec D:/Git/cuhk-ceng3430/Project/ceng3430_proj_renderer3d/ceng3430_proj_renderer3d.sdk/cube_renderering_system_wrapper.hdf.
16:02:28 INFO  : Checking for hwspec changes in the project cube_renderering_system_wrapper_hw_platform_0.
16:02:51 INFO  : Processor reset is completed for ps7_cortexa9_0
16:03:23 INFO  : Connected to target on host '127.0.0.1' and port '3121'.
16:03:23 INFO  : 'targets -set -filter {jtag_cable_name =~ "Digilent Zed 210248565423" && level==0} -index 1' command is executed.
16:03:26 INFO  : FPGA configured successfully with bitstream "D:/Git/cuhk-ceng3430/Project/ceng3430_proj_renderer3d/ceng3430_proj_renderer3d.sdk/cube_renderering_system_wrapper_hw_platform_0/cube_renderering_system_wrapper.bit"
16:03:35 INFO  : ps7_init is completed.
16:03:35 INFO  : ps7_post_config is completed.
16:03:35 INFO  : Processor reset is completed for ps7_cortexa9_0
16:10:08 INFO  : Processor reset is completed for ps7_cortexa9_0
16:15:08 INFO  : Processor reset is completed for ps7_cortexa9_0
16:16:11 INFO  : Connected to target on host '127.0.0.1' and port '3121'.
16:16:11 INFO  : 'targets -set -filter {jtag_cable_name =~ "Digilent Zed 210248565423" && level==0} -index 1' command is executed.
16:16:14 INFO  : FPGA configured successfully with bitstream "D:/Git/cuhk-ceng3430/Project/ceng3430_proj_renderer3d/ceng3430_proj_renderer3d.sdk/cube_renderering_system_wrapper_hw_platform_0/cube_renderering_system_wrapper.bit"
16:18:37 INFO  : 'targets -set -filter {jtag_cable_name =~ "Digilent Zed 210248565423" && level==0} -index 1' command is executed.
16:18:37 INFO  : 'fpga -state' command is executed.
16:18:37 INFO  : Connected to target on host '127.0.0.1' and port '3121'.
16:18:37 INFO  : Jtag cable 'Digilent Zed 210248565423' is selected.
16:18:37 INFO  : 'jtag frequency' command is executed.
16:18:37 INFO  : Sourcing of 'D:/Git/cuhk-ceng3430/Project/ceng3430_proj_renderer3d/ceng3430_proj_renderer3d.sdk/cube_renderering_system_wrapper_hw_platform_0/ps7_init.tcl' is done.
16:18:37 INFO  : Context for 'APU' is selected.
16:18:37 INFO  : Hardware design information is loaded from 'D:/Git/cuhk-ceng3430/Project/ceng3430_proj_renderer3d/ceng3430_proj_renderer3d.sdk/cube_renderering_system_wrapper_hw_platform_0/system.hdf'.
16:18:37 INFO  : Context for 'APU' is selected.
16:18:38 INFO  : 'stop' command is executed.
16:18:41 INFO  : 'ps7_init' command is executed.
16:18:41 INFO  : 'ps7_post_config' command is executed.
16:18:41 INFO  : Context for processor 'ps7_cortexa9_0' is selected.
16:18:41 INFO  : Processor reset is completed for 'ps7_cortexa9_0'.
16:18:41 INFO  : Context for processor 'ps7_cortexa9_0' is selected.
16:18:44 ERROR : Memory write error at 0x100000. APB AP transaction error, DAP status f0000021
16:18:44 INFO  : ----------------XSDB Script----------------
connect -url tcp:127.0.0.1:3121
source D:/Git/cuhk-ceng3430/Project/ceng3430_proj_renderer3d/ceng3430_proj_renderer3d.sdk/cube_renderering_system_wrapper_hw_platform_0/ps7_init.tcl
targets -set -nocase -filter {name =~"APU*" && jtag_cable_name =~ "Digilent Zed 210248565423"} -index 0
loadhw D:/Git/cuhk-ceng3430/Project/ceng3430_proj_renderer3d/ceng3430_proj_renderer3d.sdk/cube_renderering_system_wrapper_hw_platform_0/system.hdf
targets -set -nocase -filter {name =~"APU*" && jtag_cable_name =~ "Digilent Zed 210248565423"} -index 0
stop
ps7_init
ps7_post_config
targets -set -nocase -filter {name =~ "ARM*#0" && jtag_cable_name =~ "Digilent Zed 210248565423"} -index 0
rst -processor
targets -set -nocase -filter {name =~ "ARM*#0" && jtag_cable_name =~ "Digilent Zed 210248565423"} -index 0
dow D:/Git/cuhk-ceng3430/Project/ceng3430_proj_renderer3d/ceng3430_proj_renderer3d.sdk/cube_renderer_v2/Debug/cube_renderer_v2.elf
----------------End of Script----------------

16:18:50 INFO  : Memory regions updated for context APU
